[ 2014-07-28T21:35:09+08:00 ] 127.0.0.1 /ff/
INFO: [ app_begin ] --START--
INFO: Run Behavior\ReadHtmlCache [ RunTime:0.009491s ]
INFO: [ app_begin ] --END-- [ RunTime:0.015021s ]

[ 2014-07-28T21:35:10+08:00 ] 127.0.0.1 /ff/Admin/
INFO: [ app_begin ] --START--
INFO: Run Behavior\ReadHtmlCache [ RunTime:0.003738s ]
INFO: [ app_begin ] --END-- [ RunTime:0.007464s ]
INFO: [ view_parse ] --START--
INFO: [ template_filter ] --START--
INFO: Run Behavior\ContentReplace [ RunTime:0.000346s ]
INFO: [ template_filter ] --END-- [ RunTime:0.001134s ]
INFO: Run Behavior\ParseTemplate [ RunTime:0.071220s ]
INFO: [ view_parse ] --END-- [ RunTime:0.072054s ]
INFO: [ view_filter ] --START--
INFO: Run Behavior\WriteHtmlCache [ RunTime:0.004519s ]
INFO: [ view_filter ] --END-- [ RunTime:0.005294s ]
INFO: [ app_end ] --START--
INFO: Run Behavior\ShowPageTrace [ RunTime:0.007309s ]
INFO: [ app_end ] --END-- [ RunTime:0.008405s ]

[ 2014-07-28T22:01:30+08:00 ] 127.0.0.1 /ff/
INFO: [ app_begin ] --START--
INFO: Run Behavior\ReadHtmlCache [ RunTime:0.007453s ]
INFO: [ app_begin ] --END-- [ RunTime:0.010955s ]

[ 2014-07-28T22:01:32+08:00 ] 127.0.0.1 /ff/Admin/
INFO: [ app_begin ] --START--
INFO: Run Behavior\ReadHtmlCache [ RunTime:0.009175s ]
INFO: [ app_begin ] --END-- [ RunTime:0.012423s ]
INFO: [ view_parse ] --START--
INFO: [ template_filter ] --START--
INFO: Run Behavior\ContentReplace [ RunTime:0.000343s ]
INFO: [ template_filter ] --END-- [ RunTime:0.001138s ]
INFO: Run Behavior\ParseTemplate [ RunTime:0.069701s ]
INFO: [ view_parse ] --END-- [ RunTime:0.070487s ]
INFO: [ view_filter ] --START--
INFO: Run Behavior\WriteHtmlCache [ RunTime:0.006832s ]
INFO: [ view_filter ] --END-- [ RunTime:0.007810s ]
INFO: [ app_end ] --START--
INFO: Run Behavior\ShowPageTrace [ RunTime:0.008282s ]
INFO: [ app_end ] --END-- [ RunTime:0.009031s ]

[ 2014-07-28T22:01:33+08:00 ] 127.0.0.1 /ff/Admin/Timu
INFO: [ app_begin ] --START--
INFO: Run Behavior\ReadHtmlCache [ RunTime:0.008741s ]
INFO: [ app_begin ] --END-- [ RunTime:0.013091s ]
ERR: 无法加载控制器:Timu

[ 2014-07-28T22:02:29+08:00 ] 127.0.0.1 /ff/Admin/Timu
INFO: [ app_begin ] --START--
INFO: Run Behavior\ReadHtmlCache [ RunTime:0.008373s ]
INFO: [ app_begin ] --END-- [ RunTime:0.011506s ]
ERR: 无法加载控制器:Timu

[ 2014-07-28T22:04:25+08:00 ] 127.0.0.1 /ff/Admin/Timu
INFO: [ app_begin ] --START--
INFO: Run Behavior\ReadHtmlCache [ RunTime:0.005363s ]
INFO: [ app_begin ] --END-- [ RunTime:0.008975s ]
ERR: 无法加载控制器:Timu

[ 2014-07-28T22:04:32+08:00 ] 127.0.0.1 /ff/Admin/Question
INFO: [ app_begin ] --START--
INFO: Run Behavior\ReadHtmlCache [ RunTime:0.009430s ]
INFO: [ app_begin ] --END-- [ RunTime:0.013152s ]

[ 2014-07-28T22:04:45+08:00 ] 127.0.0.1 /ff/Admin/Question
INFO: [ app_begin ] --START--
INFO: Run Behavior\ReadHtmlCache [ RunTime:0.008136s ]
INFO: [ app_begin ] --END-- [ RunTime:0.011611s ]

[ 2014-07-28T22:04:53+08:00 ] 127.0.0.1 /ff/Admin/Question
INFO: [ app_begin ] --START--
INFO: Run Behavior\ReadHtmlCache [ RunTime:0.008950s ]
INFO: [ app_begin ] --END-- [ RunTime:0.012622s ]
ERR: 无法加载控制器:Question

[ 2014-07-28T22:05:08+08:00 ] 127.0.0.1 /ff/Admin/Question
INFO: [ app_begin ] --START--
INFO: Run Behavior\ReadHtmlCache [ RunTime:0.005209s ]
INFO: [ app_begin ] --END-- [ RunTime:0.008114s ]
SQL: SHOW COLUMNS FROM `questions` [ RunTime:0.021223s ]
SQL: SELECT * FROM `questions` LIMIT 10   [ RunTime:0.001974s ]
INFO: [ app_end ] --START--
INFO: Run Behavior\ShowPageTrace [ RunTime:0.005637s ]
INFO: [ app_end ] --END-- [ RunTime:0.006650s ]

[ 2014-07-28T22:06:25+08:00 ] 127.0.0.1 /ff/Admin/Timu
INFO: [ app_begin ] --START--
INFO: Run Behavior\ReadHtmlCache [ RunTime:0.007784s ]
INFO: [ app_begin ] --END-- [ RunTime:0.010939s ]
ERR: 无法加载控制器:Timu

[ 2014-07-28T22:06:29+08:00 ] 127.0.0.1 /ff/Admin/
INFO: [ app_begin ] --START--
INFO: Run Behavior\ReadHtmlCache [ RunTime:0.008009s ]
INFO: [ app_begin ] --END-- [ RunTime:0.011320s ]
INFO: [ view_parse ] --START--
NOTIC: [2] file_get_contents(./Application/Admin/View/../header.html) [<a href='function.file-get-contents'>function.file-get-contents</a>]: failed to open stream: No such file or directory C:\wamp\www\ff\ThinkPHP\Library\Think\Template.class.php 第 696 行.
NOTIC: [2] file_get_contents(./Application/Admin/View/../footer.html) [<a href='function.file-get-contents'>function.file-get-contents</a>]: failed to open stream: No such file or directory C:\wamp\www\ff\ThinkPHP\Library\Think\Template.class.php 第 696 行.
INFO: [ template_filter ] --START--
INFO: Run Behavior\ContentReplace [ RunTime:0.000285s ]
INFO: [ template_filter ] --END-- [ RunTime:0.001064s ]
INFO: Run Behavior\ParseTemplate [ RunTime:0.064298s ]
INFO: [ view_parse ] --END-- [ RunTime:0.065074s ]
INFO: [ view_filter ] --START--
INFO: Run Behavior\WriteHtmlCache [ RunTime:0.006492s ]
INFO: [ view_filter ] --END-- [ RunTime:0.007220s ]
INFO: [ app_end ] --START--
INFO: Run Behavior\ShowPageTrace [ RunTime:0.008180s ]
INFO: [ app_end ] --END-- [ RunTime:0.009159s ]

[ 2014-07-28T22:10:31+08:00 ] 127.0.0.1 /ff/Admin/
INFO: [ app_begin ] --START--
INFO: Run Behavior\ReadHtmlCache [ RunTime:0.008057s ]
INFO: [ app_begin ] --END-- [ RunTime:0.011695s ]
INFO: [ view_parse ] --START--
NOTIC: [2] file_get_contents(__MODULE__/View/header.html) [<a href='function.file-get-contents'>function.file-get-contents</a>]: failed to open stream: No such file or directory C:\wamp\www\ff\ThinkPHP\Library\Think\Template.class.php 第 696 行.
NOTIC: [2] file_get_contents(./Application/Admin/View/../footer.html) [<a href='function.file-get-contents'>function.file-get-contents</a>]: failed to open stream: No such file or directory C:\wamp\www\ff\ThinkPHP\Library\Think\Template.class.php 第 696 行.
INFO: [ template_filter ] --START--
INFO: Run Behavior\ContentReplace [ RunTime:0.000281s ]
INFO: [ template_filter ] --END-- [ RunTime:0.001031s ]
INFO: Run Behavior\ParseTemplate [ RunTime:0.057334s ]
INFO: [ view_parse ] --END-- [ RunTime:0.058394s ]
INFO: [ view_filter ] --START--
INFO: Run Behavior\WriteHtmlCache [ RunTime:0.007063s ]
INFO: [ view_filter ] --END-- [ RunTime:0.007858s ]
INFO: [ app_end ] --START--
INFO: Run Behavior\ShowPageTrace [ RunTime:0.007859s ]
INFO: [ app_end ] --END-- [ RunTime:0.008655s ]

[ 2014-07-28T22:10:42+08:00 ] 127.0.0.1 /ff/Admin/
INFO: [ app_begin ] --START--
INFO: Run Behavior\ReadHtmlCache [ RunTime:0.008797s ]
INFO: [ app_begin ] --END-- [ RunTime:0.011994s ]
INFO: [ view_parse ] --START--
NOTIC: [2] file_get_contents(__MODULE__/View/header.html) [<a href='function.file-get-contents'>function.file-get-contents</a>]: failed to open stream: No such file or directory C:\wamp\www\ff\ThinkPHP\Library\Think\Template.class.php 第 696 行.
NOTIC: [2] file_get_contents(./Application/Admin/View/../footer.html) [<a href='function.file-get-contents'>function.file-get-contents</a>]: failed to open stream: No such file or directory C:\wamp\www\ff\ThinkPHP\Library\Think\Template.class.php 第 696 行.
INFO: [ template_filter ] --START--
INFO: Run Behavior\ContentReplace [ RunTime:0.000559s ]
INFO: [ template_filter ] --END-- [ RunTime:0.002036s ]
INFO: Run Behavior\ParseTemplate [ RunTime:0.055458s ]
INFO: [ view_parse ] --END-- [ RunTime:0.056267s ]
INFO: [ view_filter ] --START--
INFO: Run Behavior\WriteHtmlCache [ RunTime:0.007377s ]
INFO: [ view_filter ] --END-- [ RunTime:0.008104s ]
INFO: [ app_end ] --START--
INFO: Run Behavior\ShowPageTrace [ RunTime:0.007486s ]
INFO: [ app_end ] --END-- [ RunTime:0.008200s ]

[ 2014-07-28T22:10:50+08:00 ] 127.0.0.1 //ff/Admin/View/header.html
INFO: [ app_begin ] --START--
INFO: Run Behavior\ReadHtmlCache [ RunTime:0.008031s ]
INFO: [ app_begin ] --END-- [ RunTime:0.011662s ]
ERR: 无法加载控制器:View

[ 2014-07-28T22:10:55+08:00 ] 127.0.0.1 /ff/Admin/View/header.html
INFO: [ app_begin ] --START--
INFO: Run Behavior\ReadHtmlCache [ RunTime:0.008439s ]
INFO: [ app_begin ] --END-- [ RunTime:0.012034s ]
ERR: 无法加载控制器:View

[ 2014-07-28T22:12:39+08:00 ] 127.0.0.1 //ff/Admin/View/header.html
INFO: [ app_begin ] --START--
INFO: Run Behavior\ReadHtmlCache [ RunTime:0.007531s ]
INFO: [ app_begin ] --END-- [ RunTime:0.011153s ]
ERR: 无法加载控制器:View

[ 2014-07-28T22:12:42+08:00 ] 127.0.0.1 /ff/Admin/
INFO: [ app_begin ] --START--
INFO: Run Behavior\ReadHtmlCache [ RunTime:0.008011s ]
INFO: [ app_begin ] --END-- [ RunTime:0.011296s ]
INFO: [ view_parse ] --START--
NOTIC: [2] file_get_contents(./Application/Admin/View/../footer.html) [<a href='function.file-get-contents'>function.file-get-contents</a>]: failed to open stream: No such file or directory C:\wamp\www\ff\ThinkPHP\Library\Think\Template.class.php 第 696 行.
INFO: [ template_filter ] --START--
INFO: Run Behavior\ContentReplace [ RunTime:0.000412s ]
INFO: [ template_filter ] --END-- [ RunTime:0.001413s ]
INFO: Run Behavior\ParseTemplate [ RunTime:0.062495s ]
INFO: [ view_parse ] --END-- [ RunTime:0.063272s ]
INFO: [ view_filter ] --START--
INFO: Run Behavior\WriteHtmlCache [ RunTime:0.008628s ]
INFO: [ view_filter ] --END-- [ RunTime:0.009716s ]
INFO: [ app_end ] --START--
INFO: Run Behavior\ShowPageTrace [ RunTime:0.008666s ]
INFO: [ app_end ] --END-- [ RunTime:0.009566s ]

[ 2014-07-28T22:13:49+08:00 ] 127.0.0.1 /ff/Admin/
INFO: [ app_begin ] --START--
INFO: Run Behavior\ReadHtmlCache [ RunTime:0.008393s ]
INFO: [ app_begin ] --END-- [ RunTime:0.012980s ]
INFO: [ view_parse ] --START--
INFO: [ template_filter ] --START--
INFO: Run Behavior\ContentReplace [ RunTime:0.000362s ]
INFO: [ template_filter ] --END-- [ RunTime:0.001309s ]
INFO: Run Behavior\ParseTemplate [ RunTime:0.120526s ]
INFO: [ view_parse ] --END-- [ RunTime:0.121670s ]
INFO: [ view_filter ] --START--
INFO: Run Behavior\WriteHtmlCache [ RunTime:0.010179s ]
INFO: [ view_filter ] --END-- [ RunTime:0.010913s ]
INFO: [ app_end ] --START--
INFO: Run Behavior\ShowPageTrace [ RunTime:0.008078s ]
INFO: [ app_end ] --END-- [ RunTime:0.008850s ]

[ 2014-07-28T22:13:51+08:00 ] 127.0.0.1 /ff/Admin/Timu
INFO: [ app_begin ] --START--
INFO: Run Behavior\ReadHtmlCache [ RunTime:0.007476s ]
INFO: [ app_begin ] --END-- [ RunTime:0.010634s ]
ERR: 无法加载控制器:Timu

[ 2014-07-28T22:15:03+08:00 ] 127.0.0.1 /ff/Admin/
INFO: [ app_begin ] --START--
INFO: Run Behavior\ReadHtmlCache [ RunTime:0.005129s ]
INFO: [ app_begin ] --END-- [ RunTime:0.008413s ]
INFO: [ view_parse ] --START--
INFO: [ template_filter ] --START--
INFO: Run Behavior\ContentReplace [ RunTime:0.000629s ]
INFO: [ template_filter ] --END-- [ RunTime:0.002168s ]
INFO: Run Behavior\ParseTemplate [ RunTime:0.069567s ]
INFO: [ view_parse ] --END-- [ RunTime:0.070475s ]
INFO: [ view_filter ] --START--
INFO: Run Behavior\WriteHtmlCache [ RunTime:0.004428s ]
INFO: [ view_filter ] --END-- [ RunTime:0.006032s ]
INFO: [ app_end ] --START--
INFO: Run Behavior\ShowPageTrace [ RunTime:0.004660s ]
INFO: [ app_end ] --END-- [ RunTime:0.005384s ]

[ 2014-07-28T22:15:05+08:00 ] 127.0.0.1 /ff/Admin/Question
INFO: [ app_begin ] --START--
INFO: Run Behavior\ReadHtmlCache [ RunTime:0.007766s ]
INFO: [ app_begin ] --END-- [ RunTime:0.011465s ]
SQL: SHOW COLUMNS FROM `questions` [ RunTime:0.036205s ]
SQL: SELECT * FROM `questions` LIMIT 10   [ RunTime:0.002148s ]
INFO: [ app_end ] --START--
INFO: Run Behavior\ShowPageTrace [ RunTime:0.009664s ]
INFO: [ app_end ] --END-- [ RunTime:0.010588s ]

[ 2014-07-28T22:18:50+08:00 ] 127.0.0.1 /ff/Admin/Question
INFO: [ app_begin ] --START--
INFO: Run Behavior\ReadHtmlCache [ RunTime:0.008029s ]
INFO: [ app_begin ] --END-- [ RunTime:0.011431s ]
SQL: SHOW COLUMNS FROM `questions` [ RunTime:0.026609s ]
SQL: SELECT * FROM `questions` LIMIT 10   [ RunTime:0.001839s ]
INFO: [ app_end ] --START--
INFO: Run Behavior\ShowPageTrace [ RunTime:0.008481s ]
INFO: [ app_end ] --END-- [ RunTime:0.009494s ]

[ 2014-07-28T22:19:07+08:00 ] 127.0.0.1 /ff/Admin/Question
INFO: [ app_begin ] --START--
INFO: Run Behavior\ReadHtmlCache [ RunTime:0.009081s ]
INFO: [ app_begin ] --END-- [ RunTime:0.012271s ]
SQL: SHOW COLUMNS FROM `questions` [ RunTime:0.032546s ]
SQL: SELECT * FROM `questions` LIMIT 10   [ RunTime:0.002054s ]
INFO: [ view_parse ] --START--
INFO: [ template_filter ] --START--
INFO: Run Behavior\ContentReplace [ RunTime:0.000353s ]
INFO: [ template_filter ] --END-- [ RunTime:0.001200s ]
INFO: Run Behavior\ParseTemplate [ RunTime:0.060364s ]
INFO: [ view_parse ] --END-- [ RunTime:0.061171s ]
INFO: [ view_filter ] --START--
INFO: Run Behavior\WriteHtmlCache [ RunTime:0.006065s ]
INFO: [ view_filter ] --END-- [ RunTime:0.006811s ]
INFO: [ app_end ] --START--
INFO: Run Behavior\ShowPageTrace [ RunTime:0.007767s ]
INFO: [ app_end ] --END-- [ RunTime:0.008504s ]

[ 2014-07-28T22:19:14+08:00 ] 127.0.0.1 /ff/Admin/Question
INFO: [ app_begin ] --START--
INFO: Run Behavior\ReadHtmlCache [ RunTime:0.005606s ]
INFO: [ app_begin ] --END-- [ RunTime:0.009493s ]
SQL: SHOW COLUMNS FROM `questions` [ RunTime:0.031778s ]
SQL: SELECT * FROM `questions` LIMIT 10   [ RunTime:0.003743s ]
INFO: [ view_parse ] --START--
INFO: [ template_filter ] --START--
INFO: Run Behavior\ContentReplace [ RunTime:0.000585s ]
INFO: [ template_filter ] --END-- [ RunTime:0.001883s ]
INFO: Run Behavior\ParseTemplate [ RunTime:0.056879s ]
INFO: [ view_parse ] --END-- [ RunTime:0.057923s ]
INFO: [ view_filter ] --START--
INFO: Run Behavior\WriteHtmlCache [ RunTime:0.006436s ]
INFO: [ view_filter ] --END-- [ RunTime:0.007379s ]
INFO: [ app_end ] --START--
INFO: Run Behavior\ShowPageTrace [ RunTime:0.006634s ]
INFO: [ app_end ] --END-- [ RunTime:0.007775s ]

[ 2014-07-28T22:21:14+08:00 ] 127.0.0.1 /ff/Admin/Question
INFO: [ app_begin ] --START--
INFO: Run Behavior\ReadHtmlCache [ RunTime:0.003308s ]
INFO: [ app_begin ] --END-- [ RunTime:0.006075s ]
SQL: SHOW COLUMNS FROM `questions` [ RunTime:0.022029s ]
SQL: SELECT * FROM `questions` LIMIT 10   [ RunTime:0.002047s ]
INFO: [ view_parse ] --START--
INFO: [ template_filter ] --START--
INFO: Run Behavior\ContentReplace [ RunTime:0.000359s ]
INFO: [ template_filter ] --END-- [ RunTime:0.001114s ]
INFO: Run Behavior\ParseTemplate [ RunTime:0.056945s ]
INFO: [ view_parse ] --END-- [ RunTime:0.058296s ]
INFO: [ view_filter ] --START--
INFO: Run Behavior\WriteHtmlCache [ RunTime:0.003626s ]
INFO: [ view_filter ] --END-- [ RunTime:0.004694s ]
INFO: [ app_end ] --START--
INFO: Run Behavior\ShowPageTrace [ RunTime:0.004736s ]
INFO: [ app_end ] --END-- [ RunTime:0.006006s ]

[ 2014-07-28T22:39:51+08:00 ] 127.0.0.1 /ff/Admin/Question
INFO: [ app_begin ] --START--
INFO: Run Behavior\ReadHtmlCache [ RunTime:0.009040s ]
INFO: [ app_begin ] --END-- [ RunTime:0.013141s ]
SQL: SHOW COLUMNS FROM `questions` [ RunTime:0.030439s ]
SQL: SELECT * FROM `questions` LIMIT 10   [ RunTime:0.004331s ]
INFO: [ view_parse ] --START--
INFO: [ template_filter ] --START--
INFO: Run Behavior\ContentReplace [ RunTime:0.000371s ]
INFO: [ template_filter ] --END-- [ RunTime:0.001152s ]
INFO: Run Behavior\ParseTemplate [ RunTime:0.069818s ]
INFO: [ view_parse ] --END-- [ RunTime:0.070589s ]
INFO: [ view_filter ] --START--
INFO: Run Behavior\WriteHtmlCache [ RunTime:0.007107s ]
INFO: [ view_filter ] --END-- [ RunTime:0.007951s ]
INFO: [ app_end ] --START--
INFO: Run Behavior\ShowPageTrace [ RunTime:0.008533s ]
INFO: [ app_end ] --END-- [ RunTime:0.009670s ]

[ 2014-07-28T22:39:52+08:00 ] 127.0.0.1 /ff/Admin/Question
INFO: [ app_begin ] --START--
INFO: Run Behavior\ReadHtmlCache [ RunTime:0.007983s ]
INFO: [ app_begin ] --END-- [ RunTime:0.011152s ]
SQL: SHOW COLUMNS FROM `questions` [ RunTime:0.021709s ]
SQL: SELECT * FROM `questions` LIMIT 10   [ RunTime:0.001840s ]
INFO: [ view_parse ] --START--
INFO: [ template_filter ] --START--
INFO: Run Behavior\ContentReplace [ RunTime:0.000472s ]
INFO: [ template_filter ] --END-- [ RunTime:0.001679s ]
INFO: Run Behavior\ParseTemplate [ RunTime:0.072178s ]
INFO: [ view_parse ] --END-- [ RunTime:0.072962s ]
INFO: [ view_filter ] --START--
INFO: Run Behavior\WriteHtmlCache [ RunTime:0.006341s ]
INFO: [ view_filter ] --END-- [ RunTime:0.007054s ]
INFO: [ app_end ] --START--
INFO: Run Behavior\ShowPageTrace [ RunTime:0.007614s ]
INFO: [ app_end ] --END-- [ RunTime:0.008346s ]

