[ 2014-07-27T10:08:42+08:00 ] ::1 /ff/Admin
INFO: [ app_begin ] --START--
INFO: Run Behavior\ReadHtmlCache [ RunTime:0.006984s ]
INFO: [ app_begin ] --END-- [ RunTime:0.007687s ]
INFO: [ view_parse ] --START--
INFO: [ template_filter ] --START--
INFO: Run Behavior\ContentReplace [ RunTime:0.000347s ]
INFO: [ template_filter ] --END-- [ RunTime:0.001122s ]
INFO: Run Behavior\ParseTemplate [ RunTime:0.060226s ]
INFO: [ view_parse ] --END-- [ RunTime:0.061205s ]
INFO: [ view_filter ] --START--
INFO: Run Behavior\WriteHtmlCache [ RunTime:0.005291s ]
INFO: [ view_filter ] --END-- [ RunTime:0.006023s ]
INFO: [ app_end ] --START--
INFO: Run Behavior\ShowPageTrace [ RunTime:0.006648s ]
INFO: [ app_end ] --END-- [ RunTime:0.007399s ]

[ 2014-07-27T10:08:49+08:00 ] ::1 /ff/
INFO: [ app_begin ] --START--
INFO: Run Behavior\ReadHtmlCache [ RunTime:0.005401s ]
INFO: [ app_begin ] --END-- [ RunTime:0.006140s ]
INFO: [ app_end ] --START--
INFO: Run Behavior\ShowPageTrace [ RunTime:0.004914s ]
INFO: [ app_end ] --END-- [ RunTime:0.005688s ]

[ 2014-07-27T10:10:48+08:00 ] ::1 /ff/
INFO: [ app_begin ] --START--
INFO: Run Behavior\ReadHtmlCache [ RunTime:0.005507s ]
INFO: [ app_begin ] --END-- [ RunTime:0.006337s ]

[ 2014-07-27T10:13:12+08:00 ] ::1 /ff/
INFO: [ app_begin ] --START--
INFO: Run Behavior\ReadHtmlCache [ RunTime:0.006024s ]
INFO: [ app_begin ] --END-- [ RunTime:0.006792s ]

[ 2014-07-27T10:13:12+08:00 ] ::1 /ff/Home/Admin/Index.html
INFO: [ app_begin ] --START--
INFO: Run Behavior\ReadHtmlCache [ RunTime:0.004618s ]
INFO: [ app_begin ] --END-- [ RunTime:0.006056s ]
ERR: 无法加载控制器:Admin

[ 2014-07-27T10:13:27+08:00 ] ::1 /ff/
INFO: [ app_begin ] --START--
INFO: Run Behavior\ReadHtmlCache [ RunTime:0.003886s ]
INFO: [ app_begin ] --END-- [ RunTime:0.004634s ]

[ 2014-07-27T10:13:27+08:00 ] ::1 /ff/Home/Admin/Index.html
INFO: [ app_begin ] --START--
INFO: Run Behavior\ReadHtmlCache [ RunTime:0.003610s ]
INFO: [ app_begin ] --END-- [ RunTime:0.004440s ]
ERR: 无法加载控制器:Admin

[ 2014-07-27T10:13:37+08:00 ] ::1 /ff/
INFO: [ app_begin ] --START--
INFO: Run Behavior\ReadHtmlCache [ RunTime:0.005739s ]
INFO: [ app_begin ] --END-- [ RunTime:0.006521s ]

[ 2014-07-27T10:13:37+08:00 ] ::1 /ff/Home/Index/Admin.html
INFO: [ app_begin ] --START--
INFO: Run Behavior\ReadHtmlCache [ RunTime:0.003938s ]
INFO: [ app_begin ] --END-- [ RunTime:0.004731s ]
ERR: 非法操作:admin

[ 2014-07-27T10:15:01+08:00 ] ::1 /ff/Home/Index/Admin.html
INFO: [ app_begin ] --START--
INFO: Run Behavior\ReadHtmlCache [ RunTime:0.003776s ]
INFO: [ app_begin ] --END-- [ RunTime:0.004499s ]
ERR: 非法操作:admin

[ 2014-07-27T10:15:05+08:00 ] ::1 /ff/Admin
INFO: [ app_begin ] --START--
INFO: Run Behavior\ReadHtmlCache [ RunTime:0.004169s ]
INFO: [ app_begin ] --END-- [ RunTime:0.004895s ]
INFO: [ view_parse ] --START--
INFO: [ template_filter ] --START--
INFO: Run Behavior\ContentReplace [ RunTime:0.000385s ]
INFO: [ template_filter ] --END-- [ RunTime:0.001146s ]
INFO: Run Behavior\ParseTemplate [ RunTime:0.059716s ]
INFO: [ view_parse ] --END-- [ RunTime:0.060716s ]
INFO: [ view_filter ] --START--
INFO: Run Behavior\WriteHtmlCache [ RunTime:0.004178s ]
INFO: [ view_filter ] --END-- [ RunTime:0.004918s ]
INFO: [ app_end ] --START--
INFO: Run Behavior\ShowPageTrace [ RunTime:0.007203s ]
INFO: [ app_end ] --END-- [ RunTime:0.008053s ]

[ 2014-07-27T10:15:06+08:00 ] ::1 /ff/
INFO: [ app_begin ] --START--
INFO: Run Behavior\ReadHtmlCache [ RunTime:0.005673s ]
INFO: [ app_begin ] --END-- [ RunTime:0.006400s ]

[ 2014-07-27T10:15:06+08:00 ] ::1 /ff/Home/Admin/Index.html
INFO: [ app_begin ] --START--
INFO: Run Behavior\ReadHtmlCache [ RunTime:0.003694s ]
INFO: [ app_begin ] --END-- [ RunTime:0.004505s ]
ERR: 无法加载控制器:Admin

[ 2014-07-27T10:15:59+08:00 ] ::1 /ff/
INFO: [ app_begin ] --START--
INFO: Run Behavior\ReadHtmlCache [ RunTime:0.003722s ]
INFO: [ app_begin ] --END-- [ RunTime:0.004430s ]

[ 2014-07-27T10:16:04+08:00 ] ::1 /ff/Home/Admin/Index.html
INFO: [ app_begin ] --START--
INFO: Run Behavior\ReadHtmlCache [ RunTime:0.003685s ]
INFO: [ app_begin ] --END-- [ RunTime:0.004428s ]
ERR: 无法加载控制器:Admin

[ 2014-07-27T10:16:12+08:00 ] ::1 /ff/
INFO: [ app_begin ] --START--
INFO: Run Behavior\ReadHtmlCache [ RunTime:0.005402s ]
INFO: [ app_begin ] --END-- [ RunTime:0.006132s ]

[ 2014-07-27T10:16:17+08:00 ] ::1 /ff/Home/Admin/Index.html
INFO: [ app_begin ] --START--
INFO: Run Behavior\ReadHtmlCache [ RunTime:0.004097s ]
INFO: [ app_begin ] --END-- [ RunTime:0.005054s ]
ERR: 无法加载控制器:Admin

[ 2014-07-27T10:16:33+08:00 ] ::1 /ff/
INFO: [ app_begin ] --START--
INFO: Run Behavior\ReadHtmlCache [ RunTime:0.003646s ]
INFO: [ app_begin ] --END-- [ RunTime:0.004354s ]

[ 2014-07-27T10:16:35+08:00 ] ::1 /ff/
INFO: [ app_begin ] --START--
INFO: Run Behavior\ReadHtmlCache [ RunTime:0.003859s ]
INFO: [ app_begin ] --END-- [ RunTime:0.004640s ]

[ 2014-07-27T10:16:40+08:00 ] ::1 /ff/Admin/Index/jump.html
INFO: [ app_begin ] --START--
INFO: Run Behavior\ReadHtmlCache [ RunTime:0.003744s ]
INFO: [ app_begin ] --END-- [ RunTime:0.004451s ]
ERR: 非法操作:jump

[ 2014-07-27T10:17:09+08:00 ] ::1 /ff/
INFO: [ app_begin ] --START--
INFO: Run Behavior\ReadHtmlCache [ RunTime:0.004120s ]
INFO: [ app_begin ] --END-- [ RunTime:0.005008s ]

[ 2014-07-27T10:17:10+08:00 ] ::1 /ff/Admin/Index/
INFO: [ app_begin ] --START--
INFO: Run Behavior\ReadHtmlCache [ RunTime:0.004127s ]
INFO: [ app_begin ] --END-- [ RunTime:0.005083s ]
INFO: [ view_parse ] --START--
INFO: [ template_filter ] --START--
INFO: Run Behavior\ContentReplace [ RunTime:0.000599s ]
INFO: [ template_filter ] --END-- [ RunTime:0.001486s ]
INFO: Run Behavior\ParseTemplate [ RunTime:0.054356s ]
INFO: [ view_parse ] --END-- [ RunTime:0.055228s ]
INFO: [ view_filter ] --START--
INFO: Run Behavior\WriteHtmlCache [ RunTime:0.006287s ]
INFO: [ view_filter ] --END-- [ RunTime:0.007191s ]
INFO: [ app_end ] --START--
INFO: Run Behavior\ShowPageTrace [ RunTime:0.005511s ]
INFO: [ app_end ] --END-- [ RunTime:0.006248s ]

[ 2014-07-27T10:17:11+08:00 ] ::1 /ff/
INFO: [ app_begin ] --START--
INFO: Run Behavior\ReadHtmlCache [ RunTime:0.003817s ]
INFO: [ app_begin ] --END-- [ RunTime:0.004577s ]

[ 2014-07-27T10:17:11+08:00 ] ::1 /ff/Admin/Index/
INFO: [ app_begin ] --START--
INFO: Run Behavior\ReadHtmlCache [ RunTime:0.006366s ]
INFO: [ app_begin ] --END-- [ RunTime:0.007634s ]
INFO: [ view_parse ] --START--
INFO: [ template_filter ] --START--
INFO: Run Behavior\ContentReplace [ RunTime:0.000357s ]
INFO: [ template_filter ] --END-- [ RunTime:0.001362s ]
INFO: Run Behavior\ParseTemplate [ RunTime:0.045833s ]
INFO: [ view_parse ] --END-- [ RunTime:0.047124s ]
INFO: [ view_filter ] --START--
INFO: Run Behavior\WriteHtmlCache [ RunTime:0.004021s ]
INFO: [ view_filter ] --END-- [ RunTime:0.004844s ]
INFO: [ app_end ] --START--
INFO: Run Behavior\ShowPageTrace [ RunTime:0.004314s ]
INFO: [ app_end ] --END-- [ RunTime:0.005048s ]

[ 2014-07-27T10:17:13+08:00 ] ::1 /ff/
INFO: [ app_begin ] --START--
INFO: Run Behavior\ReadHtmlCache [ RunTime:0.003707s ]
INFO: [ app_begin ] --END-- [ RunTime:0.004408s ]

[ 2014-07-27T10:17:14+08:00 ] ::1 /ff/Admin/Index/
INFO: [ app_begin ] --START--
INFO: Run Behavior\ReadHtmlCache [ RunTime:0.003649s ]
INFO: [ app_begin ] --END-- [ RunTime:0.004387s ]
INFO: [ view_parse ] --START--
INFO: [ template_filter ] --START--
INFO: Run Behavior\ContentReplace [ RunTime:0.000352s ]
INFO: [ template_filter ] --END-- [ RunTime:0.001219s ]
INFO: Run Behavior\ParseTemplate [ RunTime:0.041265s ]
INFO: [ view_parse ] --END-- [ RunTime:0.042049s ]
INFO: [ view_filter ] --START--
INFO: Run Behavior\WriteHtmlCache [ RunTime:0.002827s ]
INFO: [ view_filter ] --END-- [ RunTime:0.003544s ]
INFO: [ app_end ] --START--
INFO: Run Behavior\ShowPageTrace [ RunTime:0.003784s ]
INFO: [ app_end ] --END-- [ RunTime:0.004649s ]

[ 2014-07-27T10:17:17+08:00 ] ::1 /ff/
INFO: [ app_begin ] --START--
INFO: Run Behavior\ReadHtmlCache [ RunTime:0.003773s ]
INFO: [ app_begin ] --END-- [ RunTime:0.004478s ]

[ 2014-07-27T10:17:17+08:00 ] ::1 /ff/Admin/Index/
INFO: [ app_begin ] --START--
INFO: Run Behavior\ReadHtmlCache [ RunTime:0.003571s ]
INFO: [ app_begin ] --END-- [ RunTime:0.004327s ]
INFO: [ view_parse ] --START--
INFO: [ template_filter ] --START--
INFO: Run Behavior\ContentReplace [ RunTime:0.000352s ]
INFO: [ template_filter ] --END-- [ RunTime:0.001176s ]
INFO: Run Behavior\ParseTemplate [ RunTime:0.040872s ]
INFO: [ view_parse ] --END-- [ RunTime:0.041662s ]
INFO: [ view_filter ] --START--
INFO: Run Behavior\WriteHtmlCache [ RunTime:0.002724s ]
INFO: [ view_filter ] --END-- [ RunTime:0.003605s ]
INFO: [ app_end ] --START--
INFO: Run Behavior\ShowPageTrace [ RunTime:0.003812s ]
INFO: [ app_end ] --END-- [ RunTime:0.004615s ]

[ 2014-07-27T10:17:18+08:00 ] ::1 /ff/Admin/Login
INFO: [ app_begin ] --START--
INFO: Run Behavior\ReadHtmlCache [ RunTime:0.004044s ]
INFO: [ app_begin ] --END-- [ RunTime:0.004768s ]
ERR: 无法加载控制器:Login

[ 2014-07-27T10:17:26+08:00 ] ::1 /ff/
INFO: [ app_begin ] --START--
INFO: Run Behavior\ReadHtmlCache [ RunTime:0.005052s ]
INFO: [ app_begin ] --END-- [ RunTime:0.005779s ]

[ 2014-07-27T10:17:26+08:00 ] ::1 /ff/Admin/Index/
INFO: [ app_begin ] --START--
INFO: Run Behavior\ReadHtmlCache [ RunTime:0.003702s ]
INFO: [ app_begin ] --END-- [ RunTime:0.004536s ]
INFO: [ view_parse ] --START--
INFO: [ template_filter ] --START--
INFO: Run Behavior\ContentReplace [ RunTime:0.000352s ]
INFO: [ template_filter ] --END-- [ RunTime:0.001169s ]
INFO: Run Behavior\ParseTemplate [ RunTime:0.041370s ]
INFO: [ view_parse ] --END-- [ RunTime:0.042171s ]
INFO: [ view_filter ] --START--
INFO: Run Behavior\WriteHtmlCache [ RunTime:0.002788s ]
INFO: [ view_filter ] --END-- [ RunTime:0.003597s ]
INFO: [ app_end ] --START--
INFO: Run Behavior\ShowPageTrace [ RunTime:0.004493s ]
INFO: [ app_end ] --END-- [ RunTime:0.005278s ]

[ 2014-07-27T10:17:38+08:00 ] ::1 /ff/
INFO: [ app_begin ] --START--
INFO: Run Behavior\ReadHtmlCache [ RunTime:0.003893s ]
INFO: [ app_begin ] --END-- [ RunTime:0.004683s ]

[ 2014-07-27T10:17:38+08:00 ] ::1 /ff/Admin/
INFO: [ app_begin ] --START--
INFO: Run Behavior\ReadHtmlCache [ RunTime:0.003690s ]
INFO: [ app_begin ] --END-- [ RunTime:0.004418s ]
INFO: [ view_parse ] --START--
INFO: [ template_filter ] --START--
INFO: Run Behavior\ContentReplace [ RunTime:0.000412s ]
INFO: [ template_filter ] --END-- [ RunTime:0.001162s ]
INFO: Run Behavior\ParseTemplate [ RunTime:0.042106s ]
INFO: [ view_parse ] --END-- [ RunTime:0.042923s ]
INFO: [ view_filter ] --START--
INFO: Run Behavior\WriteHtmlCache [ RunTime:0.003709s ]
INFO: [ view_filter ] --END-- [ RunTime:0.004684s ]
INFO: [ app_end ] --START--
INFO: Run Behavior\ShowPageTrace [ RunTime:0.004073s ]
INFO: [ app_end ] --END-- [ RunTime:0.004798s ]

[ 2014-07-27T10:18:03+08:00 ] ::1 /ff/
INFO: [ app_begin ] --START--
INFO: Run Behavior\ReadHtmlCache [ RunTime:0.004081s ]
INFO: [ app_begin ] --END-- [ RunTime:0.004822s ]

[ 2014-07-27T10:18:04+08:00 ] ::1 /ff/Admin/
INFO: [ app_begin ] --START--
INFO: Run Behavior\ReadHtmlCache [ RunTime:0.003734s ]
INFO: [ app_begin ] --END-- [ RunTime:0.004454s ]
INFO: [ view_parse ] --START--
INFO: [ template_filter ] --START--
INFO: Run Behavior\ContentReplace [ RunTime:0.000363s ]
INFO: [ template_filter ] --END-- [ RunTime:0.001130s ]
INFO: Run Behavior\ParseTemplate [ RunTime:0.041417s ]
INFO: [ view_parse ] --END-- [ RunTime:0.042460s ]
INFO: [ view_filter ] --START--
INFO: Run Behavior\WriteHtmlCache [ RunTime:0.002757s ]
INFO: [ view_filter ] --END-- [ RunTime:0.003486s ]
INFO: [ app_end ] --START--
INFO: Run Behavior\ShowPageTrace [ RunTime:0.003854s ]
INFO: [ app_end ] --END-- [ RunTime:0.004654s ]

[ 2014-07-27T10:18:12+08:00 ] ::1 /ff/Admin/About
INFO: [ app_begin ] --START--
INFO: Run Behavior\ReadHtmlCache [ RunTime:0.003801s ]
INFO: [ app_begin ] --END-- [ RunTime:0.004556s ]
ERR: 无法加载控制器:About

[ 2014-07-27T11:53:26+08:00 ] ::1 /ff/Admin/Login
INFO: [ app_begin ] --START--
INFO: Run Behavior\ReadHtmlCache [ RunTime:0.007460s ]
INFO: [ app_begin ] --END-- [ RunTime:0.010747s ]
ERR: 无法加载控制器:Login

[ 2014-07-27T11:54:29+08:00 ] ::1 /ff/
INFO: [ app_begin ] --START--
INFO: Run Behavior\ReadHtmlCache [ RunTime:0.004733s ]
INFO: [ app_begin ] --END-- [ RunTime:0.005653s ]
ERR: 信息录入错误

[ 2014-07-27T11:56:33+08:00 ] ::1 /ff/
INFO: [ app_begin ] --START--
INFO: Run Behavior\ReadHtmlCache [ RunTime:0.005406s ]
INFO: [ app_begin ] --END-- [ RunTime:0.009100s ]
ERR: 信息录入错误

[ 2014-07-27T11:57:55+08:00 ] ::1 /ff/Admin/Register
INFO: [ app_begin ] --START--
INFO: Run Behavior\ReadHtmlCache [ RunTime:0.003852s ]
INFO: [ app_begin ] --END-- [ RunTime:0.007755s ]
ERR: 无法加载控制器:Register

[ 2014-07-27T12:03:15+08:00 ] ::1 /ff/
INFO: [ app_begin ] --START--
INFO: Run Behavior\ReadHtmlCache [ RunTime:0.005569s ]
INFO: [ app_begin ] --END-- [ RunTime:0.009322s ]
ERR: 信息录入错误

[ 2014-07-27T12:03:37+08:00 ] ::1 /ff/
INFO: [ app_begin ] --START--
INFO: Run Behavior\ReadHtmlCache [ RunTime:0.004013s ]
INFO: [ app_begin ] --END-- [ RunTime:0.007609s ]
ERR: 信息录入错误

[ 2014-07-27T12:03:40+08:00 ] ::1 /ff/
INFO: [ app_begin ] --START--
INFO: Run Behavior\ReadHtmlCache [ RunTime:0.005572s ]
INFO: [ app_begin ] --END-- [ RunTime:0.009138s ]
ERR: 信息录入错误

[ 2014-07-27T12:03:40+08:00 ] ::1 /ff/
INFO: [ app_begin ] --START--
INFO: Run Behavior\ReadHtmlCache [ RunTime:0.004555s ]
INFO: [ app_begin ] --END-- [ RunTime:0.008169s ]
ERR: 信息录入错误

[ 2014-07-27T12:03:55+08:00 ] ::1 /ff/
INFO: [ app_begin ] --START--
INFO: Run Behavior\ReadHtmlCache [ RunTime:0.004244s ]
INFO: [ app_begin ] --END-- [ RunTime:0.007583s ]
ERR: 信息录入错误

[ 2014-07-27T12:03:56+08:00 ] ::1 /ff/
INFO: [ app_begin ] --START--
INFO: Run Behavior\ReadHtmlCache [ RunTime:0.003706s ]
INFO: [ app_begin ] --END-- [ RunTime:0.007071s ]
ERR: 信息录入错误

[ 2014-07-27T12:03:56+08:00 ] ::1 /ff/
INFO: [ app_begin ] --START--
INFO: Run Behavior\ReadHtmlCache [ RunTime:0.005469s ]
INFO: [ app_begin ] --END-- [ RunTime:0.009074s ]
ERR: 信息录入错误

[ 2014-07-27T12:04:16+08:00 ] ::1 /ff/
INFO: [ app_begin ] --START--
INFO: Run Behavior\ReadHtmlCache [ RunTime:0.003622s ]
INFO: [ app_begin ] --END-- [ RunTime:0.006882s ]
ERR: 信息录入错误

[ 2014-07-27T12:04:17+08:00 ] ::1 /ff/
INFO: [ app_begin ] --START--
INFO: Run Behavior\ReadHtmlCache [ RunTime:0.004095s ]
INFO: [ app_begin ] --END-- [ RunTime:0.007701s ]
ERR: 信息录入错误

[ 2014-07-27T12:04:17+08:00 ] ::1 /ff/
INFO: [ app_begin ] --START--
INFO: Run Behavior\ReadHtmlCache [ RunTime:0.003787s ]
INFO: [ app_begin ] --END-- [ RunTime:0.008040s ]
ERR: 信息录入错误

[ 2014-07-27T12:05:25+08:00 ] ::1 /ff/
INFO: [ app_begin ] --START--
INFO: Run Behavior\ReadHtmlCache [ RunTime:0.006087s ]
INFO: [ app_begin ] --END-- [ RunTime:0.010002s ]
ERR: 信息录入错误

[ 2014-07-27T12:08:21+08:00 ] ::1 /ff/
INFO: [ app_begin ] --START--
INFO: Run Behavior\ReadHtmlCache [ RunTime:0.005841s ]
INFO: [ app_begin ] --END-- [ RunTime:0.009657s ]

[ 2014-07-27T12:08:22+08:00 ] ::1 /ff/Admin/
INFO: [ app_begin ] --START--
INFO: Run Behavior\ReadHtmlCache [ RunTime:0.003686s ]
INFO: [ app_begin ] --END-- [ RunTime:0.006832s ]
INFO: [ view_parse ] --START--
INFO: [ template_filter ] --START--
INFO: Run Behavior\ContentReplace [ RunTime:0.000347s ]
INFO: [ template_filter ] --END-- [ RunTime:0.001179s ]
INFO: Run Behavior\ParseTemplate [ RunTime:0.078293s ]
INFO: [ view_parse ] --END-- [ RunTime:0.079373s ]
INFO: [ view_filter ] --START--
INFO: Run Behavior\WriteHtmlCache [ RunTime:0.003991s ]
INFO: [ view_filter ] --END-- [ RunTime:0.004815s ]
INFO: [ app_end ] --START--
INFO: Run Behavior\ShowPageTrace [ RunTime:0.005881s ]
INFO: [ app_end ] --END-- [ RunTime:0.006619s ]

[ 2014-07-27T12:08:50+08:00 ] ::1 /ff/
INFO: [ app_begin ] --START--
INFO: Run Behavior\ReadHtmlCache [ RunTime:0.004975s ]
INFO: [ app_begin ] --END-- [ RunTime:0.008531s ]

[ 2014-07-27T12:08:51+08:00 ] ::1 /ff/Admin/
INFO: [ app_begin ] --START--
INFO: Run Behavior\ReadHtmlCache [ RunTime:0.004178s ]
INFO: [ app_begin ] --END-- [ RunTime:0.007372s ]
INFO: [ view_parse ] --START--
INFO: [ template_filter ] --START--
INFO: Run Behavior\ContentReplace [ RunTime:0.000345s ]
INFO: [ template_filter ] --END-- [ RunTime:0.001148s ]
INFO: Run Behavior\ParseTemplate [ RunTime:0.044146s ]
INFO: [ view_parse ] --END-- [ RunTime:0.044987s ]
INFO: [ view_filter ] --START--
INFO: Run Behavior\WriteHtmlCache [ RunTime:0.002837s ]
INFO: [ view_filter ] --END-- [ RunTime:0.003644s ]
INFO: [ app_end ] --START--
INFO: Run Behavior\ShowPageTrace [ RunTime:0.004976s ]
INFO: [ app_end ] --END-- [ RunTime:0.005751s ]

[ 2014-07-27T12:09:01+08:00 ] ::1 /ff/
INFO: [ app_begin ] --START--
INFO: Run Behavior\ReadHtmlCache [ RunTime:0.005941s ]
INFO: [ app_begin ] --END-- [ RunTime:0.009550s ]

[ 2014-07-27T12:09:03+08:00 ] ::1 /ff/Admin/
INFO: [ app_begin ] --START--
INFO: Run Behavior\ReadHtmlCache [ RunTime:0.004617s ]
INFO: [ app_begin ] --END-- [ RunTime:0.008187s ]
INFO: [ view_parse ] --START--
INFO: [ template_filter ] --START--
INFO: Run Behavior\ContentReplace [ RunTime:0.000346s ]
INFO: [ template_filter ] --END-- [ RunTime:0.001103s ]
INFO: Run Behavior\ParseTemplate [ RunTime:0.041383s ]
INFO: [ view_parse ] --END-- [ RunTime:0.042225s ]
INFO: [ view_filter ] --START--
INFO: Run Behavior\WriteHtmlCache [ RunTime:0.002876s ]
INFO: [ view_filter ] --END-- [ RunTime:0.003609s ]
INFO: [ app_end ] --START--
INFO: Run Behavior\ShowPageTrace [ RunTime:0.003982s ]
INFO: [ app_end ] --END-- [ RunTime:0.004765s ]

[ 2014-07-27T12:21:00+08:00 ] 127.0.0.1 /ff/
INFO: [ app_begin ] --START--
INFO: Run Behavior\ReadHtmlCache [ RunTime:0.011987s ]
INFO: [ app_begin ] --END-- [ RunTime:0.016899s ]
SQL: SHOW COLUMNS FROM `kv` [ RunTime:0.037059s ]
SQL: SELECT * FROM `kv`  [ RunTime:0.001639s ]
NOTIC: [8] Use of undefined constant reeturn - assumed 'reeturn' C:\wamp\www\ff\Application\Home\Controller\IndexController.class.php 第 10 行.

[ 2014-07-27T12:21:01+08:00 ] 127.0.0.1 /ff/Admin/
INFO: [ app_begin ] --START--
INFO: Run Behavior\ReadHtmlCache [ RunTime:0.011193s ]
INFO: [ app_begin ] --END-- [ RunTime:0.018653s ]
INFO: [ view_parse ] --START--
INFO: [ template_filter ] --START--
INFO: Run Behavior\ContentReplace [ RunTime:0.000409s ]
INFO: [ template_filter ] --END-- [ RunTime:0.001189s ]
INFO: Run Behavior\ParseTemplate [ RunTime:0.077170s ]
INFO: [ view_parse ] --END-- [ RunTime:0.077994s ]
INFO: [ view_filter ] --START--
INFO: Run Behavior\WriteHtmlCache [ RunTime:0.007432s ]
INFO: [ view_filter ] --END-- [ RunTime:0.008161s ]
INFO: [ app_end ] --START--
INFO: Run Behavior\ShowPageTrace [ RunTime:0.008247s ]
INFO: [ app_end ] --END-- [ RunTime:0.008994s ]

[ 2014-07-27T12:21:14+08:00 ] 127.0.0.1 /ff/
INFO: [ app_begin ] --START--
INFO: Run Behavior\ReadHtmlCache [ RunTime:0.015957s ]
INFO: [ app_begin ] --END-- [ RunTime:0.023326s ]
SQL: SHOW COLUMNS FROM `kv` [ RunTime:0.023160s ]
SQL: SELECT * FROM `kv`  [ RunTime:0.001173s ]
INFO: [ app_end ] --START--
INFO: Run Behavior\ShowPageTrace [ RunTime:0.015840s ]
INFO: [ app_end ] --END-- [ RunTime:0.016576s ]

[ 2014-07-27T12:22:09+08:00 ] 127.0.0.1 /ff/
INFO: [ app_begin ] --START--
INFO: Run Behavior\ReadHtmlCache [ RunTime:0.014322s ]
INFO: [ app_begin ] --END-- [ RunTime:0.020091s ]
SQL: SHOW COLUMNS FROM `kv` [ RunTime:0.032520s ]
SQL: SELECT * FROM `kv`  [ RunTime:0.002004s ]
INFO: [ app_end ] --START--
INFO: Run Behavior\ShowPageTrace [ RunTime:0.016331s ]
INFO: [ app_end ] --END-- [ RunTime:0.017539s ]

[ 2014-07-27T12:22:34+08:00 ] 127.0.0.1 /ff/
INFO: [ app_begin ] --START--
INFO: Run Behavior\ReadHtmlCache [ RunTime:0.011400s ]
INFO: [ app_begin ] --END-- [ RunTime:0.015975s ]
SQL: SHOW COLUMNS FROM `kv` [ RunTime:0.025273s ]
SQL: SELECT * FROM `kv`  [ RunTime:0.002108s ]
INFO: [ app_end ] --START--
INFO: Run Behavior\ShowPageTrace [ RunTime:0.012149s ]
INFO: [ app_end ] --END-- [ RunTime:0.013372s ]

[ 2014-07-27T12:24:00+08:00 ] 127.0.0.1 /ff/
INFO: [ app_begin ] --START--
INFO: Run Behavior\ReadHtmlCache [ RunTime:0.013523s ]
INFO: [ app_begin ] --END-- [ RunTime:0.019081s ]
SQL: SHOW COLUMNS FROM `kv` [ RunTime:0.026799s ]
SQL: INSERT INTO `kv` (`key`,`value`) VALUES ('key1','value1') [ RunTime:0.007998s ]
SQL: SELECT * FROM `kv`  [ RunTime:0.001127s ]
INFO: [ app_end ] --START--
INFO: Run Behavior\ShowPageTrace [ RunTime:0.013518s ]
INFO: [ app_end ] --END-- [ RunTime:0.014278s ]

[ 2014-07-27T12:24:03+08:00 ] 127.0.0.1 /ff/
INFO: [ app_begin ] --START--
INFO: Run Behavior\ReadHtmlCache [ RunTime:0.015326s ]
INFO: [ app_begin ] --END-- [ RunTime:0.020683s ]
SQL: SHOW COLUMNS FROM `kv` [ RunTime:0.025849s ]
SQL: INSERT INTO `kv` (`key`,`value`) VALUES ('key1','value1') [ RunTime:0.008919s ]
SQL: SELECT * FROM `kv`  [ RunTime:0.001140s ]
INFO: [ app_end ] --START--
INFO: Run Behavior\ShowPageTrace [ RunTime:0.013391s ]
INFO: [ app_end ] --END-- [ RunTime:0.014127s ]

[ 2014-07-27T12:24:56+08:00 ] 127.0.0.1 /ff/
INFO: [ app_begin ] --START--
INFO: Run Behavior\ReadHtmlCache [ RunTime:0.010715s ]
INFO: [ app_begin ] --END-- [ RunTime:0.018790s ]
SQL: SHOW COLUMNS FROM `kv` [ RunTime:0.031790s ]
SQL: SELECT * FROM `kv`  [ RunTime:0.001261s ]

[ 2014-07-27T12:24:57+08:00 ] 127.0.0.1 /ff/Admin/
INFO: [ app_begin ] --START--
INFO: Run Behavior\ReadHtmlCache [ RunTime:0.009443s ]
INFO: [ app_begin ] --END-- [ RunTime:0.013699s ]
INFO: [ view_parse ] --START--
INFO: [ template_filter ] --START--
INFO: Run Behavior\ContentReplace [ RunTime:0.000496s ]
INFO: [ template_filter ] --END-- [ RunTime:0.001288s ]
INFO: Run Behavior\ParseTemplate [ RunTime:0.068357s ]
INFO: [ view_parse ] --END-- [ RunTime:0.069169s ]
INFO: [ view_filter ] --START--
INFO: Run Behavior\WriteHtmlCache [ RunTime:0.006074s ]
INFO: [ view_filter ] --END-- [ RunTime:0.006891s ]
INFO: [ app_end ] --START--
INFO: Run Behavior\ShowPageTrace [ RunTime:0.009100s ]
INFO: [ app_end ] --END-- [ RunTime:0.009970s ]

[ 2014-07-27T12:25:01+08:00 ] 127.0.0.1 /ff/
INFO: [ app_begin ] --START--
INFO: Run Behavior\ReadHtmlCache [ RunTime:0.005925s ]
INFO: [ app_begin ] --END-- [ RunTime:0.010478s ]
SQL: SHOW COLUMNS FROM `kv` [ RunTime:0.025007s ]
SQL: SELECT * FROM `kv`  [ RunTime:0.001371s ]

[ 2014-07-27T12:25:02+08:00 ] 127.0.0.1 /ff/Admin/
INFO: [ app_begin ] --START--
INFO: Run Behavior\ReadHtmlCache [ RunTime:0.007227s ]
INFO: [ app_begin ] --END-- [ RunTime:0.011601s ]
INFO: [ view_parse ] --START--
INFO: [ template_filter ] --START--
INFO: Run Behavior\ContentReplace [ RunTime:0.000589s ]
INFO: [ template_filter ] --END-- [ RunTime:0.001583s ]
INFO: Run Behavior\ParseTemplate [ RunTime:0.075657s ]
INFO: [ view_parse ] --END-- [ RunTime:0.076720s ]
INFO: [ view_filter ] --START--
INFO: Run Behavior\WriteHtmlCache [ RunTime:0.006910s ]
INFO: [ view_filter ] --END-- [ RunTime:0.007687s ]
INFO: [ app_end ] --START--
INFO: Run Behavior\ShowPageTrace [ RunTime:0.006571s ]
INFO: [ app_end ] --END-- [ RunTime:0.007287s ]

[ 2014-07-27T12:25:05+08:00 ] 127.0.0.1 /ff/
INFO: [ app_begin ] --START--
INFO: Run Behavior\ReadHtmlCache [ RunTime:0.006171s ]
INFO: [ app_begin ] --END-- [ RunTime:0.010541s ]
SQL: SHOW COLUMNS FROM `kv` [ RunTime:0.027870s ]
SQL: SELECT * FROM `kv`  [ RunTime:0.001357s ]

[ 2014-07-27T12:25:06+08:00 ] 127.0.0.1 /ff/Admin/
INFO: [ app_begin ] --START--
INFO: Run Behavior\ReadHtmlCache [ RunTime:0.007265s ]
INFO: [ app_begin ] --END-- [ RunTime:0.011513s ]
INFO: [ view_parse ] --START--
INFO: [ template_filter ] --START--
INFO: Run Behavior\ContentReplace [ RunTime:0.000345s ]
INFO: [ template_filter ] --END-- [ RunTime:0.001106s ]
INFO: Run Behavior\ParseTemplate [ RunTime:0.071901s ]
INFO: [ view_parse ] --END-- [ RunTime:0.072681s ]
INFO: [ view_filter ] --START--
INFO: Run Behavior\WriteHtmlCache [ RunTime:0.005198s ]
INFO: [ view_filter ] --END-- [ RunTime:0.005992s ]
INFO: [ app_end ] --START--
INFO: Run Behavior\ShowPageTrace [ RunTime:0.007028s ]
INFO: [ app_end ] --END-- [ RunTime:0.007889s ]

[ 2014-07-27T12:25:08+08:00 ] 127.0.0.1 /ff/
INFO: [ app_begin ] --START--
INFO: Run Behavior\ReadHtmlCache [ RunTime:0.006534s ]
INFO: [ app_begin ] --END-- [ RunTime:0.011066s ]
SQL: SHOW COLUMNS FROM `kv` [ RunTime:0.026564s ]
SQL: SELECT * FROM `kv`  [ RunTime:0.001463s ]

[ 2014-07-27T12:25:10+08:00 ] 127.0.0.1 /ff/Admin/
INFO: [ app_begin ] --START--
INFO: Run Behavior\ReadHtmlCache [ RunTime:0.006480s ]
INFO: [ app_begin ] --END-- [ RunTime:0.011887s ]
INFO: [ view_parse ] --START--
INFO: [ template_filter ] --START--
INFO: Run Behavior\ContentReplace [ RunTime:0.000348s ]
INFO: [ template_filter ] --END-- [ RunTime:0.001160s ]
INFO: Run Behavior\ParseTemplate [ RunTime:0.070468s ]
INFO: [ view_parse ] --END-- [ RunTime:0.071306s ]
INFO: [ view_filter ] --START--
INFO: Run Behavior\WriteHtmlCache [ RunTime:0.005207s ]
INFO: [ view_filter ] --END-- [ RunTime:0.005993s ]
INFO: [ app_end ] --START--
INFO: Run Behavior\ShowPageTrace [ RunTime:0.008661s ]
INFO: [ app_end ] --END-- [ RunTime:0.009517s ]

[ 2014-07-27T12:25:12+08:00 ] 127.0.0.1 /ff/
INFO: [ app_begin ] --START--
INFO: Run Behavior\ReadHtmlCache [ RunTime:0.006330s ]
INFO: [ app_begin ] --END-- [ RunTime:0.010687s ]
SQL: SHOW COLUMNS FROM `kv` [ RunTime:0.021448s ]
SQL: SELECT * FROM `kv`  [ RunTime:0.001253s ]

[ 2014-07-27T12:25:14+08:00 ] 127.0.0.1 /ff/Admin/
INFO: [ app_begin ] --START--
INFO: Run Behavior\ReadHtmlCache [ RunTime:0.006379s ]
INFO: [ app_begin ] --END-- [ RunTime:0.010799s ]
INFO: [ view_parse ] --START--
INFO: [ template_filter ] --START--
INFO: Run Behavior\ContentReplace [ RunTime:0.000441s ]
INFO: [ template_filter ] --END-- [ RunTime:0.001204s ]
INFO: Run Behavior\ParseTemplate [ RunTime:0.076131s ]
INFO: [ view_parse ] --END-- [ RunTime:0.077232s ]
INFO: [ view_filter ] --START--
INFO: Run Behavior\WriteHtmlCache [ RunTime:0.005321s ]
INFO: [ view_filter ] --END-- [ RunTime:0.006057s ]
INFO: [ app_end ] --START--
INFO: Run Behavior\ShowPageTrace [ RunTime:0.006423s ]
INFO: [ app_end ] --END-- [ RunTime:0.007222s ]

[ 2014-07-27T12:25:27+08:00 ] 127.0.0.1 /ff/
INFO: [ app_begin ] --START--
INFO: Run Behavior\ReadHtmlCache [ RunTime:0.007024s ]
INFO: [ app_begin ] --END-- [ RunTime:0.012088s ]
SQL: SHOW COLUMNS FROM `kv` [ RunTime:0.029261s ]
SQL: SELECT * FROM `kv`  [ RunTime:0.002202s ]

[ 2014-07-27T12:25:29+08:00 ] 127.0.0.1 /ff/Admin/
INFO: [ app_begin ] --START--
INFO: Run Behavior\ReadHtmlCache [ RunTime:0.007652s ]
INFO: [ app_begin ] --END-- [ RunTime:0.012023s ]
INFO: [ view_parse ] --START--
INFO: [ template_filter ] --START--
INFO: Run Behavior\ContentReplace [ RunTime:0.000365s ]
INFO: [ template_filter ] --END-- [ RunTime:0.001111s ]
INFO: Run Behavior\ParseTemplate [ RunTime:0.071959s ]
INFO: [ view_parse ] --END-- [ RunTime:0.072993s ]
INFO: [ view_filter ] --START--
INFO: Run Behavior\WriteHtmlCache [ RunTime:0.005443s ]
INFO: [ view_filter ] --END-- [ RunTime:0.006168s ]
INFO: [ app_end ] --START--
INFO: Run Behavior\ShowPageTrace [ RunTime:0.006384s ]
INFO: [ app_end ] --END-- [ RunTime:0.007131s ]

[ 2014-07-27T12:25:31+08:00 ] 127.0.0.1 /ff/
INFO: [ app_begin ] --START--
INFO: Run Behavior\ReadHtmlCache [ RunTime:0.006190s ]
INFO: [ app_begin ] --END-- [ RunTime:0.010592s ]
SQL: SHOW COLUMNS FROM `kv` [ RunTime:0.031506s ]
SQL: SELECT * FROM `kv`  [ RunTime:0.001902s ]

[ 2014-07-27T12:25:33+08:00 ] 127.0.0.1 /ff/Admin/
INFO: [ app_begin ] --START--
INFO: Run Behavior\ReadHtmlCache [ RunTime:0.006245s ]
INFO: [ app_begin ] --END-- [ RunTime:0.010683s ]
INFO: [ view_parse ] --START--
INFO: [ template_filter ] --START--
INFO: Run Behavior\ContentReplace [ RunTime:0.000410s ]
INFO: [ template_filter ] --END-- [ RunTime:0.001178s ]
INFO: Run Behavior\ParseTemplate [ RunTime:0.074392s ]
INFO: [ view_parse ] --END-- [ RunTime:0.075387s ]
INFO: [ view_filter ] --START--
INFO: Run Behavior\WriteHtmlCache [ RunTime:0.005382s ]
INFO: [ view_filter ] --END-- [ RunTime:0.006317s ]
INFO: [ app_end ] --START--
INFO: Run Behavior\ShowPageTrace [ RunTime:0.010584s ]
INFO: [ app_end ] --END-- [ RunTime:0.011444s ]

[ 2014-07-27T12:33:51+08:00 ] 127.0.0.1 /ff/
INFO: [ app_begin ] --START--
INFO: Run Behavior\ReadHtmlCache [ RunTime:0.011293s ]
INFO: [ app_begin ] --END-- [ RunTime:0.017661s ]
SQL: SHOW COLUMNS FROM `kv` [ RunTime:0.030334s ]
SQL: SELECT * FROM `kv`  [ RunTime:0.001769s ]
ERR: 错误码:3

[ 2014-07-27T12:34:57+08:00 ] 127.0.0.1 /ff/
INFO: [ app_begin ] --START--
INFO: Run Behavior\ReadHtmlCache [ RunTime:0.005951s ]
INFO: [ app_begin ] --END-- [ RunTime:0.010489s ]
SQL: SHOW COLUMNS FROM `kv` [ RunTime:0.017823s ]
SQL: SELECT * FROM `kv`  [ RunTime:0.001229s ]
ERR: 错误码:3

[ 2014-07-27T12:38:11+08:00 ] 127.0.0.1 /ff/
INFO: [ app_begin ] --START--
INFO: Run Behavior\ReadHtmlCache [ RunTime:0.012510s ]
INFO: [ app_begin ] --END-- [ RunTime:0.018950s ]
SQL: SHOW COLUMNS FROM `kv` [ RunTime:0.029959s ]
SQL: SELECT * FROM `kv`  [ RunTime:0.001513s ]
ERR: 错误码:3->

[ 2014-07-27T12:40:40+08:00 ] 127.0.0.1 /ff/
INFO: [ app_begin ] --START--
INFO: Run Behavior\ReadHtmlCache [ RunTime:0.008004s ]
INFO: [ app_begin ] --END-- [ RunTime:0.012100s ]
SQL: SHOW COLUMNS FROM `kv` [ RunTime:0.019554s ]
SQL: SELECT * FROM `kv`  [ RunTime:0.001547s ]
ERR: 错误码:3->

[ 2014-07-27T12:41:38+08:00 ] 127.0.0.1 /ff/
INFO: [ app_begin ] --START--
INFO: Run Behavior\ReadHtmlCache [ RunTime:0.008615s ]
INFO: [ app_begin ] --END-- [ RunTime:0.012005s ]
SQL: SHOW COLUMNS FROM `kv` [ RunTime:0.031257s ]
SQL: SELECT * FROM `kv`  [ RunTime:0.001429s ]
ERR: 错误码:3->

[ 2014-07-27T12:41:48+08:00 ] 127.0.0.1 /ff/
INFO: [ app_begin ] --START--
INFO: Run Behavior\ReadHtmlCache [ RunTime:0.011756s ]
INFO: [ app_begin ] --END-- [ RunTime:0.015031s ]
SQL: SHOW COLUMNS FROM `kv` [ RunTime:0.020200s ]
SQL: SELECT * FROM `kv`  [ RunTime:0.001499s ]
ERR: 错误码:3->
NOTIC: [8] Undefined variable: err_code C:\wamp\www\ff\Application\Common\exception.tpl 第 7 行.

[ 2014-07-27T12:42:10+08:00 ] 127.0.0.1 /ff/
INFO: [ app_begin ] --START--
INFO: Run Behavior\ReadHtmlCache [ RunTime:0.008370s ]
INFO: [ app_begin ] --END-- [ RunTime:0.011868s ]
SQL: SHOW COLUMNS FROM `kv` [ RunTime:0.026131s ]
SQL: SELECT * FROM `kv`  [ RunTime:0.001713s ]
ERR: 错误码:3->

[ 2014-07-27T12:42:38+08:00 ] 127.0.0.1 /ff/
INFO: [ app_begin ] --START--
INFO: Run Behavior\ReadHtmlCache [ RunTime:0.009194s ]
INFO: [ app_begin ] --END-- [ RunTime:0.012407s ]
SQL: SHOW COLUMNS FROM `kv` [ RunTime:0.024450s ]
SQL: SELECT * FROM `kv`  [ RunTime:0.001972s ]
ERR: 错误码:3->

[ 2014-07-27T12:43:09+08:00 ] 127.0.0.1 /ff/
INFO: [ app_begin ] --START--
INFO: Run Behavior\ReadHtmlCache [ RunTime:0.009119s ]
INFO: [ app_begin ] --END-- [ RunTime:0.013617s ]
SQL: SHOW COLUMNS FROM `kv` [ RunTime:0.023567s ]
SQL: SELECT * FROM `kv`  [ RunTime:0.001457s ]
ERR: 错误码:3->

[ 2014-07-27T12:43:21+08:00 ] 127.0.0.1 /ff/
INFO: [ app_begin ] --START--
INFO: Run Behavior\ReadHtmlCache [ RunTime:0.008752s ]
INFO: [ app_begin ] --END-- [ RunTime:0.012157s ]
SQL: SHOW COLUMNS FROM `kv` [ RunTime:0.027728s ]
SQL: SELECT * FROM `kv`  [ RunTime:0.001845s ]
ERR: 错误码:3->

[ 2014-07-27T12:43:53+08:00 ] 127.0.0.1 /ff/
INFO: [ app_begin ] --START--
INFO: Run Behavior\ReadHtmlCache [ RunTime:0.008817s ]
INFO: [ app_begin ] --END-- [ RunTime:0.012972s ]
SQL: SHOW COLUMNS FROM `kv` [ RunTime:0.020207s ]
SQL: SELECT * FROM `kv`  [ RunTime:0.001282s ]
ERR: 错误码:3->

[ 2014-07-27T12:44:59+08:00 ] 127.0.0.1 /ff/
INFO: [ app_begin ] --START--
INFO: Run Behavior\ReadHtmlCache [ RunTime:0.008224s ]
INFO: [ app_begin ] --END-- [ RunTime:0.011455s ]
SQL: SHOW COLUMNS FROM `kv` [ RunTime:0.026103s ]
SQL: SELECT * FROM `kv`  [ RunTime:0.001314s ]
ERR: 错误码:3->

[ 2014-07-27T12:45:13+08:00 ] 127.0.0.1 /ff/
INFO: [ app_begin ] --START--
INFO: Run Behavior\ReadHtmlCache [ RunTime:0.007949s ]
INFO: [ app_begin ] --END-- [ RunTime:0.011376s ]
SQL: SHOW COLUMNS FROM `kv` [ RunTime:0.023161s ]
SQL: SELECT * FROM `kv`  [ RunTime:0.001304s ]
ERR: 错误码:3->

[ 2014-07-27T12:46:24+08:00 ] 127.0.0.1 /ff/
INFO: [ app_begin ] --START--
INFO: Run Behavior\ReadHtmlCache [ RunTime:0.008651s ]
INFO: [ app_begin ] --END-- [ RunTime:0.011762s ]
SQL: SHOW COLUMNS FROM `kv` [ RunTime:0.027240s ]
SQL: SELECT * FROM `kv`  [ RunTime:0.001302s ]
ERR: 错误码:3->请先登录

[ 2014-07-27T12:47:51+08:00 ] 127.0.0.1 /ff/
INFO: [ app_begin ] --START--
INFO: Run Behavior\ReadHtmlCache [ RunTime:0.009448s ]
INFO: [ app_begin ] --END-- [ RunTime:0.012591s ]
SQL: SHOW COLUMNS FROM `kv` [ RunTime:0.026175s ]
SQL: SELECT * FROM `kv`  [ RunTime:0.001831s ]
ERR: 错误码:3->请先登录

[ 2014-07-27T12:48:15+08:00 ] 127.0.0.1 /ff/
INFO: [ app_begin ] --START--
INFO: Run Behavior\ReadHtmlCache [ RunTime:0.009118s ]
INFO: [ app_begin ] --END-- [ RunTime:0.012421s ]
SQL: SHOW COLUMNS FROM `kv` [ RunTime:0.023076s ]
SQL: SELECT * FROM `kv`  [ RunTime:0.001348s ]

[ 2014-07-27T12:48:16+08:00 ] 127.0.0.1 /ff/Admin/
INFO: [ app_begin ] --START--
INFO: Run Behavior\ReadHtmlCache [ RunTime:0.007511s ]
INFO: [ app_begin ] --END-- [ RunTime:0.010648s ]
INFO: [ view_parse ] --START--
INFO: [ template_filter ] --START--
INFO: Run Behavior\ContentReplace [ RunTime:0.000459s ]
INFO: [ template_filter ] --END-- [ RunTime:0.001229s ]
INFO: Run Behavior\ParseTemplate [ RunTime:0.069662s ]
INFO: [ view_parse ] --END-- [ RunTime:0.070429s ]
INFO: [ view_filter ] --START--
INFO: Run Behavior\WriteHtmlCache [ RunTime:0.005813s ]
INFO: [ view_filter ] --END-- [ RunTime:0.006550s ]
INFO: [ app_end ] --START--
INFO: Run Behavior\ShowPageTrace [ RunTime:0.006010s ]
INFO: [ app_end ] --END-- [ RunTime:0.006723s ]

[ 2014-07-27T12:48:37+08:00 ] 127.0.0.1 /ff/Admin/
INFO: [ app_begin ] --START--
INFO: Run Behavior\ReadHtmlCache [ RunTime:0.005764s ]
INFO: [ app_begin ] --END-- [ RunTime:0.009138s ]
INFO: [ view_parse ] --START--
INFO: [ template_filter ] --START--
INFO: Run Behavior\ContentReplace [ RunTime:0.000357s ]
INFO: [ template_filter ] --END-- [ RunTime:0.001256s ]
INFO: Run Behavior\ParseTemplate [ RunTime:0.072210s ]
INFO: [ view_parse ] --END-- [ RunTime:0.073115s ]
INFO: [ view_filter ] --START--
INFO: Run Behavior\WriteHtmlCache [ RunTime:0.005255s ]
INFO: [ view_filter ] --END-- [ RunTime:0.005988s ]
INFO: [ app_end ] --START--
INFO: Run Behavior\ShowPageTrace [ RunTime:0.006063s ]
INFO: [ app_end ] --END-- [ RunTime:0.006829s ]

