[ 2014-08-02T09:30:18+08:00 ] 127.0.0.1 /ff/Admin/Question
INFO: [ app_begin ] --START--
INFO: Run Behavior\ReadHtmlCache [ RunTime:0.011324s ]
INFO: [ app_begin ] --END-- [ RunTime:0.021059s ]
NOTIC: [2] mysql_connect() [<a href='function.mysql-connect'>function.mysql-connect</a>]: [2002] ÓÉÓÚÄ¿±ê¼ÆËã»ú»ý¼«¾Ü¾ø£¬ÎÞ·¨Á¬½Ó¡£
 (trying to connect via tcp://localhost:3306) C:\wamp\www\ff\ThinkPHP\Library\Think\Db\Driver\Mysql.class.php ç¬¬ 52 è¡Œ.
NOTIC: [2] mysql_connect() [<a href='function.mysql-connect'>function.mysql-connect</a>]: ÓÉÓÚÄ¿±ê¼ÆËã»ú»ý¼«¾Ü¾ø£¬ÎÞ·¨Á¬½Ó¡£
 C:\wamp\www\ff\ThinkPHP\Library\Think\Db\Driver\Mysql.class.php ç¬¬ 52 è¡Œ.
ERR: ÓÉÓÚÄ¿±ê¼ÆËã»ú»ý¼«¾Ü¾ø£¬ÎÞ·¨Á¬½Ó¡£


[ 2014-08-02T09:30:32+08:00 ] 127.0.0.1 /ff/Admin/Question
INFO: [ app_begin ] --START--
INFO: Run Behavior\ReadHtmlCache [ RunTime:0.004530s ]
INFO: [ app_begin ] --END-- [ RunTime:0.007791s ]
NOTIC: [2] mysql_connect() [<a href='function.mysql-connect'>function.mysql-connect</a>]: [2002] ÓÉÓÚÄ¿±ê¼ÆËã»ú»ý¼«¾Ü¾ø£¬ÎÞ·¨Á¬½Ó¡£
 (trying to connect via tcp://localhost:3306) C:\wamp\www\ff\ThinkPHP\Library\Think\Db\Driver\Mysql.class.php ç¬¬ 52 è¡Œ.
NOTIC: [2] mysql_connect() [<a href='function.mysql-connect'>function.mysql-connect</a>]: ÓÉÓÚÄ¿±ê¼ÆËã»ú»ý¼«¾Ü¾ø£¬ÎÞ·¨Á¬½Ó¡£
 C:\wamp\www\ff\ThinkPHP\Library\Think\Db\Driver\Mysql.class.php ç¬¬ 52 è¡Œ.
ERR: ÓÉÓÚÄ¿±ê¼ÆËã»ú»ý¼«¾Ü¾ø£¬ÎÞ·¨Á¬½Ó¡£


[ 2014-08-02T09:30:52+08:00 ] 127.0.0.1 /ff/
INFO: [ app_begin ] --START--
INFO: Run Behavior\ReadHtmlCache [ RunTime:0.003838s ]
INFO: [ app_begin ] --END-- [ RunTime:0.007096s ]

[ 2014-08-02T09:30:54+08:00 ] 127.0.0.1 /ff/Admin/
INFO: [ app_begin ] --START--
INFO: Run Behavior\ReadHtmlCache [ RunTime:0.005239s ]
INFO: [ app_begin ] --END-- [ RunTime:0.009232s ]
INFO: [ view_parse ] --START--
INFO: [ template_filter ] --START--
INFO: Run Behavior\ContentReplace [ RunTime:0.000877s ]
INFO: [ template_filter ] --END-- [ RunTime:0.002368s ]
INFO: Run Behavior\ParseTemplate [ RunTime:0.108921s ]
INFO: [ view_parse ] --END-- [ RunTime:0.109708s ]
INFO: [ view_filter ] --START--
INFO: Run Behavior\WriteHtmlCache [ RunTime:0.008491s ]
INFO: [ view_filter ] --END-- [ RunTime:0.009513s ]
INFO: [ app_end ] --START--
INFO: Run Behavior\ShowPageTrace [ RunTime:0.008688s ]
INFO: [ app_end ] --END-- [ RunTime:0.009942s ]

[ 2014-08-02T09:31:01+08:00 ] 127.0.0.1 /ff/Admin/Question
INFO: [ app_begin ] --START--
INFO: Run Behavior\ReadHtmlCache [ RunTime:0.004028s ]
INFO: [ app_begin ] --END-- [ RunTime:0.007841s ]
NOTIC: [2] mysql_connect() [<a href='function.mysql-connect'>function.mysql-connect</a>]: [2002] ÓÉÓÚÄ¿±ê¼ÆËã»ú»ý¼«¾Ü¾ø£¬ÎÞ·¨Á¬½Ó¡£
 (trying to connect via tcp://localhost:3306) C:\wamp\www\ff\ThinkPHP\Library\Think\Db\Driver\Mysql.class.php ç¬¬ 52 è¡Œ.
NOTIC: [2] mysql_connect() [<a href='function.mysql-connect'>function.mysql-connect</a>]: ÓÉÓÚÄ¿±ê¼ÆËã»ú»ý¼«¾Ü¾ø£¬ÎÞ·¨Á¬½Ó¡£
 C:\wamp\www\ff\ThinkPHP\Library\Think\Db\Driver\Mysql.class.php ç¬¬ 52 è¡Œ.
ERR: ÓÉÓÚÄ¿±ê¼ÆËã»ú»ý¼«¾Ü¾ø£¬ÎÞ·¨Á¬½Ó¡£


[ 2014-08-02T09:32:56+08:00 ] 127.0.0.1 /ff/Admin/Question
INFO: [ app_begin ] --START--
INFO: Run Behavior\ReadHtmlCache [ RunTime:0.005425s ]
INFO: [ app_begin ] --END-- [ RunTime:0.009255s ]
SQL: SHOW COLUMNS FROM `questions` [ RunTime:0.071715s ]
SQL: SELECT * FROM `questions` LIMIT 10   [ RunTime:0.004977s ]
INFO: [ view_parse ] --START--
INFO: [ template_filter ] --START--
INFO: Run Behavior\ContentReplace [ RunTime:0.000377s ]
INFO: [ template_filter ] --END-- [ RunTime:0.001166s ]
INFO: Run Behavior\ParseTemplate [ RunTime:0.057192s ]
INFO: [ view_parse ] --END-- [ RunTime:0.057980s ]
INFO: [ view_filter ] --START--
INFO: Run Behavior\WriteHtmlCache [ RunTime:0.004029s ]
INFO: [ view_filter ] --END-- [ RunTime:0.004744s ]
INFO: [ app_end ] --START--
INFO: Run Behavior\ShowPageTrace [ RunTime:0.005175s ]
INFO: [ app_end ] --END-- [ RunTime:0.006114s ]

[ 2014-08-02T09:37:46+08:00 ] 127.0.0.1 /ff/Admin/Question
INFO: [ app_begin ] --START--
INFO: Run Behavior\ReadHtmlCache [ RunTime:0.008274s ]
INFO: [ app_begin ] --END-- [ RunTime:0.012117s ]
SQL: SHOW COLUMNS FROM `questions` [ RunTime:0.023265s ]
SQL: SELECT * FROM `questions` LIMIT 10   [ RunTime:0.002526s ]
INFO: [ view_parse ] --START--
INFO: [ template_filter ] --START--
INFO: Run Behavior\ContentReplace [ RunTime:0.000362s ]
INFO: [ template_filter ] --END-- [ RunTime:0.001120s ]
INFO: Run Behavior\ParseTemplate [ RunTime:0.113134s ]
INFO: [ view_parse ] --END-- [ RunTime:0.114491s ]
INFO: [ view_filter ] --START--
INFO: Run Behavior\WriteHtmlCache [ RunTime:0.009607s ]
INFO: [ view_filter ] --END-- [ RunTime:0.010494s ]
INFO: [ app_end ] --START--
INFO: Run Behavior\ShowPageTrace [ RunTime:0.009267s ]
INFO: [ app_end ] --END-- [ RunTime:0.010316s ]

[ 2014-08-02T09:38:54+08:00 ] 127.0.0.1 /ff/Admin/Question
INFO: [ app_begin ] --START--
INFO: Run Behavior\ReadHtmlCache [ RunTime:0.012718s ]
INFO: [ app_begin ] --END-- [ RunTime:0.017003s ]
SQL: SHOW COLUMNS FROM `questions` [ RunTime:0.030918s ]
SQL: SELECT * FROM `questions` LIMIT 10   [ RunTime:0.002211s ]
INFO: [ view_parse ] --START--
INFO: [ template_filter ] --START--
INFO: Run Behavior\ContentReplace [ RunTime:0.000362s ]
INFO: [ template_filter ] --END-- [ RunTime:0.001123s ]
INFO: Run Behavior\ParseTemplate [ RunTime:0.068512s ]
INFO: [ view_parse ] --END-- [ RunTime:0.069377s ]
INFO: [ view_filter ] --START--
INFO: Run Behavior\WriteHtmlCache [ RunTime:0.005812s ]
INFO: [ view_filter ] --END-- [ RunTime:0.006566s ]
INFO: [ app_end ] --START--
INFO: Run Behavior\ShowPageTrace [ RunTime:0.006137s ]
INFO: [ app_end ] --END-- [ RunTime:0.006924s ]

[ 2014-08-02T09:39:51+08:00 ] 127.0.0.1 /ff/Admin/Question
INFO: [ app_begin ] --START--
INFO: Run Behavior\ReadHtmlCache [ RunTime:0.011220s ]
INFO: [ app_begin ] --END-- [ RunTime:0.017086s ]
SQL: SHOW COLUMNS FROM `questions` [ RunTime:0.032216s ]
SQL: SELECT * FROM `questions` LIMIT 10   [ RunTime:0.002275s ]
INFO: [ view_parse ] --START--
INFO: [ template_filter ] --START--
INFO: Run Behavior\ContentReplace [ RunTime:0.000374s ]
INFO: [ template_filter ] --END-- [ RunTime:0.001121s ]
INFO: Run Behavior\ParseTemplate [ RunTime:0.072140s ]
INFO: [ view_parse ] --END-- [ RunTime:0.073459s ]
INFO: [ view_filter ] --START--
INFO: Run Behavior\WriteHtmlCache [ RunTime:0.008597s ]
INFO: [ view_filter ] --END-- [ RunTime:0.009620s ]
INFO: [ app_end ] --START--
INFO: Run Behavior\ShowPageTrace [ RunTime:0.010110s ]
INFO: [ app_end ] --END-- [ RunTime:0.010848s ]

[ 2014-08-02T09:40:45+08:00 ] 127.0.0.1 /ff/Admin/Question
INFO: [ app_begin ] --START--
INFO: Run Behavior\ReadHtmlCache [ RunTime:0.012856s ]
INFO: [ app_begin ] --END-- [ RunTime:0.018586s ]
SQL: SHOW COLUMNS FROM `questions` [ RunTime:0.036690s ]
SQL: SELECT * FROM `questions` LIMIT 10   [ RunTime:0.002863s ]
INFO: [ view_parse ] --START--
INFO: [ template_filter ] --START--
INFO: Run Behavior\ContentReplace [ RunTime:0.000382s ]
INFO: [ template_filter ] --END-- [ RunTime:0.001178s ]
INFO: Run Behavior\ParseTemplate [ RunTime:0.077955s ]
INFO: [ view_parse ] --END-- [ RunTime:0.078759s ]
INFO: [ view_filter ] --START--
INFO: Run Behavior\WriteHtmlCache [ RunTime:0.004999s ]
INFO: [ view_filter ] --END-- [ RunTime:0.005807s ]
INFO: [ app_end ] --START--
INFO: Run Behavior\ShowPageTrace [ RunTime:0.006850s ]
INFO: [ app_end ] --END-- [ RunTime:0.008031s ]

[ 2014-08-02T09:41:36+08:00 ] 127.0.0.1 /ff/Admin/Question
INFO: [ app_begin ] --START--
INFO: Run Behavior\ReadHtmlCache [ RunTime:0.007148s ]
INFO: [ app_begin ] --END-- [ RunTime:0.011215s ]
SQL: SHOW COLUMNS FROM `questions` [ RunTime:0.021698s ]
SQL: SELECT * FROM `questions` LIMIT 10   [ RunTime:0.001821s ]
INFO: [ view_parse ] --START--
INFO: [ template_filter ] --START--
INFO: Run Behavior\ContentReplace [ RunTime:0.000378s ]
INFO: [ template_filter ] --END-- [ RunTime:0.001148s ]
INFO: Run Behavior\ParseTemplate [ RunTime:0.053974s ]
INFO: [ view_parse ] --END-- [ RunTime:0.054879s ]
INFO: [ view_filter ] --START--
INFO: Run Behavior\WriteHtmlCache [ RunTime:0.004381s ]
INFO: [ view_filter ] --END-- [ RunTime:0.005215s ]
INFO: [ app_end ] --START--
INFO: Run Behavior\ShowPageTrace [ RunTime:0.005115s ]
INFO: [ app_end ] --END-- [ RunTime:0.005947s ]

[ 2014-08-02T09:41:42+08:00 ] 127.0.0.1 /ff/Admin/Question
INFO: [ app_begin ] --START--
INFO: Run Behavior\ReadHtmlCache [ RunTime:0.013683s ]
INFO: [ app_begin ] --END-- [ RunTime:0.018046s ]
SQL: SHOW COLUMNS FROM `questions` [ RunTime:0.020285s ]
SQL: SELECT * FROM `questions` LIMIT 10   [ RunTime:0.002891s ]
INFO: [ view_parse ] --START--
INFO: [ template_filter ] --START--
INFO: Run Behavior\ContentReplace [ RunTime:0.000410s ]
INFO: [ template_filter ] --END-- [ RunTime:0.001310s ]
INFO: Run Behavior\ParseTemplate [ RunTime:0.084870s ]
INFO: [ view_parse ] --END-- [ RunTime:0.085833s ]
INFO: [ view_filter ] --START--
INFO: Run Behavior\WriteHtmlCache [ RunTime:0.007255s ]
INFO: [ view_filter ] --END-- [ RunTime:0.008283s ]
INFO: [ app_end ] --START--
INFO: Run Behavior\ShowPageTrace [ RunTime:0.006816s ]
INFO: [ app_end ] --END-- [ RunTime:0.007577s ]

[ 2014-08-02T09:45:28+08:00 ] 127.0.0.1 /ff/Admin/Question
INFO: [ app_begin ] --START--
INFO: Run Behavior\ReadHtmlCache [ RunTime:0.008853s ]
INFO: [ app_begin ] --END-- [ RunTime:0.012444s ]
SQL: SHOW COLUMNS FROM `questions` [ RunTime:0.018030s ]
SQL: SELECT * FROM `questions` LIMIT 10   [ RunTime:0.001926s ]
INFO: [ view_parse ] --START--
INFO: [ template_filter ] --START--
INFO: Run Behavior\ContentReplace [ RunTime:0.000633s ]
INFO: [ template_filter ] --END-- [ RunTime:0.001576s ]
INFO: Run Behavior\ParseTemplate [ RunTime:0.070966s ]
INFO: [ view_parse ] --END-- [ RunTime:0.071968s ]
INFO: [ view_filter ] --START--
INFO: Run Behavior\WriteHtmlCache [ RunTime:0.006938s ]
INFO: [ view_filter ] --END-- [ RunTime:0.007715s ]
INFO: [ app_end ] --START--
INFO: Run Behavior\ShowPageTrace [ RunTime:0.008436s ]
INFO: [ app_end ] --END-- [ RunTime:0.009212s ]

[ 2014-08-02T09:46:23+08:00 ] 127.0.0.1 /ff/Admin/Question
INFO: [ app_begin ] --START--
INFO: Run Behavior\ReadHtmlCache [ RunTime:0.006782s ]
INFO: [ app_begin ] --END-- [ RunTime:0.010489s ]
SQL: SHOW COLUMNS FROM `questions` [ RunTime:0.023278s ]
SQL: SELECT * FROM `questions` LIMIT 10   [ RunTime:0.001785s ]
INFO: [ view_parse ] --START--
INFO: [ template_filter ] --START--
INFO: Run Behavior\ContentReplace [ RunTime:0.000413s ]
INFO: [ template_filter ] --END-- [ RunTime:0.001212s ]
INFO: Run Behavior\ParseTemplate [ RunTime:0.070910s ]
INFO: [ view_parse ] --END-- [ RunTime:0.071791s ]
INFO: [ view_filter ] --START--
INFO: Run Behavior\WriteHtmlCache [ RunTime:0.005949s ]
INFO: [ view_filter ] --END-- [ RunTime:0.006975s ]
INFO: [ app_end ] --START--
INFO: Run Behavior\ShowPageTrace [ RunTime:0.006598s ]
INFO: [ app_end ] --END-- [ RunTime:0.007350s ]

[ 2014-08-02T09:50:19+08:00 ] 127.0.0.1 /ff/Admin/Question
INFO: [ app_begin ] --START--
INFO: Run Behavior\ReadHtmlCache [ RunTime:0.017833s ]
INFO: [ app_begin ] --END-- [ RunTime:0.025021s ]
SQL: SHOW COLUMNS FROM `questions` [ RunTime:0.025100s ]
SQL: SELECT * FROM `questions` LIMIT 10   [ RunTime:0.002177s ]
INFO: [ view_parse ] --START--
INFO: [ template_filter ] --START--
INFO: Run Behavior\ContentReplace [ RunTime:0.000407s ]
INFO: [ template_filter ] --END-- [ RunTime:0.001499s ]
INFO: Run Behavior\ParseTemplate [ RunTime:0.066366s ]
INFO: [ view_parse ] --END-- [ RunTime:0.067139s ]
INFO: [ view_filter ] --START--
INFO: Run Behavior\WriteHtmlCache [ RunTime:0.007385s ]
INFO: [ view_filter ] --END-- [ RunTime:0.008352s ]
INFO: [ app_end ] --START--
INFO: Run Behavior\ShowPageTrace [ RunTime:0.008394s ]
INFO: [ app_end ] --END-- [ RunTime:0.009404s ]

[ 2014-08-02T09:52:46+08:00 ] 127.0.0.1 /ff/Admin/Question
INFO: [ app_begin ] --START--
INFO: Run Behavior\ReadHtmlCache [ RunTime:0.008579s ]
INFO: [ app_begin ] --END-- [ RunTime:0.013002s ]
SQL: SHOW COLUMNS FROM `questions` [ RunTime:0.024354s ]
SQL: SELECT * FROM `questions` LIMIT 10   [ RunTime:0.001795s ]
INFO: [ view_parse ] --START--
INFO: [ template_filter ] --START--
INFO: Run Behavior\ContentReplace [ RunTime:0.000389s ]
INFO: [ template_filter ] --END-- [ RunTime:0.001247s ]
INFO: Run Behavior\ParseTemplate [ RunTime:0.070699s ]
INFO: [ view_parse ] --END-- [ RunTime:0.071568s ]
INFO: [ view_filter ] --START--
INFO: Run Behavior\WriteHtmlCache [ RunTime:0.007193s ]
INFO: [ view_filter ] --END-- [ RunTime:0.008017s ]
INFO: [ app_end ] --START--
INFO: Run Behavior\ShowPageTrace [ RunTime:0.009695s ]
INFO: [ app_end ] --END-- [ RunTime:0.010467s ]

[ 2014-08-02T09:54:23+08:00 ] 127.0.0.1 /ff/Admin/Question
INFO: [ app_begin ] --START--
INFO: Run Behavior\ReadHtmlCache [ RunTime:0.008071s ]
INFO: [ app_begin ] --END-- [ RunTime:0.012457s ]
SQL: SHOW COLUMNS FROM `questions` [ RunTime:0.029473s ]
SQL: SELECT * FROM `questions` LIMIT 10   [ RunTime:0.002088s ]
INFO: [ view_parse ] --START--
INFO: [ template_filter ] --START--
INFO: Run Behavior\ContentReplace [ RunTime:0.000407s ]
INFO: [ template_filter ] --END-- [ RunTime:0.001265s ]
INFO: Run Behavior\ParseTemplate [ RunTime:0.074064s ]
INFO: [ view_parse ] --END-- [ RunTime:0.075195s ]
INFO: [ view_filter ] --START--
INFO: Run Behavior\WriteHtmlCache [ RunTime:0.006213s ]
INFO: [ view_filter ] --END-- [ RunTime:0.007310s ]
INFO: [ app_end ] --START--
INFO: Run Behavior\ShowPageTrace [ RunTime:0.009597s ]
INFO: [ app_end ] --END-- [ RunTime:0.010333s ]

[ 2014-08-02T09:57:39+08:00 ] 127.0.0.1 /ff/Admin/Question
INFO: [ app_begin ] --START--
INFO: Run Behavior\ReadHtmlCache [ RunTime:0.015088s ]
INFO: [ app_begin ] --END-- [ RunTime:0.020511s ]
SQL: SHOW COLUMNS FROM `questions` [ RunTime:0.021703s ]
SQL: SELECT * FROM `questions` LIMIT 10   [ RunTime:0.001863s ]
INFO: [ view_parse ] --START--
INFO: [ template_filter ] --START--
INFO: Run Behavior\ContentReplace [ RunTime:0.000440s ]
INFO: [ template_filter ] --END-- [ RunTime:0.001297s ]
INFO: Run Behavior\ParseTemplate [ RunTime:0.069693s ]
INFO: [ view_parse ] --END-- [ RunTime:0.070538s ]
INFO: [ view_filter ] --START--
INFO: Run Behavior\WriteHtmlCache [ RunTime:0.008882s ]
INFO: [ view_filter ] --END-- [ RunTime:0.009648s ]
INFO: [ app_end ] --START--
INFO: Run Behavior\ShowPageTrace [ RunTime:0.007533s ]
INFO: [ app_end ] --END-- [ RunTime:0.008257s ]

[ 2014-08-02T09:58:57+08:00 ] 127.0.0.1 /ff/Admin/Question
INFO: [ app_begin ] --START--
INFO: Run Behavior\ReadHtmlCache [ RunTime:0.006738s ]
INFO: [ app_begin ] --END-- [ RunTime:0.010794s ]
SQL: SHOW COLUMNS FROM `questions` [ RunTime:0.025670s ]
SQL: SELECT * FROM `questions` LIMIT 10   [ RunTime:0.002181s ]
INFO: [ view_parse ] --START--
INFO: [ template_filter ] --START--
INFO: Run Behavior\ContentReplace [ RunTime:0.000436s ]
INFO: [ template_filter ] --END-- [ RunTime:0.001291s ]
INFO: Run Behavior\ParseTemplate [ RunTime:0.074931s ]
INFO: [ view_parse ] --END-- [ RunTime:0.075761s ]
INFO: [ view_filter ] --START--
INFO: Run Behavior\WriteHtmlCache [ RunTime:0.005889s ]
INFO: [ view_filter ] --END-- [ RunTime:0.006664s ]
INFO: [ app_end ] --START--
INFO: Run Behavior\ShowPageTrace [ RunTime:0.007462s ]
INFO: [ app_end ] --END-- [ RunTime:0.008338s ]

[ 2014-08-02T09:59:48+08:00 ] 127.0.0.1 /ff/Admin/Question
INFO: [ app_begin ] --START--
INFO: Run Behavior\ReadHtmlCache [ RunTime:0.025197s ]
INFO: [ app_begin ] --END-- [ RunTime:0.031853s ]
SQL: SHOW COLUMNS FROM `questions` [ RunTime:0.019454s ]
SQL: SELECT * FROM `questions` LIMIT 10   [ RunTime:0.001737s ]
INFO: [ view_parse ] --START--
INFO: [ template_filter ] --START--
INFO: Run Behavior\ContentReplace [ RunTime:0.000445s ]
INFO: [ template_filter ] --END-- [ RunTime:0.001382s ]
INFO: Run Behavior\ParseTemplate [ RunTime:0.073633s ]
INFO: [ view_parse ] --END-- [ RunTime:0.074401s ]
INFO: [ view_filter ] --START--
INFO: Run Behavior\WriteHtmlCache [ RunTime:0.007852s ]
INFO: [ view_filter ] --END-- [ RunTime:0.008554s ]
INFO: [ app_end ] --START--
INFO: Run Behavior\ShowPageTrace [ RunTime:0.010063s ]
INFO: [ app_end ] --END-- [ RunTime:0.010911s ]

[ 2014-08-02T10:04:02+08:00 ] 127.0.0.1 /ff/Admin/Question
INFO: [ app_begin ] --START--
INFO: Run Behavior\ReadHtmlCache [ RunTime:0.007687s ]
INFO: [ app_begin ] --END-- [ RunTime:0.011947s ]
SQL: SHOW COLUMNS FROM `questions` [ RunTime:0.028198s ]
SQL: SELECT * FROM `questions` LIMIT 10   [ RunTime:0.001760s ]
INFO: [ view_parse ] --START--
INFO: [ template_filter ] --START--
INFO: Run Behavior\ContentReplace [ RunTime:0.000418s ]
INFO: [ template_filter ] --END-- [ RunTime:0.001212s ]
INFO: Run Behavior\ParseTemplate [ RunTime:0.072105s ]
INFO: [ view_parse ] --END-- [ RunTime:0.073175s ]
INFO: [ view_filter ] --START--
INFO: Run Behavior\WriteHtmlCache [ RunTime:0.007388s ]
INFO: [ view_filter ] --END-- [ RunTime:0.008182s ]
INFO: [ app_end ] --START--
INFO: Run Behavior\ShowPageTrace [ RunTime:0.006337s ]
INFO: [ app_end ] --END-- [ RunTime:0.007209s ]

[ 2014-08-02T10:05:28+08:00 ] 127.0.0.1 /ff/Admin/Question
INFO: [ app_begin ] --START--
INFO: Run Behavior\ReadHtmlCache [ RunTime:0.013284s ]
INFO: [ app_begin ] --END-- [ RunTime:0.018574s ]
SQL: SHOW COLUMNS FROM `questions` [ RunTime:0.023095s ]
SQL: SELECT * FROM `questions` LIMIT 10   [ RunTime:0.002767s ]
INFO: [ view_parse ] --START--
INFO: [ template_filter ] --START--
INFO: Run Behavior\ContentReplace [ RunTime:0.000895s ]
INFO: [ template_filter ] --END-- [ RunTime:0.001855s ]
INFO: Run Behavior\ParseTemplate [ RunTime:0.073456s ]
INFO: [ view_parse ] --END-- [ RunTime:0.074506s ]
INFO: [ view_filter ] --START--
INFO: Run Behavior\WriteHtmlCache [ RunTime:0.007386s ]
INFO: [ view_filter ] --END-- [ RunTime:0.008323s ]
INFO: [ app_end ] --START--
INFO: Run Behavior\ShowPageTrace [ RunTime:0.008483s ]
INFO: [ app_end ] --END-- [ RunTime:0.009257s ]

[ 2014-08-02T10:06:05+08:00 ] 127.0.0.1 /ff/Admin/Question
INFO: [ app_begin ] --START--
INFO: Run Behavior\ReadHtmlCache [ RunTime:0.033790s ]
INFO: [ app_begin ] --END-- [ RunTime:0.049948s ]
SQL: SHOW COLUMNS FROM `questions` [ RunTime:0.033763s ]
SQL: SELECT * FROM `questions` LIMIT 10   [ RunTime:0.002082s ]
INFO: [ view_parse ] --START--
INFO: [ template_filter ] --START--
INFO: Run Behavior\ContentReplace [ RunTime:0.000411s ]
INFO: [ template_filter ] --END-- [ RunTime:0.001167s ]
INFO: Run Behavior\ParseTemplate [ RunTime:0.070896s ]
INFO: [ view_parse ] --END-- [ RunTime:0.071878s ]
INFO: [ view_filter ] --START--
INFO: Run Behavior\WriteHtmlCache [ RunTime:0.007714s ]
INFO: [ view_filter ] --END-- [ RunTime:0.008439s ]
INFO: [ app_end ] --START--
INFO: Run Behavior\ShowPageTrace [ RunTime:0.007599s ]
INFO: [ app_end ] --END-- [ RunTime:0.008364s ]

[ 2014-08-02T10:08:35+08:00 ] 127.0.0.1 /ff/Admin/Question
INFO: [ app_begin ] --START--
INFO: Run Behavior\ReadHtmlCache [ RunTime:0.008545s ]
INFO: [ app_begin ] --END-- [ RunTime:0.012357s ]
SQL: SHOW COLUMNS FROM `questions` [ RunTime:0.030015s ]
SQL: SELECT * FROM `questions` LIMIT 10   [ RunTime:0.001900s ]
INFO: [ view_parse ] --START--
INFO: [ template_filter ] --START--
INFO: Run Behavior\ContentReplace [ RunTime:0.000544s ]
INFO: [ template_filter ] --END-- [ RunTime:0.001318s ]
INFO: Run Behavior\ParseTemplate [ RunTime:0.070276s ]
INFO: [ view_parse ] --END-- [ RunTime:0.071038s ]
INFO: [ view_filter ] --START--
INFO: Run Behavior\WriteHtmlCache [ RunTime:0.007822s ]
INFO: [ view_filter ] --END-- [ RunTime:0.008540s ]
INFO: [ app_end ] --START--
INFO: Run Behavior\ShowPageTrace [ RunTime:0.010192s ]
INFO: [ app_end ] --END-- [ RunTime:0.010952s ]

[ 2014-08-02T10:14:58+08:00 ] 127.0.0.1 /ff/Admin/Question
INFO: [ app_begin ] --START--
INFO: Run Behavior\ReadHtmlCache [ RunTime:0.010135s ]
INFO: [ app_begin ] --END-- [ RunTime:0.014109s ]
SQL: SHOW COLUMNS FROM `questions` [ RunTime:0.024821s ]
SQL: SELECT * FROM `questions` LIMIT 10   [ RunTime:0.001712s ]
NOTIC: [8] Use of undefined constant result - assumed 'result' C:\wamp\www\ff\Application\Admin\Controller\QuestionController.class.php ç¬¬ 9 è¡Œ.
INFO: [ view_parse ] --START--
INFO: [ template_filter ] --START--
INFO: Run Behavior\ContentReplace [ RunTime:0.000440s ]
INFO: [ template_filter ] --END-- [ RunTime:0.001182s ]
INFO: Run Behavior\ParseTemplate [ RunTime:0.079452s ]
INFO: [ view_parse ] --END-- [ RunTime:0.080375s ]
INFO: [ view_filter ] --START--
INFO: Run Behavior\WriteHtmlCache [ RunTime:0.008382s ]
INFO: [ view_filter ] --END-- [ RunTime:0.009629s ]
INFO: [ app_end ] --START--
INFO: Run Behavior\ShowPageTrace [ RunTime:0.008570s ]
INFO: [ app_end ] --END-- [ RunTime:0.009747s ]

[ 2014-08-02T10:15:45+08:00 ] 127.0.0.1 /ff/Admin/Question
INFO: [ app_begin ] --START--
INFO: Run Behavior\ReadHtmlCache [ RunTime:0.009311s ]
INFO: [ app_begin ] --END-- [ RunTime:0.014128s ]
SQL: SHOW COLUMNS FROM `questions` [ RunTime:0.019486s ]
SQL: SELECT * FROM `questions` LIMIT 10   [ RunTime:0.001751s ]
NOTIC: [8] Use of undefined constant result - assumed 'result' C:\wamp\www\ff\Application\Admin\Controller\QuestionController.class.php ç¬¬ 9 è¡Œ.
INFO: [ view_parse ] --START--
INFO: [ template_filter ] --START--
INFO: Run Behavior\ContentReplace [ RunTime:0.000904s ]
INFO: [ template_filter ] --END-- [ RunTime:0.002077s ]
INFO: Run Behavior\ParseTemplate [ RunTime:0.084798s ]
INFO: [ view_parse ] --END-- [ RunTime:0.085647s ]
INFO: [ view_filter ] --START--
INFO: Run Behavior\WriteHtmlCache [ RunTime:0.006966s ]
INFO: [ view_filter ] --END-- [ RunTime:0.007728s ]
INFO: [ app_end ] --START--
INFO: Run Behavior\ShowPageTrace [ RunTime:0.010191s ]
INFO: [ app_end ] --END-- [ RunTime:0.010956s ]

[ 2014-08-02T10:16:02+08:00 ] 127.0.0.1 /ff/Admin/Question
INFO: [ app_begin ] --START--
INFO: Run Behavior\ReadHtmlCache [ RunTime:0.029837s ]
INFO: [ app_begin ] --END-- [ RunTime:0.037068s ]
SQL: SHOW COLUMNS FROM `questions` [ RunTime:0.029804s ]
SQL: SELECT * FROM `questions` LIMIT 10   [ RunTime:0.001718s ]
INFO: [ view_parse ] --START--
INFO: [ template_filter ] --START--
INFO: Run Behavior\ContentReplace [ RunTime:0.000433s ]
INFO: [ template_filter ] --END-- [ RunTime:0.001479s ]
INFO: Run Behavior\ParseTemplate [ RunTime:0.081844s ]
INFO: [ view_parse ] --END-- [ RunTime:0.082851s ]
INFO: [ view_filter ] --START--
INFO: Run Behavior\WriteHtmlCache [ RunTime:0.007241s ]
INFO: [ view_filter ] --END-- [ RunTime:0.007944s ]
INFO: [ app_end ] --START--
INFO: Run Behavior\ShowPageTrace [ RunTime:0.009855s ]
INFO: [ app_end ] --END-- [ RunTime:0.010588s ]

[ 2014-08-02T10:17:13+08:00 ] 127.0.0.1 /ff/Admin/Question
INFO: [ app_begin ] --START--
INFO: Run Behavior\ReadHtmlCache [ RunTime:0.008077s ]
INFO: [ app_begin ] --END-- [ RunTime:0.011758s ]
SQL: SHOW COLUMNS FROM `questions` [ RunTime:0.025245s ]
SQL: SELECT * FROM `questions` LIMIT 10   [ RunTime:0.001954s ]
INFO: [ view_parse ] --START--
INFO: [ template_filter ] --START--
INFO: Run Behavior\ContentReplace [ RunTime:0.000428s ]
INFO: [ template_filter ] --END-- [ RunTime:0.001159s ]
INFO: Run Behavior\ParseTemplate [ RunTime:0.081110s ]
INFO: [ view_parse ] --END-- [ RunTime:0.081911s ]
INFO: [ view_filter ] --START--
INFO: Run Behavior\WriteHtmlCache [ RunTime:0.006891s ]
INFO: [ view_filter ] --END-- [ RunTime:0.007661s ]
INFO: [ app_end ] --START--
INFO: Run Behavior\ShowPageTrace [ RunTime:0.008834s ]
INFO: [ app_end ] --END-- [ RunTime:0.009855s ]

[ 2014-08-02T10:17:30+08:00 ] 127.0.0.1 /ff/Admin/Question
INFO: [ app_begin ] --START--
INFO: Run Behavior\ReadHtmlCache [ RunTime:0.008494s ]
INFO: [ app_begin ] --END-- [ RunTime:0.012408s ]
SQL: SHOW COLUMNS FROM `questions` [ RunTime:0.027922s ]
SQL: SELECT * FROM `questions` LIMIT 3   [ RunTime:0.002181s ]
INFO: [ view_parse ] --START--
INFO: [ template_filter ] --START--
INFO: Run Behavior\ContentReplace [ RunTime:0.000440s ]
INFO: [ template_filter ] --END-- [ RunTime:0.001202s ]
INFO: Run Behavior\ParseTemplate [ RunTime:0.080985s ]
INFO: [ view_parse ] --END-- [ RunTime:0.082265s ]
INFO: [ view_filter ] --START--
INFO: Run Behavior\WriteHtmlCache [ RunTime:0.007629s ]
INFO: [ view_filter ] --END-- [ RunTime:0.008389s ]
INFO: [ app_end ] --START--
INFO: Run Behavior\ShowPageTrace [ RunTime:0.009258s ]
INFO: [ app_end ] --END-- [ RunTime:0.010180s ]

[ 2014-08-02T10:20:43+08:00 ] 127.0.0.1 /ff/Admin/Question
INFO: [ app_begin ] --START--
INFO: Run Behavior\ReadHtmlCache [ RunTime:0.014133s ]
INFO: [ app_begin ] --END-- [ RunTime:0.027242s ]
SQL: SHOW COLUMNS FROM `questions` [ RunTime:0.027692s ]
SQL: SELECT * FROM `questions` LIMIT 3   [ RunTime:0.001738s ]
INFO: [ view_parse ] --START--
INFO: [ template_filter ] --START--
INFO: Run Behavior\ContentReplace [ RunTime:0.000452s ]
INFO: [ template_filter ] --END-- [ RunTime:0.001238s ]
INFO: Run Behavior\ParseTemplate [ RunTime:0.083316s ]
INFO: [ view_parse ] --END-- [ RunTime:0.084322s ]
INFO: [ view_filter ] --START--
INFO: Run Behavior\WriteHtmlCache [ RunTime:0.007975s ]
INFO: [ view_filter ] --END-- [ RunTime:0.008854s ]
INFO: [ app_end ] --START--
INFO: Run Behavior\ShowPageTrace [ RunTime:0.009310s ]
INFO: [ app_end ] --END-- [ RunTime:0.010184s ]

[ 2014-08-02T10:21:18+08:00 ] 127.0.0.1 /ff/Admin/Question
INFO: [ app_begin ] --START--
INFO: Run Behavior\ReadHtmlCache [ RunTime:0.009477s ]
INFO: [ app_begin ] --END-- [ RunTime:0.014088s ]
SQL: SHOW COLUMNS FROM `questions` [ RunTime:0.023348s ]
SQL: SELECT * FROM `questions` LIMIT 3   [ RunTime:0.001791s ]
INFO: [ view_parse ] --START--
INFO: [ template_filter ] --START--
INFO: Run Behavior\ContentReplace [ RunTime:0.000424s ]
INFO: [ template_filter ] --END-- [ RunTime:0.001486s ]
NOTIC: [8] Undefined variable: data C:\wamp\www\ff\Application\Runtime\Cache\Admin\049ad0fbc4579ec0053f845ee20dffd2.php ç¬¬ 1 è¡Œ.
INFO: Run Behavior\ParseTemplate [ RunTime:0.091205s ]
INFO: [ view_parse ] --END-- [ RunTime:0.092007s ]
INFO: [ view_filter ] --START--
INFO: Run Behavior\WriteHtmlCache [ RunTime:0.009393s ]
INFO: [ view_filter ] --END-- [ RunTime:0.010114s ]
INFO: [ app_end ] --START--
INFO: Run Behavior\ShowPageTrace [ RunTime:0.008542s ]
INFO: [ app_end ] --END-- [ RunTime:0.009334s ]

[ 2014-08-02T10:21:48+08:00 ] 127.0.0.1 /ff/Admin/Question
INFO: [ app_begin ] --START--
INFO: Run Behavior\ReadHtmlCache [ RunTime:0.015099s ]
INFO: [ app_begin ] --END-- [ RunTime:0.020465s ]
SQL: SHOW COLUMNS FROM `questions` [ RunTime:0.030891s ]
SQL: SELECT * FROM `questions` LIMIT 3   [ RunTime:0.001580s ]
INFO: [ view_parse ] --START--
INFO: [ template_filter ] --START--
INFO: Run Behavior\ContentReplace [ RunTime:0.000424s ]
INFO: [ template_filter ] --END-- [ RunTime:0.001214s ]
INFO: Run Behavior\ParseTemplate [ RunTime:0.083991s ]
INFO: [ view_parse ] --END-- [ RunTime:0.084905s ]
INFO: [ view_filter ] --START--
INFO: Run Behavior\WriteHtmlCache [ RunTime:0.007359s ]
INFO: [ view_filter ] --END-- [ RunTime:0.008194s ]
INFO: [ app_end ] --START--
INFO: Run Behavior\ShowPageTrace [ RunTime:0.009115s ]
INFO: [ app_end ] --END-- [ RunTime:0.010128s ]

[ 2014-08-02T10:24:13+08:00 ] 127.0.0.1 /ff/Admin/Question
INFO: [ app_begin ] --START--
INFO: Run Behavior\ReadHtmlCache [ RunTime:0.008328s ]
INFO: [ app_begin ] --END-- [ RunTime:0.014514s ]
SQL: SHOW COLUMNS FROM `questions` [ RunTime:0.025067s ]
SQL: SELECT * FROM `questions` LIMIT 3   [ RunTime:0.001657s ]
INFO: [ view_parse ] --START--
INFO: [ template_filter ] --START--
INFO: Run Behavior\ContentReplace [ RunTime:0.000421s ]
INFO: [ template_filter ] --END-- [ RunTime:0.001190s ]

[ 2014-08-02T10:24:54+08:00 ] 127.0.0.1 /ff/Admin/Question
INFO: [ app_begin ] --START--
INFO: Run Behavior\ReadHtmlCache [ RunTime:0.013156s ]
INFO: [ app_begin ] --END-- [ RunTime:0.017948s ]
SQL: SHOW COLUMNS FROM `questions` [ RunTime:0.038890s ]
SQL: SELECT * FROM `questions` LIMIT 3   [ RunTime:0.001786s ]
INFO: [ view_parse ] --START--
INFO: [ template_filter ] --START--
INFO: Run Behavior\ContentReplace [ RunTime:0.000429s ]
INFO: [ template_filter ] --END-- [ RunTime:0.001212s ]
INFO: Run Behavior\ParseTemplate [ RunTime:0.096501s ]
INFO: [ view_parse ] --END-- [ RunTime:0.097386s ]
INFO: [ view_filter ] --START--
INFO: Run Behavior\WriteHtmlCache [ RunTime:0.006569s ]
INFO: [ view_filter ] --END-- [ RunTime:0.007437s ]
INFO: [ app_end ] --START--
INFO: Run Behavior\ShowPageTrace [ RunTime:0.007759s ]
INFO: [ app_end ] --END-- [ RunTime:0.008575s ]

[ 2014-08-02T10:25:39+08:00 ] 127.0.0.1 /ff/Admin/Question
INFO: [ app_begin ] --START--
INFO: Run Behavior\ReadHtmlCache [ RunTime:0.008475s ]
INFO: [ app_begin ] --END-- [ RunTime:0.012264s ]
SQL: SHOW COLUMNS FROM `questions` [ RunTime:0.029289s ]
SQL: SELECT * FROM `questions` LIMIT 3   [ RunTime:0.002252s ]
INFO: [ view_parse ] --START--
INFO: [ template_filter ] --START--
INFO: Run Behavior\ContentReplace [ RunTime:0.000416s ]
INFO: [ template_filter ] --END-- [ RunTime:0.001185s ]
INFO: Run Behavior\ParseTemplate [ RunTime:0.080944s ]
INFO: [ view_parse ] --END-- [ RunTime:0.081774s ]
INFO: [ view_filter ] --START--
INFO: Run Behavior\WriteHtmlCache [ RunTime:0.006506s ]
INFO: [ view_filter ] --END-- [ RunTime:0.007300s ]
INFO: [ app_end ] --START--
INFO: Run Behavior\ShowPageTrace [ RunTime:0.009037s ]
INFO: [ app_end ] --END-- [ RunTime:0.010002s ]

[ 2014-08-02T10:27:04+08:00 ] 127.0.0.1 /ff/Admin/Question
INFO: [ app_begin ] --START--
INFO: Run Behavior\ReadHtmlCache [ RunTime:0.005384s ]
INFO: [ app_begin ] --END-- [ RunTime:0.009121s ]
SQL: SHOW COLUMNS FROM `questions` [ RunTime:0.019923s ]
SQL: SELECT * FROM `questions` LIMIT 3   [ RunTime:0.001810s ]
INFO: [ view_parse ] --START--
INFO: [ template_filter ] --START--
INFO: Run Behavior\ContentReplace [ RunTime:0.000408s ]
INFO: [ template_filter ] --END-- [ RunTime:0.001174s ]
INFO: Run Behavior\ParseTemplate [ RunTime:0.073590s ]
INFO: [ view_parse ] --END-- [ RunTime:0.074951s ]
INFO: [ view_filter ] --START--
INFO: Run Behavior\WriteHtmlCache [ RunTime:0.003776s ]
INFO: [ view_filter ] --END-- [ RunTime:0.004518s ]
INFO: [ app_end ] --START--
INFO: Run Behavior\ShowPageTrace [ RunTime:0.005313s ]
INFO: [ app_end ] --END-- [ RunTime:0.006303s ]

[ 2014-08-02T10:27:36+08:00 ] 127.0.0.1 /ff/Admin/Question
INFO: [ app_begin ] --START--
INFO: Run Behavior\ReadHtmlCache [ RunTime:0.008816s ]
INFO: [ app_begin ] --END-- [ RunTime:0.012580s ]
SQL: SHOW COLUMNS FROM `questions` [ RunTime:0.029403s ]
SQL: SELECT * FROM `questions` LIMIT 3   [ RunTime:0.002781s ]
INFO: [ view_parse ] --START--
INFO: [ template_filter ] --START--
INFO: Run Behavior\ContentReplace [ RunTime:0.000431s ]
INFO: [ template_filter ] --END-- [ RunTime:0.001249s ]

[ 2014-08-02T10:28:06+08:00 ] 127.0.0.1 /ff/Admin/Question
INFO: [ app_begin ] --START--
INFO: Run Behavior\ReadHtmlCache [ RunTime:0.011054s ]
INFO: [ app_begin ] --END-- [ RunTime:0.016118s ]
SQL: SHOW COLUMNS FROM `questions` [ RunTime:0.028347s ]
SQL: SELECT * FROM `questions` LIMIT 3   [ RunTime:0.001539s ]
INFO: [ view_parse ] --START--
INFO: [ template_filter ] --START--
INFO: Run Behavior\ContentReplace [ RunTime:0.000445s ]
INFO: [ template_filter ] --END-- [ RunTime:0.001198s ]
INFO: Run Behavior\ParseTemplate [ RunTime:0.080653s ]
INFO: [ view_parse ] --END-- [ RunTime:0.081430s ]
INFO: [ view_filter ] --START--
INFO: Run Behavior\WriteHtmlCache [ RunTime:0.006856s ]
INFO: [ view_filter ] --END-- [ RunTime:0.007570s ]
INFO: [ app_end ] --START--
INFO: Run Behavior\ShowPageTrace [ RunTime:0.009227s ]
INFO: [ app_end ] --END-- [ RunTime:0.010032s ]

[ 2014-08-02T10:28:21+08:00 ] 127.0.0.1 /ff/Admin/Question
INFO: [ app_begin ] --START--
INFO: Run Behavior\ReadHtmlCache [ RunTime:0.019249s ]
INFO: [ app_begin ] --END-- [ RunTime:0.026864s ]
SQL: SHOW COLUMNS FROM `questions` [ RunTime:0.026283s ]
SQL: SELECT * FROM `questions` LIMIT 3   [ RunTime:0.001857s ]
INFO: [ view_parse ] --START--
INFO: [ template_filter ] --START--
INFO: Run Behavior\ContentReplace [ RunTime:0.000561s ]
INFO: [ template_filter ] --END-- [ RunTime:0.001483s ]
INFO: Run Behavior\ParseTemplate [ RunTime:0.082911s ]
INFO: [ view_parse ] --END-- [ RunTime:0.084255s ]
INFO: [ view_filter ] --START--
INFO: Run Behavior\WriteHtmlCache [ RunTime:0.006962s ]
INFO: [ view_filter ] --END-- [ RunTime:0.007689s ]
INFO: [ app_end ] --START--
INFO: Run Behavior\ShowPageTrace [ RunTime:0.008873s ]
INFO: [ app_end ] --END-- [ RunTime:0.009683s ]

[ 2014-08-02T10:28:53+08:00 ] 127.0.0.1 /ff/Admin/Question
INFO: [ app_begin ] --START--
INFO: Run Behavior\ReadHtmlCache [ RunTime:0.023630s ]
INFO: [ app_begin ] --END-- [ RunTime:0.028561s ]
SQL: SHOW COLUMNS FROM `questions` [ RunTime:0.020439s ]
SQL: SELECT * FROM `questions` LIMIT 3   [ RunTime:0.001788s ]
INFO: [ view_parse ] --START--
INFO: [ template_filter ] --START--
INFO: Run Behavior\ContentReplace [ RunTime:0.000398s ]
INFO: [ template_filter ] --END-- [ RunTime:0.001155s ]

[ 2014-08-02T10:29:23+08:00 ] 127.0.0.1 /ff/Admin/Question
INFO: [ app_begin ] --START--
INFO: Run Behavior\ReadHtmlCache [ RunTime:0.009080s ]
INFO: [ app_begin ] --END-- [ RunTime:0.013657s ]
SQL: SHOW COLUMNS FROM `questions` [ RunTime:0.018351s ]
SQL: SELECT * FROM `questions` LIMIT 3   [ RunTime:0.001604s ]
INFO: [ view_parse ] --START--
INFO: [ template_filter ] --START--
INFO: Run Behavior\ContentReplace [ RunTime:0.000403s ]
INFO: [ template_filter ] --END-- [ RunTime:0.001150s ]
NOTIC: [8] Use of undefined constant type - assumed 'type' C:\wamp\www\ff\Application\Runtime\Cache\Admin\049ad0fbc4579ec0053f845ee20dffd2.php ç¬¬ 149 è¡Œ.
NOTIC: [8] Use of undefined constant type - assumed 'type' C:\wamp\www\ff\Application\Runtime\Cache\Admin\049ad0fbc4579ec0053f845ee20dffd2.php ç¬¬ 149 è¡Œ.
NOTIC: [8] Use of undefined constant type - assumed 'type' C:\wamp\www\ff\Application\Runtime\Cache\Admin\049ad0fbc4579ec0053f845ee20dffd2.php ç¬¬ 149 è¡Œ.
INFO: Run Behavior\ParseTemplate [ RunTime:0.082052s ]
INFO: [ view_parse ] --END-- [ RunTime:0.082858s ]
INFO: [ view_filter ] --START--
INFO: Run Behavior\WriteHtmlCache [ RunTime:0.006160s ]
INFO: [ view_filter ] --END-- [ RunTime:0.006868s ]
INFO: [ app_end ] --START--
INFO: Run Behavior\ShowPageTrace [ RunTime:0.007567s ]
INFO: [ app_end ] --END-- [ RunTime:0.008338s ]

[ 2014-08-02T10:29:35+08:00 ] 127.0.0.1 /ff/Admin/Question
INFO: [ app_begin ] --START--
INFO: Run Behavior\ReadHtmlCache [ RunTime:0.011722s ]
INFO: [ app_begin ] --END-- [ RunTime:0.021903s ]
SQL: SHOW COLUMNS FROM `questions` [ RunTime:0.030740s ]
SQL: SELECT * FROM `questions` LIMIT 3   [ RunTime:0.001626s ]
INFO: [ view_parse ] --START--
INFO: [ template_filter ] --START--
INFO: Run Behavior\ContentReplace [ RunTime:0.000681s ]
INFO: [ template_filter ] --END-- [ RunTime:0.001771s ]
NOTIC: [8] Use of undefined constant type - assumed 'type' C:\wamp\www\ff\Application\Runtime\Cache\Admin\049ad0fbc4579ec0053f845ee20dffd2.php ç¬¬ 149 è¡Œ.
NOTIC: [8] Use of undefined constant type - assumed 'type' C:\wamp\www\ff\Application\Runtime\Cache\Admin\049ad0fbc4579ec0053f845ee20dffd2.php ç¬¬ 149 è¡Œ.
NOTIC: [8] Use of undefined constant type - assumed 'type' C:\wamp\www\ff\Application\Runtime\Cache\Admin\049ad0fbc4579ec0053f845ee20dffd2.php ç¬¬ 149 è¡Œ.
INFO: Run Behavior\ParseTemplate [ RunTime:0.085114s ]
INFO: [ view_parse ] --END-- [ RunTime:0.086027s ]
INFO: [ view_filter ] --START--
INFO: Run Behavior\WriteHtmlCache [ RunTime:0.007744s ]
INFO: [ view_filter ] --END-- [ RunTime:0.008673s ]
INFO: [ app_end ] --START--
INFO: Run Behavior\ShowPageTrace [ RunTime:0.009060s ]
INFO: [ app_end ] --END-- [ RunTime:0.009806s ]

[ 2014-08-02T10:35:10+08:00 ] 127.0.0.1 /ff/Admin/Question
INFO: [ app_begin ] --START--
INFO: Run Behavior\ReadHtmlCache [ RunTime:0.021060s ]
INFO: [ app_begin ] --END-- [ RunTime:0.029704s ]

[ 2014-08-02T10:35:26+08:00 ] 127.0.0.1 /ff/Admin/Question
INFO: [ app_begin ] --START--
INFO: Run Behavior\ReadHtmlCache [ RunTime:0.011005s ]
INFO: [ app_begin ] --END-- [ RunTime:0.018415s ]
SQL: SHOW COLUMNS FROM `questions` [ RunTime:0.031233s ]
SQL: SELECT * FROM `questions` LIMIT 3   [ RunTime:0.002429s ]
INFO: [ view_parse ] --START--
INFO: [ template_filter ] --START--
INFO: Run Behavior\ContentReplace [ RunTime:0.000414s ]
INFO: [ template_filter ] --END-- [ RunTime:0.001160s ]
NOTIC: [8] Use of undefined constant type - assumed 'type' C:\wamp\www\ff\Application\Runtime\Cache\Admin\049ad0fbc4579ec0053f845ee20dffd2.php ç¬¬ 149 è¡Œ.
NOTIC: [8] Use of undefined constant type - assumed 'type' C:\wamp\www\ff\Application\Runtime\Cache\Admin\049ad0fbc4579ec0053f845ee20dffd2.php ç¬¬ 149 è¡Œ.
NOTIC: [8] Use of undefined constant type - assumed 'type' C:\wamp\www\ff\Application\Runtime\Cache\Admin\049ad0fbc4579ec0053f845ee20dffd2.php ç¬¬ 149 è¡Œ.
INFO: Run Behavior\ParseTemplate [ RunTime:0.084150s ]
INFO: [ view_parse ] --END-- [ RunTime:0.084958s ]
INFO: [ view_filter ] --START--
INFO: Run Behavior\WriteHtmlCache [ RunTime:0.007753s ]
INFO: [ view_filter ] --END-- [ RunTime:0.008514s ]
INFO: [ app_end ] --START--
INFO: Run Behavior\ShowPageTrace [ RunTime:0.009835s ]
INFO: [ app_end ] --END-- [ RunTime:0.010884s ]

[ 2014-08-02T10:35:52+08:00 ] 127.0.0.1 /ff/Admin/Question
INFO: [ app_begin ] --START--
INFO: Run Behavior\ReadHtmlCache [ RunTime:0.009643s ]
INFO: [ app_begin ] --END-- [ RunTime:0.014165s ]
SQL: SHOW COLUMNS FROM `questions` [ RunTime:0.021476s ]
SQL: SELECT * FROM `questions` LIMIT 3   [ RunTime:0.001602s ]
INFO: [ view_parse ] --START--
INFO: [ template_filter ] --START--
INFO: Run Behavior\ContentReplace [ RunTime:0.000440s ]
INFO: [ template_filter ] --END-- [ RunTime:0.001285s ]
NOTIC: [8] Use of undefined constant type - assumed 'type' C:\wamp\www\ff\Application\Runtime\Cache\Admin\049ad0fbc4579ec0053f845ee20dffd2.php ç¬¬ 149 è¡Œ.
NOTIC: [8] Use of undefined constant type - assumed 'type' C:\wamp\www\ff\Application\Runtime\Cache\Admin\049ad0fbc4579ec0053f845ee20dffd2.php ç¬¬ 149 è¡Œ.
NOTIC: [8] Use of undefined constant type - assumed 'type' C:\wamp\www\ff\Application\Runtime\Cache\Admin\049ad0fbc4579ec0053f845ee20dffd2.php ç¬¬ 149 è¡Œ.
INFO: Run Behavior\ParseTemplate [ RunTime:0.086661s ]
INFO: [ view_parse ] --END-- [ RunTime:0.087420s ]
INFO: [ view_filter ] --START--
INFO: Run Behavior\WriteHtmlCache [ RunTime:0.006906s ]
INFO: [ view_filter ] --END-- [ RunTime:0.007896s ]
INFO: [ app_end ] --START--
INFO: Run Behavior\ShowPageTrace [ RunTime:0.008504s ]
INFO: [ app_end ] --END-- [ RunTime:0.009334s ]

[ 2014-08-02T10:37:41+08:00 ] 127.0.0.1 /ff/Admin/Question
INFO: [ app_begin ] --START--
INFO: Run Behavior\ReadHtmlCache [ RunTime:0.014627s ]
INFO: [ app_begin ] --END-- [ RunTime:0.024900s ]
SQL: SHOW COLUMNS FROM `questions` [ RunTime:0.028715s ]
SQL: SELECT * FROM `questions` LIMIT 3   [ RunTime:0.001712s ]
INFO: [ view_parse ] --START--
INFO: [ template_filter ] --START--
INFO: Run Behavior\ContentReplace [ RunTime:0.000441s ]
INFO: [ template_filter ] --END-- [ RunTime:0.001368s ]

[ 2014-08-02T10:39:18+08:00 ] 127.0.0.1 /ff/Admin/Question
INFO: [ app_begin ] --START--
INFO: Run Behavior\ReadHtmlCache [ RunTime:0.011341s ]
INFO: [ app_begin ] --END-- [ RunTime:0.015676s ]
SQL: SHOW COLUMNS FROM `questions` [ RunTime:0.018535s ]
SQL: SELECT * FROM `questions` LIMIT 3   [ RunTime:0.001569s ]
INFO: [ view_parse ] --START--
INFO: [ template_filter ] --START--
INFO: Run Behavior\ContentReplace [ RunTime:0.000515s ]
INFO: [ template_filter ] --END-- [ RunTime:0.001282s ]

[ 2014-08-02T10:41:09+08:00 ] 127.0.0.1 /ff/Admin/Question
INFO: [ app_begin ] --START--
INFO: Run Behavior\ReadHtmlCache [ RunTime:0.009036s ]
INFO: [ app_begin ] --END-- [ RunTime:0.012836s ]
SQL: SHOW COLUMNS FROM `questions` [ RunTime:0.043598s ]
SQL: SELECT * FROM `questions` LIMIT 3   [ RunTime:0.002212s ]
INFO: [ view_parse ] --START--
INFO: [ template_filter ] --START--
INFO: Run Behavior\ContentReplace [ RunTime:0.000505s ]
INFO: [ template_filter ] --END-- [ RunTime:0.001480s ]

[ 2014-08-02T10:41:17+08:00 ] 127.0.0.1 /ff/Admin/Question
INFO: [ app_begin ] --START--
INFO: Run Behavior\ReadHtmlCache [ RunTime:0.009429s ]
INFO: [ app_begin ] --END-- [ RunTime:0.014288s ]
SQL: SHOW COLUMNS FROM `questions` [ RunTime:0.035502s ]
SQL: SELECT * FROM `questions` LIMIT 3   [ RunTime:0.002438s ]
INFO: [ view_parse ] --START--
INFO: [ template_filter ] --START--
INFO: Run Behavior\ContentReplace [ RunTime:0.000816s ]
INFO: [ template_filter ] --END-- [ RunTime:0.002156s ]

[ 2014-08-02T10:41:26+08:00 ] 127.0.0.1 /ff/Admin/Question
INFO: [ app_begin ] --START--
INFO: Run Behavior\ReadHtmlCache [ RunTime:0.008949s ]
INFO: [ app_begin ] --END-- [ RunTime:0.012586s ]
SQL: SHOW COLUMNS FROM `questions` [ RunTime:0.026634s ]
SQL: SELECT * FROM `questions` LIMIT 3   [ RunTime:0.002311s ]
INFO: [ view_parse ] --START--
INFO: [ template_filter ] --START--
INFO: Run Behavior\ContentReplace [ RunTime:0.000430s ]
INFO: [ template_filter ] --END-- [ RunTime:0.001327s ]

[ 2014-08-02T10:41:52+08:00 ] 127.0.0.1 /ff/Admin/Question
INFO: [ app_begin ] --START--
INFO: Run Behavior\ReadHtmlCache [ RunTime:0.010161s ]
INFO: [ app_begin ] --END-- [ RunTime:0.014305s ]

[ 2014-08-02T10:42:19+08:00 ] 127.0.0.1 /ff/Admin/Question
INFO: [ app_begin ] --START--
INFO: Run Behavior\ReadHtmlCache [ RunTime:0.013800s ]
INFO: [ app_begin ] --END-- [ RunTime:0.019663s ]
SQL: SHOW COLUMNS FROM `questions` [ RunTime:0.019097s ]
SQL: SELECT * FROM `questions` LIMIT 3   [ RunTime:0.001496s ]
INFO: [ view_parse ] --START--
INFO: [ template_filter ] --START--
INFO: Run Behavior\ContentReplace [ RunTime:0.000470s ]
INFO: [ template_filter ] --END-- [ RunTime:0.001231s ]
INFO: Run Behavior\ParseTemplate [ RunTime:0.084812s ]
INFO: [ view_parse ] --END-- [ RunTime:0.085741s ]
INFO: [ view_filter ] --START--
INFO: Run Behavior\WriteHtmlCache [ RunTime:0.008014s ]
INFO: [ view_filter ] --END-- [ RunTime:0.008781s ]
INFO: [ app_end ] --START--
INFO: Run Behavior\ShowPageTrace [ RunTime:0.009951s ]
INFO: [ app_end ] --END-- [ RunTime:0.010695s ]

[ 2014-08-02T10:42:45+08:00 ] 127.0.0.1 /ff/Admin/Question
INFO: [ app_begin ] --START--
INFO: Run Behavior\ReadHtmlCache [ RunTime:0.014465s ]
INFO: [ app_begin ] --END-- [ RunTime:0.026829s ]
SQL: SHOW COLUMNS FROM `questions` [ RunTime:0.032028s ]
SQL: SELECT * FROM `questions` LIMIT 3   [ RunTime:0.002018s ]
INFO: [ view_parse ] --START--
INFO: [ template_filter ] --START--
INFO: Run Behavior\ContentReplace [ RunTime:0.000462s ]
INFO: [ template_filter ] --END-- [ RunTime:0.001439s ]
INFO: Run Behavior\ParseTemplate [ RunTime:0.073543s ]
INFO: [ view_parse ] --END-- [ RunTime:0.074379s ]
INFO: [ view_filter ] --START--
INFO: Run Behavior\WriteHtmlCache [ RunTime:0.005023s ]
INFO: [ view_filter ] --END-- [ RunTime:0.006043s ]
INFO: [ app_end ] --START--
INFO: Run Behavior\ShowPageTrace [ RunTime:0.005747s ]
INFO: [ app_end ] --END-- [ RunTime:0.006659s ]

[ 2014-08-02T10:42:54+08:00 ] 127.0.0.1 /ff/Admin/Question
INFO: [ app_begin ] --START--
INFO: Run Behavior\ReadHtmlCache [ RunTime:0.009446s ]
INFO: [ app_begin ] --END-- [ RunTime:0.014938s ]
SQL: SHOW COLUMNS FROM `questions` [ RunTime:0.031962s ]
SQL: SELECT * FROM `questions` LIMIT 3   [ RunTime:0.001666s ]
INFO: [ view_parse ] --START--
INFO: [ template_filter ] --START--
INFO: Run Behavior\ContentReplace [ RunTime:0.000500s ]
INFO: [ template_filter ] --END-- [ RunTime:0.001513s ]
INFO: Run Behavior\ParseTemplate [ RunTime:0.087065s ]
INFO: [ view_parse ] --END-- [ RunTime:0.087878s ]
INFO: [ view_filter ] --START--
INFO: Run Behavior\WriteHtmlCache [ RunTime:0.008413s ]
INFO: [ view_filter ] --END-- [ RunTime:0.009403s ]
INFO: [ app_end ] --START--
INFO: Run Behavior\ShowPageTrace [ RunTime:0.010335s ]
INFO: [ app_end ] --END-- [ RunTime:0.011411s ]

[ 2014-08-02T10:43:37+08:00 ] 127.0.0.1 /ff/Admin/Question
INFO: [ app_begin ] --START--
INFO: Run Behavior\ReadHtmlCache [ RunTime:0.012354s ]
INFO: [ app_begin ] --END-- [ RunTime:0.019368s ]
SQL: SHOW COLUMNS FROM `questions` [ RunTime:0.033760s ]
SQL: SELECT * FROM `questions` LIMIT 3   [ RunTime:0.001610s ]
INFO: [ view_parse ] --START--
INFO: [ template_filter ] --START--
INFO: Run Behavior\ContentReplace [ RunTime:0.000420s ]
INFO: [ template_filter ] --END-- [ RunTime:0.001531s ]
INFO: Run Behavior\ParseTemplate [ RunTime:0.091231s ]
INFO: [ view_parse ] --END-- [ RunTime:0.092009s ]
INFO: [ view_filter ] --START--
INFO: Run Behavior\WriteHtmlCache [ RunTime:0.008189s ]
INFO: [ view_filter ] --END-- [ RunTime:0.009452s ]
INFO: [ app_end ] --START--
INFO: Run Behavior\ShowPageTrace [ RunTime:0.008092s ]
INFO: [ app_end ] --END-- [ RunTime:0.009182s ]

[ 2014-08-02T10:45:31+08:00 ] 127.0.0.1 /ff/Admin/Question
INFO: [ app_begin ] --START--
INFO: Run Behavior\ReadHtmlCache [ RunTime:0.022926s ]
INFO: [ app_begin ] --END-- [ RunTime:0.033931s ]

[ 2014-08-02T10:45:48+08:00 ] 127.0.0.1 /ff/Admin/Question
INFO: [ app_begin ] --START--
INFO: Run Behavior\ReadHtmlCache [ RunTime:0.009738s ]
INFO: [ app_begin ] --END-- [ RunTime:0.014186s ]
SQL: SHOW COLUMNS FROM `questions` [ RunTime:0.026251s ]
SQL: SELECT * FROM `questions` ORDER BY updated_at desc LIMIT 3   [ RunTime:0.126351s ]
INFO: [ view_parse ] --START--
INFO: [ template_filter ] --START--
INFO: Run Behavior\ContentReplace [ RunTime:0.000417s ]
INFO: [ template_filter ] --END-- [ RunTime:0.001138s ]
INFO: Run Behavior\ParseTemplate [ RunTime:0.085752s ]
INFO: [ view_parse ] --END-- [ RunTime:0.086637s ]
INFO: [ view_filter ] --START--
INFO: Run Behavior\WriteHtmlCache [ RunTime:0.009892s ]
INFO: [ view_filter ] --END-- [ RunTime:0.010690s ]
INFO: [ app_end ] --START--
INFO: Run Behavior\ShowPageTrace [ RunTime:0.009950s ]
INFO: [ app_end ] --END-- [ RunTime:0.010728s ]

[ 2014-08-02T10:46:36+08:00 ] 127.0.0.1 /ff/Admin/Question
INFO: [ app_begin ] --START--
INFO: Run Behavior\ReadHtmlCache [ RunTime:0.010711s ]
INFO: [ app_begin ] --END-- [ RunTime:0.021290s ]
SQL: SHOW COLUMNS FROM `questions` [ RunTime:0.019960s ]
SQL: SELECT * FROM `questions` ORDER BY updated_at desc LIMIT 20   [ RunTime:0.134434s ]
INFO: [ view_parse ] --START--
INFO: [ template_filter ] --START--
INFO: Run Behavior\ContentReplace [ RunTime:0.000426s ]
INFO: [ template_filter ] --END-- [ RunTime:0.001210s ]
INFO: Run Behavior\ParseTemplate [ RunTime:0.089804s ]
INFO: [ view_parse ] --END-- [ RunTime:0.090615s ]
INFO: [ view_filter ] --START--
INFO: Run Behavior\WriteHtmlCache [ RunTime:0.007874s ]
INFO: [ view_filter ] --END-- [ RunTime:0.008634s ]
INFO: [ app_end ] --START--
INFO: Run Behavior\ShowPageTrace [ RunTime:0.008902s ]
INFO: [ app_end ] --END-- [ RunTime:0.009677s ]

[ 2014-08-02T10:46:57+08:00 ] 127.0.0.1 /ff/
INFO: [ app_begin ] --START--
INFO: Run Behavior\ReadHtmlCache [ RunTime:0.008061s ]
INFO: [ app_begin ] --END-- [ RunTime:0.012186s ]

[ 2014-08-02T10:46:58+08:00 ] 127.0.0.1 /ff/Admin/
INFO: [ app_begin ] --START--
INFO: Run Behavior\ReadHtmlCache [ RunTime:0.009468s ]
INFO: [ app_begin ] --END-- [ RunTime:0.014788s ]
INFO: [ view_parse ] --START--
INFO: [ template_filter ] --START--
INFO: Run Behavior\ContentReplace [ RunTime:0.000346s ]
INFO: [ template_filter ] --END-- [ RunTime:0.001111s ]
INFO: Run Behavior\ParseTemplate [ RunTime:0.073295s ]
INFO: [ view_parse ] --END-- [ RunTime:0.074099s ]
INFO: [ view_filter ] --START--
INFO: Run Behavior\WriteHtmlCache [ RunTime:0.009046s ]
INFO: [ view_filter ] --END-- [ RunTime:0.009777s ]
INFO: [ app_end ] --START--
INFO: Run Behavior\ShowPageTrace [ RunTime:0.008826s ]
INFO: [ app_end ] --END-- [ RunTime:0.009618s ]

[ 2014-08-02T10:47:01+08:00 ] 127.0.0.1 /ff/Admin/Question
INFO: [ app_begin ] --START--
INFO: Run Behavior\ReadHtmlCache [ RunTime:0.009497s ]
INFO: [ app_begin ] --END-- [ RunTime:0.013306s ]
SQL: SHOW COLUMNS FROM `questions` [ RunTime:0.027589s ]
SQL: SELECT * FROM `questions` ORDER BY updated_at desc LIMIT 20   [ RunTime:0.121928s ]
INFO: [ view_parse ] --START--
INFO: [ template_filter ] --START--
INFO: Run Behavior\ContentReplace [ RunTime:0.000412s ]
INFO: [ template_filter ] --END-- [ RunTime:0.001172s ]
INFO: Run Behavior\ParseTemplate [ RunTime:0.086375s ]
INFO: [ view_parse ] --END-- [ RunTime:0.087166s ]
INFO: [ view_filter ] --START--
INFO: Run Behavior\WriteHtmlCache [ RunTime:0.007211s ]
INFO: [ view_filter ] --END-- [ RunTime:0.007987s ]
INFO: [ app_end ] --START--
INFO: Run Behavior\ShowPageTrace [ RunTime:0.009280s ]
INFO: [ app_end ] --END-- [ RunTime:0.010015s ]

[ 2014-08-02T10:50:51+08:00 ] 127.0.0.1 /ff/Admin/Question
INFO: [ app_begin ] --START--
INFO: Run Behavior\ReadHtmlCache [ RunTime:0.008459s ]
INFO: [ app_begin ] --END-- [ RunTime:0.012565s ]
SQL: SHOW COLUMNS FROM `questions` [ RunTime:0.036521s ]
SQL: SELECT COUNT(*) AS tp_count FROM `questions` LIMIT 1   [ RunTime:0.075662s ]
SQL: SELECT * FROM `questions` ORDER BY updated_at desc LIMIT 0,20   [ RunTime:0.122007s ]
INFO: [ view_parse ] --START--
INFO: [ template_filter ] --START--
INFO: Run Behavior\ContentReplace [ RunTime:0.000706s ]
INFO: [ template_filter ] --END-- [ RunTime:0.001858s ]
INFO: Run Behavior\ParseTemplate [ RunTime:0.085891s ]
INFO: [ view_parse ] --END-- [ RunTime:0.086682s ]
INFO: [ view_filter ] --START--
INFO: Run Behavior\WriteHtmlCache [ RunTime:0.008268s ]
INFO: [ view_filter ] --END-- [ RunTime:0.008989s ]
INFO: [ app_end ] --START--
INFO: Run Behavior\ShowPageTrace [ RunTime:0.008669s ]
INFO: [ app_end ] --END-- [ RunTime:0.009433s ]

[ 2014-08-02T10:51:19+08:00 ] 127.0.0.1 /ff/Admin/Question
INFO: [ app_begin ] --START--
INFO: Run Behavior\ReadHtmlCache [ RunTime:0.016261s ]
INFO: [ app_begin ] --END-- [ RunTime:0.024064s ]
SQL: SHOW COLUMNS FROM `questions` [ RunTime:0.031790s ]
SQL: SELECT COUNT(*) AS tp_count FROM `questions` LIMIT 1   [ RunTime:0.061902s ]
SQL: SELECT * FROM `questions` ORDER BY updated_at desc LIMIT 0,20   [ RunTime:0.123272s ]
INFO: [ view_parse ] --START--
INFO: [ template_filter ] --START--
INFO: Run Behavior\ContentReplace [ RunTime:0.000411s ]
INFO: [ template_filter ] --END-- [ RunTime:0.001155s ]
INFO: Run Behavior\ParseTemplate [ RunTime:0.084697s ]
INFO: [ view_parse ] --END-- [ RunTime:0.085487s ]
INFO: [ view_filter ] --START--
INFO: Run Behavior\WriteHtmlCache [ RunTime:0.007698s ]
INFO: [ view_filter ] --END-- [ RunTime:0.008408s ]
INFO: [ app_end ] --START--
INFO: Run Behavior\ShowPageTrace [ RunTime:0.008415s ]
INFO: [ app_end ] --END-- [ RunTime:0.009264s ]

[ 2014-08-02T10:53:33+08:00 ] 127.0.0.1 /ff/Admin/Question
INFO: [ app_begin ] --START--
INFO: Run Behavior\ReadHtmlCache [ RunTime:0.018284s ]
INFO: [ app_begin ] --END-- [ RunTime:0.024924s ]
SQL: SHOW COLUMNS FROM `questions` [ RunTime:0.028839s ]
SQL: SELECT COUNT(*) AS tp_count FROM `questions` LIMIT 1   [ RunTime:0.060500s ]
NOTIC: [8] Undefined index: p C:\wamp\www\ff\Application\Admin\Controller\QuestionController.class.php ç¬¬ 14 è¡Œ.
NOTIC: [8] Undefined index: limit C:\wamp\www\ff\ThinkPHP\Library\Think\Db.class.php ç¬¬ 793 è¡Œ.
SQL: SELECT * FROM `questions` ORDER BY updated_at desc LIMIT -20,20   [ RunTime:0.001987s ]
ERR: 1064:You have an error in your SQL syntax; check the manual that corresponds to your MySQL server version for the right syntax to use near '-20,20' at line 1
 [ SQLè¯­å¥ ] : SELECT * FROM `questions` ORDER BY updated_at desc LIMIT -20,20  
INFO: [ view_parse ] --START--
INFO: [ template_filter ] --START--
INFO: Run Behavior\ContentReplace [ RunTime:0.000639s ]
INFO: [ template_filter ] --END-- [ RunTime:0.001400s ]
INFO: Run Behavior\ParseTemplate [ RunTime:0.086110s ]
INFO: [ view_parse ] --END-- [ RunTime:0.086929s ]
INFO: [ view_filter ] --START--
INFO: Run Behavior\WriteHtmlCache [ RunTime:0.007636s ]
INFO: [ view_filter ] --END-- [ RunTime:0.008367s ]
INFO: [ app_end ] --START--
INFO: Run Behavior\ShowPageTrace [ RunTime:0.010856s ]
INFO: [ app_end ] --END-- [ RunTime:0.011617s ]

[ 2014-08-02T10:53:42+08:00 ] 127.0.0.1 /ff/Admin/Question?p=1
INFO: [ app_begin ] --START--
INFO: Run Behavior\ReadHtmlCache [ RunTime:0.009270s ]
INFO: [ app_begin ] --END-- [ RunTime:0.014687s ]
SQL: SHOW COLUMNS FROM `questions` [ RunTime:0.033204s ]
SQL: SELECT COUNT(*) AS tp_count FROM `questions` LIMIT 1   [ RunTime:0.070100s ]
SQL: SELECT * FROM `questions` ORDER BY updated_at desc LIMIT 0,20   [ RunTime:0.128453s ]
INFO: [ view_parse ] --START--
INFO: [ template_filter ] --START--
INFO: Run Behavior\ContentReplace [ RunTime:0.000436s ]
INFO: [ template_filter ] --END-- [ RunTime:0.001455s ]
INFO: Run Behavior\ParseTemplate [ RunTime:0.107279s ]
INFO: [ view_parse ] --END-- [ RunTime:0.108204s ]
INFO: [ view_filter ] --START--
INFO: Run Behavior\WriteHtmlCache [ RunTime:0.008720s ]
INFO: [ view_filter ] --END-- [ RunTime:0.009481s ]
INFO: [ app_end ] --START--
INFO: Run Behavior\ShowPageTrace [ RunTime:0.009578s ]
INFO: [ app_end ] --END-- [ RunTime:0.010416s ]

[ 2014-08-02T10:55:07+08:00 ] 127.0.0.1 /ff/Admin/Question
INFO: [ app_begin ] --START--
INFO: Run Behavior\ReadHtmlCache [ RunTime:0.008682s ]
INFO: [ app_begin ] --END-- [ RunTime:0.014897s ]
SQL: SHOW COLUMNS FROM `questions` [ RunTime:0.024767s ]
SQL: SELECT COUNT(*) AS tp_count FROM `questions` LIMIT 1   [ RunTime:0.061762s ]
SQL: SELECT * FROM `questions` ORDER BY updated_at desc LIMIT 0,20   [ RunTime:0.121699s ]
INFO: [ view_parse ] --START--
INFO: [ template_filter ] --START--
INFO: Run Behavior\ContentReplace [ RunTime:0.000399s ]
INFO: [ template_filter ] --END-- [ RunTime:0.001205s ]
INFO: Run Behavior\ParseTemplate [ RunTime:0.094743s ]
INFO: [ view_parse ] --END-- [ RunTime:0.095575s ]
INFO: [ view_filter ] --START--
INFO: Run Behavior\WriteHtmlCache [ RunTime:0.006854s ]
INFO: [ view_filter ] --END-- [ RunTime:0.007577s ]
INFO: [ app_end ] --START--
INFO: Run Behavior\ShowPageTrace [ RunTime:0.009463s ]
INFO: [ app_end ] --END-- [ RunTime:0.010304s ]

[ 2014-08-02T11:10:33+08:00 ] 127.0.0.1 /ff/Admin/Question
INFO: [ app_begin ] --START--
INFO: Run Behavior\ReadHtmlCache [ RunTime:0.008085s ]
INFO: [ app_begin ] --END-- [ RunTime:0.011984s ]
SQL: SHOW COLUMNS FROM `questions` [ RunTime:0.032176s ]
SQL: SELECT COUNT(*) AS tp_count FROM `questions` LIMIT 1   [ RunTime:0.065186s ]
SQL: SELECT * FROM `questions` ORDER BY updated_at desc LIMIT 0,20   [ RunTime:0.137643s ]
INFO: [ view_parse ] --START--
INFO: [ template_filter ] --START--
INFO: Run Behavior\ContentReplace [ RunTime:0.000796s ]
INFO: [ template_filter ] --END-- [ RunTime:0.002070s ]
INFO: Run Behavior\ParseTemplate [ RunTime:0.102876s ]
INFO: [ view_parse ] --END-- [ RunTime:0.103900s ]
INFO: [ view_filter ] --START--
INFO: Run Behavior\WriteHtmlCache [ RunTime:0.007642s ]
INFO: [ view_filter ] --END-- [ RunTime:0.008367s ]
INFO: [ app_end ] --START--
INFO: Run Behavior\ShowPageTrace [ RunTime:0.009207s ]
INFO: [ app_end ] --END-- [ RunTime:0.009988s ]

[ 2014-08-02T11:11:07+08:00 ] 127.0.0.1 /ff/Admin/Question
INFO: [ app_begin ] --START--
INFO: Run Behavior\ReadHtmlCache [ RunTime:0.009605s ]
INFO: [ app_begin ] --END-- [ RunTime:0.014398s ]
SQL: SHOW COLUMNS FROM `questions` [ RunTime:0.024448s ]
SQL: SELECT COUNT(*) AS tp_count FROM `questions` LIMIT 1   [ RunTime:0.062506s ]
SQL: SELECT * FROM `questions` ORDER BY updated_at desc LIMIT 0,20   [ RunTime:0.120075s ]
INFO: [ view_parse ] --START--
INFO: [ template_filter ] --START--
INFO: Run Behavior\ContentReplace [ RunTime:0.000419s ]
INFO: [ template_filter ] --END-- [ RunTime:0.001184s ]
INFO: Run Behavior\ParseTemplate [ RunTime:0.087113s ]
INFO: [ view_parse ] --END-- [ RunTime:0.088044s ]
INFO: [ view_filter ] --START--
INFO: Run Behavior\WriteHtmlCache [ RunTime:0.006738s ]
INFO: [ view_filter ] --END-- [ RunTime:0.007710s ]
INFO: [ app_end ] --START--
INFO: Run Behavior\ShowPageTrace [ RunTime:0.007694s ]
INFO: [ app_end ] --END-- [ RunTime:0.008432s ]

[ 2014-08-02T11:12:16+08:00 ] 127.0.0.1 /ff/Admin/Question
INFO: [ app_begin ] --START--
INFO: Run Behavior\ReadHtmlCache [ RunTime:0.014349s ]
INFO: [ app_begin ] --END-- [ RunTime:0.018143s ]
SQL: SHOW COLUMNS FROM `questions` [ RunTime:0.029532s ]
SQL: SELECT COUNT(*) AS tp_count FROM `questions` LIMIT 1   [ RunTime:0.063265s ]
SQL: SELECT * FROM `questions` ORDER BY updated_at desc LIMIT 0,20   [ RunTime:0.126960s ]
INFO: [ view_parse ] --START--
INFO: [ template_filter ] --START--
INFO: Run Behavior\ContentReplace [ RunTime:0.000416s ]
INFO: [ template_filter ] --END-- [ RunTime:0.001251s ]
INFO: Run Behavior\ParseTemplate [ RunTime:0.086377s ]
INFO: [ view_parse ] --END-- [ RunTime:0.087242s ]
INFO: [ view_filter ] --START--
INFO: Run Behavior\WriteHtmlCache [ RunTime:0.007349s ]
INFO: [ view_filter ] --END-- [ RunTime:0.008384s ]
INFO: [ app_end ] --START--
INFO: Run Behavior\ShowPageTrace [ RunTime:0.008546s ]
INFO: [ app_end ] --END-- [ RunTime:0.009368s ]

[ 2014-08-02T11:12:53+08:00 ] 127.0.0.1 /ff/Admin/Question
INFO: [ app_begin ] --START--
INFO: Run Behavior\ReadHtmlCache [ RunTime:0.011345s ]
INFO: [ app_begin ] --END-- [ RunTime:0.017891s ]
SQL: SHOW COLUMNS FROM `questions` [ RunTime:0.025221s ]
SQL: SELECT COUNT(*) AS tp_count FROM `questions` LIMIT 1   [ RunTime:0.066855s ]
SQL: SELECT * FROM `questions` ORDER BY updated_at desc LIMIT 0,20   [ RunTime:0.144128s ]
INFO: [ view_parse ] --START--
INFO: [ template_filter ] --START--
INFO: Run Behavior\ContentReplace [ RunTime:0.000782s ]
INFO: [ template_filter ] --END-- [ RunTime:0.002643s ]
INFO: Run Behavior\ParseTemplate [ RunTime:0.106510s ]
INFO: [ view_parse ] --END-- [ RunTime:0.107547s ]
INFO: [ view_filter ] --START--
INFO: Run Behavior\WriteHtmlCache [ RunTime:0.008861s ]
INFO: [ view_filter ] --END-- [ RunTime:0.009629s ]
NOTIC: [8] Undefined variable: page C:\wamp\www\ff\Application\Admin\Controller\QuestionController.class.php ç¬¬ 19 è¡Œ.
INFO: [ app_end ] --START--
INFO: Run Behavior\ShowPageTrace [ RunTime:0.010198s ]
INFO: [ app_end ] --END-- [ RunTime:0.010984s ]

[ 2014-08-02T11:13:00+08:00 ] 127.0.0.1 /ff/Admin/Question
INFO: [ app_begin ] --START--
INFO: Run Behavior\ReadHtmlCache [ RunTime:0.008045s ]
INFO: [ app_begin ] --END-- [ RunTime:0.012093s ]
SQL: SHOW COLUMNS FROM `questions` [ RunTime:0.031388s ]
SQL: SELECT COUNT(*) AS tp_count FROM `questions` LIMIT 1   [ RunTime:0.064749s ]
SQL: SELECT * FROM `questions` ORDER BY updated_at desc LIMIT 0,20   [ RunTime:0.122839s ]
INFO: [ view_parse ] --START--
INFO: [ template_filter ] --START--
INFO: Run Behavior\ContentReplace [ RunTime:0.000421s ]
INFO: [ template_filter ] --END-- [ RunTime:0.001149s ]
INFO: Run Behavior\ParseTemplate [ RunTime:0.089877s ]
INFO: [ view_parse ] --END-- [ RunTime:0.090675s ]
INFO: [ view_filter ] --START--
INFO: Run Behavior\WriteHtmlCache [ RunTime:0.007983s ]
INFO: [ view_filter ] --END-- [ RunTime:0.008715s ]
NOTIC: [8] Undefined variable: page C:\wamp\www\ff\Application\Admin\Controller\QuestionController.class.php ç¬¬ 19 è¡Œ.
INFO: [ app_end ] --START--
INFO: Run Behavior\ShowPageTrace [ RunTime:0.008356s ]
INFO: [ app_end ] --END-- [ RunTime:0.009132s ]

[ 2014-08-02T11:14:24+08:00 ] 127.0.0.1 /ff/Admin/Question
INFO: [ app_begin ] --START--
INFO: Run Behavior\ReadHtmlCache [ RunTime:0.008066s ]
INFO: [ app_begin ] --END-- [ RunTime:0.014815s ]
SQL: SHOW COLUMNS FROM `questions` [ RunTime:0.019522s ]
SQL: SELECT * FROM `questions` ORDER BY updated_at desc LIMIT 0,20   [ RunTime:0.120503s ]
SQL: SELECT COUNT(*) AS tp_count FROM `questions` LIMIT 1   [ RunTime:0.061101s ]
INFO: [ view_parse ] --START--
INFO: [ template_filter ] --START--
INFO: Run Behavior\ContentReplace [ RunTime:0.000461s ]
INFO: [ template_filter ] --END-- [ RunTime:0.001187s ]
INFO: Run Behavior\ParseTemplate [ RunTime:0.088176s ]
INFO: [ view_parse ] --END-- [ RunTime:0.089019s ]
INFO: [ view_filter ] --START--
INFO: Run Behavior\WriteHtmlCache [ RunTime:0.007224s ]
INFO: [ view_filter ] --END-- [ RunTime:0.007955s ]
NOTIC: [8] Undefined variable: page C:\wamp\www\ff\Application\Admin\Controller\QuestionController.class.php ç¬¬ 20 è¡Œ.
INFO: [ app_end ] --START--
INFO: Run Behavior\ShowPageTrace [ RunTime:0.008503s ]
INFO: [ app_end ] --END-- [ RunTime:0.009240s ]

[ 2014-08-02T11:14:48+08:00 ] 127.0.0.1 /ff/Admin/Question
INFO: [ app_begin ] --START--
INFO: Run Behavior\ReadHtmlCache [ RunTime:0.023916s ]
INFO: [ app_begin ] --END-- [ RunTime:0.031543s ]
SQL: SHOW COLUMNS FROM `questions` [ RunTime:0.019905s ]
SQL: SELECT * FROM `questions` ORDER BY updated_at desc LIMIT 0,20   [ RunTime:0.123788s ]
SQL: SELECT COUNT(*) AS tp_count FROM `questions` LIMIT 1   [ RunTime:0.063527s ]
INFO: [ view_parse ] --START--
INFO: [ template_filter ] --START--
INFO: Run Behavior\ContentReplace [ RunTime:0.000400s ]
INFO: [ template_filter ] --END-- [ RunTime:0.001123s ]
INFO: Run Behavior\ParseTemplate [ RunTime:0.090739s ]
INFO: [ view_parse ] --END-- [ RunTime:0.091780s ]
INFO: [ view_filter ] --START--
INFO: Run Behavior\WriteHtmlCache [ RunTime:0.008991s ]
INFO: [ view_filter ] --END-- [ RunTime:0.011426s ]
INFO: [ app_end ] --START--
INFO: Run Behavior\ShowPageTrace [ RunTime:0.009039s ]
INFO: [ app_end ] --END-- [ RunTime:0.009804s ]

[ 2014-08-02T11:15:27+08:00 ] 127.0.0.1 /ff/Admin/Question
INFO: [ app_begin ] --START--
INFO: Run Behavior\ReadHtmlCache [ RunTime:0.015788s ]
INFO: [ app_begin ] --END-- [ RunTime:0.022660s ]
SQL: SHOW COLUMNS FROM `questions` [ RunTime:0.018955s ]
SQL: SELECT * FROM `questions` ORDER BY updated_at desc LIMIT 0,20   [ RunTime:0.121683s ]
SQL: SELECT COUNT(*) AS tp_count FROM `questions` LIMIT 1   [ RunTime:0.063521s ]
INFO: [ view_parse ] --START--
INFO: [ template_filter ] --START--
INFO: Run Behavior\ContentReplace [ RunTime:0.000421s ]
INFO: [ template_filter ] --END-- [ RunTime:0.001202s ]
INFO: Run Behavior\ParseTemplate [ RunTime:0.084981s ]
INFO: [ view_parse ] --END-- [ RunTime:0.085932s ]
INFO: [ view_filter ] --START--
INFO: Run Behavior\WriteHtmlCache [ RunTime:0.008432s ]
INFO: [ view_filter ] --END-- [ RunTime:0.009617s ]
INFO: [ app_end ] --START--
INFO: Run Behavior\ShowPageTrace [ RunTime:0.009426s ]
INFO: [ app_end ] --END-- [ RunTime:0.010271s ]

[ 2014-08-02T11:15:40+08:00 ] 127.0.0.1 /ff/Admin/Question/index/p/2.html
INFO: [ app_begin ] --START--
INFO: Run Behavior\ReadHtmlCache [ RunTime:0.008642s ]
INFO: [ app_begin ] --END-- [ RunTime:0.012541s ]
SQL: SHOW COLUMNS FROM `questions` [ RunTime:0.025222s ]
SQL: SELECT * FROM `questions` ORDER BY updated_at desc LIMIT 20,20   [ RunTime:0.131554s ]
SQL: SELECT COUNT(*) AS tp_count FROM `questions` LIMIT 1   [ RunTime:0.059676s ]
INFO: [ view_parse ] --START--
INFO: [ template_filter ] --START--
INFO: Run Behavior\ContentReplace [ RunTime:0.000419s ]
INFO: [ template_filter ] --END-- [ RunTime:0.001158s ]
INFO: Run Behavior\ParseTemplate [ RunTime:0.086445s ]
INFO: [ view_parse ] --END-- [ RunTime:0.087265s ]
INFO: [ view_filter ] --START--
INFO: Run Behavior\WriteHtmlCache [ RunTime:0.007450s ]
INFO: [ view_filter ] --END-- [ RunTime:0.008188s ]
INFO: [ app_end ] --START--
INFO: Run Behavior\ShowPageTrace [ RunTime:0.008648s ]
INFO: [ app_end ] --END-- [ RunTime:0.009488s ]

[ 2014-08-02T11:17:13+08:00 ] 127.0.0.1 /ff/Admin/Question/index/p/2.html
INFO: [ app_begin ] --START--
INFO: Run Behavior\ReadHtmlCache [ RunTime:0.009465s ]
INFO: [ app_begin ] --END-- [ RunTime:0.013839s ]
SQL: SHOW COLUMNS FROM `questions` [ RunTime:0.039347s ]
SQL: SELECT * FROM `questions` ORDER BY updated_at desc LIMIT 20,20   [ RunTime:0.126733s ]
SQL: SELECT COUNT(*) AS tp_count FROM `questions` LIMIT 1   [ RunTime:0.059076s ]
INFO: [ view_parse ] --START--
INFO: [ template_filter ] --START--
INFO: Run Behavior\ContentReplace [ RunTime:0.000445s ]
INFO: [ template_filter ] --END-- [ RunTime:0.001509s ]
INFO: Run Behavior\ParseTemplate [ RunTime:0.085004s ]
INFO: [ view_parse ] --END-- [ RunTime:0.086092s ]
INFO: [ view_filter ] --START--
INFO: Run Behavior\WriteHtmlCache [ RunTime:0.007097s ]
INFO: [ view_filter ] --END-- [ RunTime:0.007826s ]
INFO: [ app_end ] --START--
INFO: Run Behavior\ShowPageTrace [ RunTime:0.009384s ]
INFO: [ app_end ] --END-- [ RunTime:0.010258s ]

[ 2014-08-02T11:17:32+08:00 ] 127.0.0.1 /ff/Admin/Question/index/p/2.html
INFO: [ app_begin ] --START--
INFO: Run Behavior\ReadHtmlCache [ RunTime:0.014154s ]
INFO: [ app_begin ] --END-- [ RunTime:0.018983s ]
SQL: SHOW COLUMNS FROM `questions` [ RunTime:0.028195s ]
SQL: SELECT * FROM `questions` ORDER BY updated_at desc LIMIT 20,20   [ RunTime:0.125639s ]
SQL: SELECT COUNT(*) AS tp_count FROM `questions` LIMIT 1   [ RunTime:0.061855s ]
INFO: [ view_parse ] --START--
INFO: [ template_filter ] --START--
INFO: Run Behavior\ContentReplace [ RunTime:0.000531s ]
INFO: [ template_filter ] --END-- [ RunTime:0.001305s ]
INFO: Run Behavior\ParseTemplate [ RunTime:0.086381s ]
INFO: [ view_parse ] --END-- [ RunTime:0.087180s ]
INFO: [ view_filter ] --START--
INFO: Run Behavior\WriteHtmlCache [ RunTime:0.007713s ]
INFO: [ view_filter ] --END-- [ RunTime:0.008452s ]
INFO: [ app_end ] --START--
INFO: Run Behavior\ShowPageTrace [ RunTime:0.009539s ]
INFO: [ app_end ] --END-- [ RunTime:0.010404s ]

[ 2014-08-02T11:17:59+08:00 ] 127.0.0.1 /ff/Admin/Question/index/p/2.html
INFO: [ app_begin ] --START--
INFO: Run Behavior\ReadHtmlCache [ RunTime:0.008777s ]
INFO: [ app_begin ] --END-- [ RunTime:0.014315s ]
SQL: SHOW COLUMNS FROM `questions` [ RunTime:0.029923s ]
SQL: SELECT * FROM `questions` ORDER BY updated_at desc LIMIT 20,20   [ RunTime:0.128438s ]
SQL: SELECT COUNT(*) AS tp_count FROM `questions` LIMIT 1   [ RunTime:0.060318s ]
INFO: [ view_parse ] --START--
INFO: [ template_filter ] --START--
INFO: Run Behavior\ContentReplace [ RunTime:0.000398s ]
INFO: [ template_filter ] --END-- [ RunTime:0.001133s ]
INFO: Run Behavior\ParseTemplate [ RunTime:0.090872s ]
INFO: [ view_parse ] --END-- [ RunTime:0.091856s ]
INFO: [ view_filter ] --START--
INFO: Run Behavior\WriteHtmlCache [ RunTime:0.007731s ]
INFO: [ view_filter ] --END-- [ RunTime:0.008467s ]
INFO: [ app_end ] --START--
INFO: Run Behavior\ShowPageTrace [ RunTime:0.008442s ]
INFO: [ app_end ] --END-- [ RunTime:0.009180s ]

[ 2014-08-02T11:18:12+08:00 ] 127.0.0.1 /ff/Admin/Question/index/p/2.html
INFO: [ app_begin ] --START--
INFO: Run Behavior\ReadHtmlCache [ RunTime:0.008455s ]
INFO: [ app_begin ] --END-- [ RunTime:0.012346s ]
SQL: SHOW COLUMNS FROM `questions` [ RunTime:0.018285s ]
SQL: SELECT * FROM `questions` ORDER BY updated_at desc LIMIT 20,20   [ RunTime:0.124620s ]
SQL: SELECT COUNT(*) AS tp_count FROM `questions` LIMIT 1   [ RunTime:0.059738s ]

[ 2014-08-02T11:18:20+08:00 ] 127.0.0.1 /ff/Admin/Question/index/p/2.html
INFO: [ app_begin ] --START--
INFO: Run Behavior\ReadHtmlCache [ RunTime:0.009111s ]
INFO: [ app_begin ] --END-- [ RunTime:0.013046s ]
SQL: SHOW COLUMNS FROM `questions` [ RunTime:0.018958s ]
SQL: SELECT * FROM `questions` ORDER BY updated_at desc LIMIT 20,20   [ RunTime:0.124913s ]
SQL: SELECT COUNT(*) AS tp_count FROM `questions` LIMIT 1   [ RunTime:0.061995s ]
INFO: [ view_parse ] --START--
INFO: [ template_filter ] --START--
INFO: Run Behavior\ContentReplace [ RunTime:0.000415s ]
INFO: [ template_filter ] --END-- [ RunTime:0.001187s ]
INFO: Run Behavior\ParseTemplate [ RunTime:0.084509s ]
INFO: [ view_parse ] --END-- [ RunTime:0.085385s ]
INFO: [ view_filter ] --START--
INFO: Run Behavior\WriteHtmlCache [ RunTime:0.008031s ]
INFO: [ view_filter ] --END-- [ RunTime:0.008853s ]
INFO: [ app_end ] --START--
INFO: Run Behavior\ShowPageTrace [ RunTime:0.011209s ]
INFO: [ app_end ] --END-- [ RunTime:0.012017s ]

[ 2014-08-02T11:18:36+08:00 ] 127.0.0.1 /ff/Admin/Question/index/p/2.html
INFO: [ app_begin ] --START--
INFO: Run Behavior\ReadHtmlCache [ RunTime:0.008601s ]
INFO: [ app_begin ] --END-- [ RunTime:0.012559s ]
SQL: SHOW COLUMNS FROM `questions` [ RunTime:0.018704s ]
SQL: SELECT * FROM `questions` ORDER BY updated_at desc LIMIT 20,20   [ RunTime:0.125493s ]
SQL: SELECT COUNT(*) AS tp_count FROM `questions` LIMIT 1   [ RunTime:0.062842s ]
INFO: [ view_parse ] --START--
INFO: [ template_filter ] --START--
INFO: Run Behavior\ContentReplace [ RunTime:0.000422s ]
INFO: [ template_filter ] --END-- [ RunTime:0.001159s ]
INFO: Run Behavior\ParseTemplate [ RunTime:0.088594s ]
INFO: [ view_parse ] --END-- [ RunTime:0.089708s ]
INFO: [ view_filter ] --START--
INFO: Run Behavior\WriteHtmlCache [ RunTime:0.009442s ]
INFO: [ view_filter ] --END-- [ RunTime:0.010201s ]
INFO: [ app_end ] --START--
INFO: Run Behavior\ShowPageTrace [ RunTime:0.009073s ]
INFO: [ app_end ] --END-- [ RunTime:0.009911s ]

[ 2014-08-02T11:20:42+08:00 ] 127.0.0.1 /ff/Admin/Question/index/p/2.html
INFO: [ app_begin ] --START--
INFO: Run Behavior\ReadHtmlCache [ RunTime:0.012230s ]
INFO: [ app_begin ] --END-- [ RunTime:0.018447s ]
SQL: SHOW COLUMNS FROM `questions` [ RunTime:0.019042s ]
SQL: SELECT * FROM `questions` ORDER BY updated_at desc LIMIT 20,20   [ RunTime:0.122831s ]
SQL: SELECT COUNT(*) AS tp_count FROM `questions` LIMIT 1   [ RunTime:0.060967s ]
INFO: [ view_parse ] --START--
INFO: [ template_filter ] --START--
INFO: Run Behavior\ContentReplace [ RunTime:0.000416s ]
INFO: [ template_filter ] --END-- [ RunTime:0.001149s ]
INFO: Run Behavior\ParseTemplate [ RunTime:0.083316s ]
INFO: [ view_parse ] --END-- [ RunTime:0.084367s ]
INFO: [ view_filter ] --START--
INFO: Run Behavior\WriteHtmlCache [ RunTime:0.007842s ]
INFO: [ view_filter ] --END-- [ RunTime:0.008575s ]
INFO: [ app_end ] --START--
INFO: Run Behavior\ShowPageTrace [ RunTime:0.009586s ]
INFO: [ app_end ] --END-- [ RunTime:0.010324s ]

[ 2014-08-02T11:21:14+08:00 ] 127.0.0.1 /ff/Admin/Question/index/p/2.html
INFO: [ app_begin ] --START--
INFO: Run Behavior\ReadHtmlCache [ RunTime:0.007840s ]
INFO: [ app_begin ] --END-- [ RunTime:0.014812s ]
SQL: SHOW COLUMNS FROM `questions` [ RunTime:0.027980s ]
SQL: SELECT * FROM `questions` ORDER BY updated_at desc LIMIT 20,20   [ RunTime:0.123043s ]
SQL: SELECT COUNT(*) AS tp_count FROM `questions` LIMIT 1   [ RunTime:0.065723s ]
INFO: [ view_parse ] --START--
INFO: [ template_filter ] --START--
INFO: Run Behavior\ContentReplace [ RunTime:0.000404s ]
INFO: [ template_filter ] --END-- [ RunTime:0.001158s ]
INFO: Run Behavior\ParseTemplate [ RunTime:0.087506s ]
INFO: [ view_parse ] --END-- [ RunTime:0.088346s ]
INFO: [ view_filter ] --START--
INFO: Run Behavior\WriteHtmlCache [ RunTime:0.005139s ]
INFO: [ view_filter ] --END-- [ RunTime:0.005892s ]
INFO: [ app_end ] --START--
INFO: Run Behavior\ShowPageTrace [ RunTime:0.006848s ]
INFO: [ app_end ] --END-- [ RunTime:0.007685s ]

[ 2014-08-02T11:22:34+08:00 ] 127.0.0.1 /ff/Admin/Question/index/p/2.html
INFO: [ app_begin ] --START--
INFO: Run Behavior\ReadHtmlCache [ RunTime:0.020693s ]
INFO: [ app_begin ] --END-- [ RunTime:0.033584s ]
SQL: SHOW COLUMNS FROM `questions` [ RunTime:0.030013s ]
SQL: SELECT * FROM `questions` ORDER BY updated_at desc LIMIT 20,20   [ RunTime:0.125071s ]
SQL: SELECT COUNT(*) AS tp_count FROM `questions` LIMIT 1   [ RunTime:0.065321s ]
INFO: [ view_parse ] --START--
INFO: [ template_filter ] --START--
INFO: Run Behavior\ContentReplace [ RunTime:0.000404s ]
INFO: [ template_filter ] --END-- [ RunTime:0.001185s ]
INFO: Run Behavior\ParseTemplate [ RunTime:0.089332s ]
INFO: [ view_parse ] --END-- [ RunTime:0.090456s ]
INFO: [ view_filter ] --START--
INFO: Run Behavior\WriteHtmlCache [ RunTime:0.006936s ]
INFO: [ view_filter ] --END-- [ RunTime:0.007901s ]
INFO: [ app_end ] --START--
INFO: Run Behavior\ShowPageTrace [ RunTime:0.006289s ]
INFO: [ app_end ] --END-- [ RunTime:0.007045s ]

[ 2014-08-02T11:22:40+08:00 ] 127.0.0.1 /ff/Admin/Question/index/p/2.html
INFO: [ app_begin ] --START--
INFO: Run Behavior\ReadHtmlCache [ RunTime:0.008813s ]
INFO: [ app_begin ] --END-- [ RunTime:0.012803s ]
SQL: SHOW COLUMNS FROM `questions` [ RunTime:0.019174s ]
SQL: SELECT * FROM `questions` ORDER BY updated_at desc LIMIT 20,20   [ RunTime:0.124428s ]
SQL: SELECT COUNT(*) AS tp_count FROM `questions` LIMIT 1   [ RunTime:0.067420s ]
INFO: [ view_parse ] --START--
INFO: [ template_filter ] --START--
INFO: Run Behavior\ContentReplace [ RunTime:0.000403s ]
INFO: [ template_filter ] --END-- [ RunTime:0.001145s ]
INFO: Run Behavior\ParseTemplate [ RunTime:0.093119s ]
INFO: [ view_parse ] --END-- [ RunTime:0.094139s ]
INFO: [ view_filter ] --START--
INFO: Run Behavior\WriteHtmlCache [ RunTime:0.007251s ]
INFO: [ view_filter ] --END-- [ RunTime:0.008130s ]
INFO: [ app_end ] --START--
INFO: Run Behavior\ShowPageTrace [ RunTime:0.008572s ]
INFO: [ app_end ] --END-- [ RunTime:0.009493s ]

[ 2014-08-02T11:22:57+08:00 ] 127.0.0.1 /ff/Admin/Question/index/p/2.html
INFO: [ app_begin ] --START--
INFO: Run Behavior\ReadHtmlCache [ RunTime:0.009071s ]
INFO: [ app_begin ] --END-- [ RunTime:0.013066s ]
SQL: SHOW COLUMNS FROM `questions` [ RunTime:0.028840s ]
SQL: SELECT * FROM `questions` ORDER BY updated_at desc LIMIT 20,20   [ RunTime:0.129283s ]
SQL: SELECT COUNT(*) AS tp_count FROM `questions` LIMIT 1   [ RunTime:0.065240s ]
INFO: [ view_parse ] --START--
INFO: [ template_filter ] --START--
INFO: Run Behavior\ContentReplace [ RunTime:0.000404s ]
INFO: [ template_filter ] --END-- [ RunTime:0.001144s ]
INFO: Run Behavior\ParseTemplate [ RunTime:0.086138s ]
INFO: [ view_parse ] --END-- [ RunTime:0.087259s ]
INFO: [ view_filter ] --START--
INFO: Run Behavior\WriteHtmlCache [ RunTime:0.008379s ]
INFO: [ view_filter ] --END-- [ RunTime:0.009486s ]
INFO: [ app_end ] --START--
INFO: Run Behavior\ShowPageTrace [ RunTime:0.009965s ]
INFO: [ app_end ] --END-- [ RunTime:0.010721s ]

[ 2014-08-02T11:23:04+08:00 ] 127.0.0.1 /ff/Admin/Question/index/p/1995.html
INFO: [ app_begin ] --START--
INFO: Run Behavior\ReadHtmlCache [ RunTime:0.006250s ]
INFO: [ app_begin ] --END-- [ RunTime:0.010489s ]
SQL: SHOW COLUMNS FROM `questions` [ RunTime:0.024920s ]
SQL: SELECT * FROM `questions` ORDER BY updated_at desc LIMIT 39880,20   [ RunTime:1.092872s ]
SQL: SELECT COUNT(*) AS tp_count FROM `questions` LIMIT 1   [ RunTime:0.061440s ]
INFO: [ view_parse ] --START--
INFO: [ template_filter ] --START--
INFO: Run Behavior\ContentReplace [ RunTime:0.000445s ]
INFO: [ template_filter ] --END-- [ RunTime:0.001187s ]
INFO: Run Behavior\ParseTemplate [ RunTime:0.086321s ]
INFO: [ view_parse ] --END-- [ RunTime:0.087141s ]
INFO: [ view_filter ] --START--
INFO: Run Behavior\WriteHtmlCache [ RunTime:0.005674s ]
INFO: [ view_filter ] --END-- [ RunTime:0.006453s ]
INFO: [ app_end ] --START--
INFO: Run Behavior\ShowPageTrace [ RunTime:0.008489s ]
INFO: [ app_end ] --END-- [ RunTime:0.009324s ]

[ 2014-08-02T11:24:18+08:00 ] 127.0.0.1 /ff/Admin/Question/index/p/1995.html
INFO: [ app_begin ] --START--
INFO: Run Behavior\ReadHtmlCache [ RunTime:0.010210s ]
INFO: [ app_begin ] --END-- [ RunTime:0.015215s ]
SQL: SHOW COLUMNS FROM `questions` [ RunTime:0.026718s ]
SQL: SELECT * FROM `questions` ORDER BY updated_at desc LIMIT 39880,20   [ RunTime:0.978535s ]
SQL: SELECT COUNT(*) AS tp_count FROM `questions` LIMIT 1   [ RunTime:0.060049s ]
INFO: [ view_parse ] --START--
INFO: [ template_filter ] --START--
INFO: Run Behavior\ContentReplace [ RunTime:0.000419s ]
INFO: [ template_filter ] --END-- [ RunTime:0.001155s ]
INFO: Run Behavior\ParseTemplate [ RunTime:0.085911s ]
INFO: [ view_parse ] --END-- [ RunTime:0.086777s ]
INFO: [ view_filter ] --START--
INFO: Run Behavior\WriteHtmlCache [ RunTime:0.005449s ]
INFO: [ view_filter ] --END-- [ RunTime:0.006166s ]
INFO: [ app_end ] --START--
INFO: Run Behavior\ShowPageTrace [ RunTime:0.006690s ]
INFO: [ app_end ] --END-- [ RunTime:0.007441s ]

[ 2014-08-02T11:24:22+08:00 ] 127.0.0.1 /ff/Admin/Question/index/p/1.html
INFO: [ app_begin ] --START--
INFO: Run Behavior\ReadHtmlCache [ RunTime:0.011197s ]
INFO: [ app_begin ] --END-- [ RunTime:0.018235s ]
SQL: SHOW COLUMNS FROM `questions` [ RunTime:0.026301s ]
SQL: SELECT * FROM `questions` ORDER BY updated_at desc LIMIT 0,20   [ RunTime:0.119748s ]
SQL: SELECT COUNT(*) AS tp_count FROM `questions` LIMIT 1   [ RunTime:0.062719s ]
INFO: [ view_parse ] --START--
INFO: [ template_filter ] --START--
INFO: Run Behavior\ContentReplace [ RunTime:0.000510s ]
INFO: [ template_filter ] --END-- [ RunTime:0.001625s ]
INFO: Run Behavior\ParseTemplate [ RunTime:0.095693s ]
INFO: [ view_parse ] --END-- [ RunTime:0.096520s ]
INFO: [ view_filter ] --START--
INFO: Run Behavior\WriteHtmlCache [ RunTime:0.007034s ]
INFO: [ view_filter ] --END-- [ RunTime:0.007938s ]
INFO: [ app_end ] --START--
INFO: Run Behavior\ShowPageTrace [ RunTime:0.008548s ]
INFO: [ app_end ] --END-- [ RunTime:0.009410s ]

[ 2014-08-02T11:26:46+08:00 ] 127.0.0.1 /ff/Admin/Question/index/p/2.html
INFO: [ app_begin ] --START--
INFO: Run Behavior\ReadHtmlCache [ RunTime:0.014121s ]
INFO: [ app_begin ] --END-- [ RunTime:0.020419s ]
SQL: SHOW COLUMNS FROM `questions` [ RunTime:0.033979s ]
SQL: SELECT * FROM `questions` ORDER BY updated_at desc LIMIT 20,20   [ RunTime:0.122804s ]
SQL: SELECT COUNT(*) AS tp_count FROM `questions` LIMIT 1   [ RunTime:0.061501s ]
INFO: [ view_parse ] --START--
INFO: [ template_filter ] --START--
INFO: Run Behavior\ContentReplace [ RunTime:0.000464s ]
INFO: [ template_filter ] --END-- [ RunTime:0.001310s ]
INFO: Run Behavior\ParseTemplate [ RunTime:0.085608s ]
INFO: [ view_parse ] --END-- [ RunTime:0.086621s ]
INFO: [ view_filter ] --START--
INFO: Run Behavior\WriteHtmlCache [ RunTime:0.008002s ]
INFO: [ view_filter ] --END-- [ RunTime:0.008855s ]
INFO: [ app_end ] --START--
INFO: Run Behavior\ShowPageTrace [ RunTime:0.009071s ]
INFO: [ app_end ] --END-- [ RunTime:0.010127s ]

[ 2014-08-02T11:28:04+08:00 ] 127.0.0.1 /ff/Admin/Question/index/p/2.html
INFO: [ app_begin ] --START--
INFO: Run Behavior\ReadHtmlCache [ RunTime:0.024761s ]
INFO: [ app_begin ] --END-- [ RunTime:0.032117s ]
SQL: SHOW COLUMNS FROM `questions` [ RunTime:0.025154s ]
SQL: SELECT * FROM `questions` ORDER BY updated_at desc LIMIT 20,20   [ RunTime:0.126934s ]
SQL: SELECT COUNT(*) AS tp_count FROM `questions` LIMIT 1   [ RunTime:0.060922s ]
INFO: [ view_parse ] --START--
INFO: [ template_filter ] --START--
INFO: Run Behavior\ContentReplace [ RunTime:0.000416s ]
INFO: [ template_filter ] --END-- [ RunTime:0.001132s ]
INFO: Run Behavior\ParseTemplate [ RunTime:0.089077s ]
INFO: [ view_parse ] --END-- [ RunTime:0.089925s ]
INFO: [ view_filter ] --START--
INFO: Run Behavior\WriteHtmlCache [ RunTime:0.007957s ]
INFO: [ view_filter ] --END-- [ RunTime:0.008739s ]
INFO: [ app_end ] --START--
INFO: Run Behavior\ShowPageTrace [ RunTime:0.008323s ]
INFO: [ app_end ] --END-- [ RunTime:0.009096s ]

[ 2014-08-02T11:28:25+08:00 ] 127.0.0.1 /ff/Admin/Question/index/p/2.html
INFO: [ app_begin ] --START--
INFO: Run Behavior\ReadHtmlCache [ RunTime:0.012495s ]
INFO: [ app_begin ] --END-- [ RunTime:0.016762s ]
SQL: SHOW COLUMNS FROM `questions` [ RunTime:0.020075s ]
SQL: SELECT * FROM `questions` ORDER BY updated_at desc LIMIT 20,20   [ RunTime:0.129142s ]
SQL: SELECT COUNT(*) AS tp_count FROM `questions` LIMIT 1   [ RunTime:0.062676s ]
INFO: [ view_parse ] --START--
INFO: [ template_filter ] --START--
INFO: Run Behavior\ContentReplace [ RunTime:0.000404s ]
INFO: [ template_filter ] --END-- [ RunTime:0.001163s ]
INFO: Run Behavior\ParseTemplate [ RunTime:0.082511s ]
INFO: [ view_parse ] --END-- [ RunTime:0.083358s ]
INFO: [ view_filter ] --START--
INFO: Run Behavior\WriteHtmlCache [ RunTime:0.009142s ]
INFO: [ view_filter ] --END-- [ RunTime:0.009866s ]
INFO: [ app_end ] --START--
INFO: Run Behavior\ShowPageTrace [ RunTime:0.008744s ]
INFO: [ app_end ] --END-- [ RunTime:0.009494s ]

[ 2014-08-02T11:29:12+08:00 ] 127.0.0.1 /ff/Admin/Question/index/p/2.html
INFO: [ app_begin ] --START--
INFO: Run Behavior\ReadHtmlCache [ RunTime:0.015185s ]
INFO: [ app_begin ] --END-- [ RunTime:0.024972s ]
SQL: SHOW COLUMNS FROM `questions` [ RunTime:0.026349s ]
SQL: SELECT * FROM `questions` ORDER BY updated_at desc LIMIT 20,20   [ RunTime:0.123275s ]
SQL: SELECT COUNT(*) AS tp_count FROM `questions` LIMIT 1   [ RunTime:0.063458s ]
INFO: [ view_parse ] --START--
INFO: [ template_filter ] --START--
INFO: Run Behavior\ContentReplace [ RunTime:0.000724s ]
INFO: [ template_filter ] --END-- [ RunTime:0.002148s ]
INFO: Run Behavior\ParseTemplate [ RunTime:0.088974s ]
INFO: [ view_parse ] --END-- [ RunTime:0.089791s ]
INFO: [ view_filter ] --START--
INFO: Run Behavior\WriteHtmlCache [ RunTime:0.005565s ]
INFO: [ view_filter ] --END-- [ RunTime:0.006394s ]
INFO: [ app_end ] --START--
INFO: Run Behavior\ShowPageTrace [ RunTime:0.007632s ]
INFO: [ app_end ] --END-- [ RunTime:0.008637s ]

[ 2014-08-02T11:29:18+08:00 ] 127.0.0.1 /ff/Admin/Question/index/p/2.html
INFO: [ app_begin ] --START--
INFO: Run Behavior\ReadHtmlCache [ RunTime:0.008798s ]
INFO: [ app_begin ] --END-- [ RunTime:0.012543s ]
SQL: SHOW COLUMNS FROM `questions` [ RunTime:0.025787s ]
SQL: SELECT * FROM `questions` ORDER BY updated_at desc LIMIT 20,20   [ RunTime:0.125093s ]
SQL: SELECT COUNT(*) AS tp_count FROM `questions` LIMIT 1   [ RunTime:0.059645s ]
INFO: [ view_parse ] --START--
INFO: [ template_filter ] --START--
INFO: Run Behavior\ContentReplace [ RunTime:0.000823s ]
INFO: [ template_filter ] --END-- [ RunTime:0.001917s ]
INFO: Run Behavior\ParseTemplate [ RunTime:0.089538s ]
INFO: [ view_parse ] --END-- [ RunTime:0.090397s ]
INFO: [ view_filter ] --START--
INFO: Run Behavior\WriteHtmlCache [ RunTime:0.007740s ]
INFO: [ view_filter ] --END-- [ RunTime:0.008602s ]
INFO: [ app_end ] --START--
INFO: Run Behavior\ShowPageTrace [ RunTime:0.008897s ]
INFO: [ app_end ] --END-- [ RunTime:0.009703s ]

[ 2014-08-02T11:29:36+08:00 ] 127.0.0.1 /ff/Admin/Question/index/p/2.html
INFO: [ app_begin ] --START--
INFO: Run Behavior\ReadHtmlCache [ RunTime:0.031114s ]
INFO: [ app_begin ] --END-- [ RunTime:0.038979s ]
SQL: SHOW COLUMNS FROM `questions` [ RunTime:0.018407s ]
SQL: SELECT * FROM `questions` ORDER BY updated_at desc LIMIT 20,20   [ RunTime:0.127250s ]
SQL: SELECT COUNT(*) AS tp_count FROM `questions` LIMIT 1   [ RunTime:0.061575s ]
INFO: [ view_parse ] --START--
INFO: [ template_filter ] --START--
INFO: Run Behavior\ContentReplace [ RunTime:0.000398s ]
INFO: [ template_filter ] --END-- [ RunTime:0.001135s ]
INFO: Run Behavior\ParseTemplate [ RunTime:0.088742s ]
INFO: [ view_parse ] --END-- [ RunTime:0.089945s ]
INFO: [ view_filter ] --START--
INFO: Run Behavior\WriteHtmlCache [ RunTime:0.010441s ]
INFO: [ view_filter ] --END-- [ RunTime:0.011331s ]
INFO: [ app_end ] --START--
INFO: Run Behavior\ShowPageTrace [ RunTime:0.008696s ]
INFO: [ app_end ] --END-- [ RunTime:0.009503s ]

[ 2014-08-02T11:29:49+08:00 ] 127.0.0.1 /ff/Admin/Question/index/p/2.html
INFO: [ app_begin ] --START--
INFO: Run Behavior\ReadHtmlCache [ RunTime:0.010365s ]
INFO: [ app_begin ] --END-- [ RunTime:0.015222s ]
SQL: SHOW COLUMNS FROM `questions` [ RunTime:0.017621s ]
SQL: SELECT * FROM `questions` ORDER BY updated_at desc LIMIT 20,20   [ RunTime:0.130901s ]
SQL: SELECT COUNT(*) AS tp_count FROM `questions` LIMIT 1   [ RunTime:0.062982s ]
INFO: [ view_parse ] --START--
INFO: [ template_filter ] --START--
INFO: Run Behavior\ContentReplace [ RunTime:0.000455s ]
INFO: [ template_filter ] --END-- [ RunTime:0.001199s ]
INFO: Run Behavior\ParseTemplate [ RunTime:0.089626s ]
INFO: [ view_parse ] --END-- [ RunTime:0.090452s ]
INFO: [ view_filter ] --START--
INFO: Run Behavior\WriteHtmlCache [ RunTime:0.009090s ]
INFO: [ view_filter ] --END-- [ RunTime:0.009826s ]
INFO: [ app_end ] --START--
INFO: Run Behavior\ShowPageTrace [ RunTime:0.011570s ]
INFO: [ app_end ] --END-- [ RunTime:0.013009s ]

[ 2014-08-02T11:29:56+08:00 ] 127.0.0.1 /ff/Admin/Question/index/p/2.html
INFO: [ app_begin ] --START--
INFO: Run Behavior\ReadHtmlCache [ RunTime:0.009110s ]
INFO: [ app_begin ] --END-- [ RunTime:0.013505s ]
SQL: SHOW COLUMNS FROM `questions` [ RunTime:0.023523s ]
SQL: SELECT * FROM `questions` ORDER BY updated_at desc LIMIT 20,20   [ RunTime:0.124528s ]
SQL: SELECT COUNT(*) AS tp_count FROM `questions` LIMIT 1   [ RunTime:0.060696s ]
INFO: [ view_parse ] --START--
INFO: [ template_filter ] --START--
INFO: Run Behavior\ContentReplace [ RunTime:0.000745s ]
INFO: [ template_filter ] --END-- [ RunTime:0.001830s ]
INFO: Run Behavior\ParseTemplate [ RunTime:0.084163s ]
INFO: [ view_parse ] --END-- [ RunTime:0.085033s ]
INFO: [ view_filter ] --START--
INFO: Run Behavior\WriteHtmlCache [ RunTime:0.007342s ]
INFO: [ view_filter ] --END-- [ RunTime:0.008140s ]
INFO: [ app_end ] --START--
INFO: Run Behavior\ShowPageTrace [ RunTime:0.010145s ]
INFO: [ app_end ] --END-- [ RunTime:0.010909s ]

[ 2014-08-02T11:30:30+08:00 ] 127.0.0.1 /ff/Admin/Question/index/p/2.html
INFO: [ app_begin ] --START--
INFO: Run Behavior\ReadHtmlCache [ RunTime:0.007687s ]
INFO: [ app_begin ] --END-- [ RunTime:0.015933s ]
SQL: SHOW COLUMNS FROM `questions` [ RunTime:0.020162s ]
SQL: SELECT * FROM `questions` ORDER BY updated_at desc LIMIT 20,20   [ RunTime:0.124821s ]
SQL: SELECT COUNT(*) AS tp_count FROM `questions` LIMIT 1   [ RunTime:0.061451s ]
INFO: [ view_parse ] --START--
INFO: [ template_filter ] --START--
INFO: Run Behavior\ContentReplace [ RunTime:0.000697s ]
INFO: [ template_filter ] --END-- [ RunTime:0.001861s ]
INFO: Run Behavior\ParseTemplate [ RunTime:0.092692s ]
INFO: [ view_parse ] --END-- [ RunTime:0.093516s ]
INFO: [ view_filter ] --START--
INFO: Run Behavior\WriteHtmlCache [ RunTime:0.005179s ]
INFO: [ view_filter ] --END-- [ RunTime:0.005919s ]
INFO: [ app_end ] --START--
INFO: Run Behavior\ShowPageTrace [ RunTime:0.008696s ]
INFO: [ app_end ] --END-- [ RunTime:0.009803s ]

[ 2014-08-02T11:31:28+08:00 ] 127.0.0.1 /ff/Admin/Question/index/p/2.html
INFO: [ app_begin ] --START--
INFO: Run Behavior\ReadHtmlCache [ RunTime:0.017259s ]
INFO: [ app_begin ] --END-- [ RunTime:0.021148s ]
SQL: SHOW COLUMNS FROM `questions` [ RunTime:0.018511s ]
SQL: SELECT * FROM `questions` ORDER BY updated_at desc LIMIT 20,20   [ RunTime:0.133919s ]
SQL: SELECT COUNT(*) AS tp_count FROM `questions` LIMIT 1   [ RunTime:0.063230s ]
INFO: [ view_parse ] --START--
INFO: [ template_filter ] --START--
INFO: Run Behavior\ContentReplace [ RunTime:0.000430s ]
INFO: [ template_filter ] --END-- [ RunTime:0.001446s ]
INFO: Run Behavior\ParseTemplate [ RunTime:0.088033s ]
INFO: [ view_parse ] --END-- [ RunTime:0.088875s ]
INFO: [ view_filter ] --START--
INFO: Run Behavior\WriteHtmlCache [ RunTime:0.007865s ]
INFO: [ view_filter ] --END-- [ RunTime:0.008571s ]
INFO: [ app_end ] --START--
INFO: Run Behavior\ShowPageTrace [ RunTime:0.009441s ]
INFO: [ app_end ] --END-- [ RunTime:0.010218s ]

[ 2014-08-02T11:33:17+08:00 ] 127.0.0.1 /ff/Admin/Question/index/p/2.html
INFO: [ app_begin ] --START--
INFO: Run Behavior\ReadHtmlCache [ RunTime:0.019655s ]
INFO: [ app_begin ] --END-- [ RunTime:0.026923s ]
SQL: SHOW COLUMNS FROM `questions` [ RunTime:0.022367s ]
SQL: SELECT * FROM `questions` ORDER BY updated_at desc LIMIT 20,20   [ RunTime:0.144501s ]
SQL: SELECT COUNT(*) AS tp_count FROM `questions` LIMIT 1   [ RunTime:0.070560s ]
INFO: [ view_parse ] --START--
INFO: [ template_filter ] --START--
INFO: Run Behavior\ContentReplace [ RunTime:0.000413s ]
INFO: [ template_filter ] --END-- [ RunTime:0.001183s ]
INFO: Run Behavior\ParseTemplate [ RunTime:0.098944s ]
INFO: [ view_parse ] --END-- [ RunTime:0.099753s ]
INFO: [ view_filter ] --START--
INFO: Run Behavior\WriteHtmlCache [ RunTime:0.011720s ]
INFO: [ view_filter ] --END-- [ RunTime:0.012632s ]
INFO: [ app_end ] --START--
INFO: Run Behavior\ShowPageTrace [ RunTime:0.008623s ]
INFO: [ app_end ] --END-- [ RunTime:0.009446s ]

[ 2014-08-02T11:34:52+08:00 ] 127.0.0.1 /ff/Admin/Question/index/p/2.html
INFO: [ app_begin ] --START--
INFO: Run Behavior\ReadHtmlCache [ RunTime:0.012601s ]
INFO: [ app_begin ] --END-- [ RunTime:0.018227s ]
SQL: SHOW COLUMNS FROM `questions` [ RunTime:0.024162s ]
SQL: SELECT * FROM `questions` ORDER BY updated_at desc LIMIT 20,20   [ RunTime:0.135723s ]
SQL: SELECT COUNT(*) AS tp_count FROM `questions` LIMIT 1   [ RunTime:0.067428s ]
INFO: [ view_parse ] --START--
INFO: [ template_filter ] --START--
INFO: Run Behavior\ContentReplace [ RunTime:0.000420s ]
INFO: [ template_filter ] --END-- [ RunTime:0.001158s ]
INFO: Run Behavior\ParseTemplate [ RunTime:0.092914s ]
INFO: [ view_parse ] --END-- [ RunTime:0.093880s ]
INFO: [ view_filter ] --START--
INFO: Run Behavior\WriteHtmlCache [ RunTime:0.008496s ]
INFO: [ view_filter ] --END-- [ RunTime:0.009463s ]
INFO: [ app_end ] --START--
INFO: Run Behavior\ShowPageTrace [ RunTime:0.012688s ]
INFO: [ app_end ] --END-- [ RunTime:0.013521s ]

[ 2014-08-02T11:35:09+08:00 ] 127.0.0.1 /ff/Admin/Question/index/p/2.html
INFO: [ app_begin ] --START--
INFO: Run Behavior\ReadHtmlCache [ RunTime:0.011481s ]
INFO: [ app_begin ] --END-- [ RunTime:0.020022s ]
SQL: SHOW COLUMNS FROM `questions` [ RunTime:0.019722s ]
SQL: SELECT * FROM `questions` ORDER BY updated_at desc LIMIT 20,20   [ RunTime:0.137407s ]
SQL: SELECT COUNT(*) AS tp_count FROM `questions` LIMIT 1   [ RunTime:0.065222s ]
INFO: [ view_parse ] --START--
INFO: [ template_filter ] --START--
INFO: Run Behavior\ContentReplace [ RunTime:0.000408s ]
INFO: [ template_filter ] --END-- [ RunTime:0.001189s ]
INFO: Run Behavior\ParseTemplate [ RunTime:0.099406s ]
INFO: [ view_parse ] --END-- [ RunTime:0.100561s ]
INFO: [ view_filter ] --START--
INFO: Run Behavior\WriteHtmlCache [ RunTime:0.008509s ]
INFO: [ view_filter ] --END-- [ RunTime:0.009359s ]
INFO: [ app_end ] --START--
INFO: Run Behavior\ShowPageTrace [ RunTime:0.010303s ]
INFO: [ app_end ] --END-- [ RunTime:0.011163s ]

[ 2014-08-02T11:36:11+08:00 ] 127.0.0.1 /ff/Admin/Question/index/p/2.html
INFO: [ app_begin ] --START--
INFO: Run Behavior\ReadHtmlCache [ RunTime:0.018137s ]
INFO: [ app_begin ] --END-- [ RunTime:0.023284s ]
SQL: SHOW COLUMNS FROM `questions` [ RunTime:0.025614s ]
SQL: SELECT * FROM `questions` ORDER BY updated_at desc LIMIT 20,20   [ RunTime:0.147084s ]
SQL: SELECT COUNT(*) AS tp_count FROM `questions` LIMIT 1   [ RunTime:0.072577s ]
INFO: [ view_parse ] --START--
INFO: [ template_filter ] --START--
INFO: Run Behavior\ContentReplace [ RunTime:0.000486s ]
INFO: [ template_filter ] --END-- [ RunTime:0.001359s ]
INFO: Run Behavior\ParseTemplate [ RunTime:0.110391s ]
INFO: [ view_parse ] --END-- [ RunTime:0.111250s ]
INFO: [ view_filter ] --START--
INFO: Run Behavior\WriteHtmlCache [ RunTime:0.007270s ]
INFO: [ view_filter ] --END-- [ RunTime:0.008484s ]
INFO: [ app_end ] --START--
INFO: Run Behavior\ShowPageTrace [ RunTime:0.012499s ]
INFO: [ app_end ] --END-- [ RunTime:0.013545s ]

